number of photons = 10000.000000
bin size = 0.01000 [cm] 
last row is overflow. Ignore.
r [cm] 	 Fsph [1/cm2] 	 Fcyl [1/cm2] 	 Fpla [1/cm2] 	 Fobl [1/cm2]
0.00500 	 3.351e+03 	 6.094e+01 	 1.861e+01 	 9.765e+05 
0.01500 	 4.064e+02 	 2.569e+01 	 1.707e+01 	 5.934e+02 
0.02500 	 1.585e+02 	 1.821e+01 	 1.644e+01 	 2.564e+02 
0.03500 	 9.105e+01 	 1.504e+01 	 1.605e+01 	 1.550e+02 
0.04500 	 6.027e+01 	 1.317e+01 	 1.572e+01 	 1.048e+02 
0.05500 	 4.532e+01 	 1.177e+01 	 1.538e+01 	 7.710e+01 
0.06500 	 3.581e+01 	 1.093e+01 	 1.508e+01 	 5.969e+01 
0.07500 	 2.903e+01 	 9.964e+00 	 1.474e+01 	 4.800e+01 
0.08500 	 2.497e+01 	 9.318e+00 	 1.449e+01 	 3.980e+01 
0.09500 	 2.118e+01 	 8.743e+00 	 1.434e+01 	 3.311e+01 
0.10500 	 1.856e+01 	 8.262e+00 	 1.412e+01 	 2.822e+01 
0.11500 	 1.643e+01 	 7.886e+00 	 1.388e+01 	 2.428e+01 
0.12500 	 1.451e+01 	 7.610e+00 	 1.368e+01 	 2.105e+01 
0.13500 	 1.335e+01 	 7.234e+00 	 1.349e+01 	 1.879e+01 
0.14500 	 1.191e+01 	 6.941e+00 	 1.318e+01 	 1.686e+01 
0.15500 	 1.093e+01 	 6.652e+00 	 1.290e+01 	 1.493e+01 
0.16500 	 1.029e+01 	 6.463e+00 	 1.274e+01 	 1.317e+01 
0.17500 	 9.488e+00 	 6.243e+00 	 1.257e+01 	 1.201e+01 
0.18500 	 8.958e+00 	 5.994e+00 	 1.238e+01 	 1.092e+01 
0.19500 	 8.391e+00 	 5.818e+00 	 1.219e+01 	 9.993e+00 
0.20500 	 7.803e+00 	 5.636e+00 	 1.199e+01 	 9.058e+00 
0.21500 	 7.275e+00 	 5.405e+00 	 1.181e+01 	 8.313e+00 
0.22500 	 6.861e+00 	 5.239e+00 	 1.147e+01 	 7.607e+00 
0.23500 	 6.435e+00 	 5.038e+00 	 1.129e+01 	 7.001e+00 
0.24500 	 6.028e+00 	 4.866e+00 	 1.112e+01 	 6.424e+00 
0.25500 	 5.708e+00 	 4.746e+00 	 1.096e+01 	 6.012e+00 
0.26500 	 5.438e+00 	 4.606e+00 	 1.073e+01 	 5.632e+00 
0.27500 	 5.136e+00 	 4.478e+00 	 1.065e+01 	 5.191e+00 
0.28500 	 4.883e+00 	 4.335e+00 	 1.040e+01 	 4.891e+00 
0.29500 	 4.663e+00 	 4.215e+00 	 1.016e+01 	 4.512e+00 
0.30500 	 4.518e+00 	 4.109e+00 	 1.007e+01 	 4.204e+00 
0.31500 	 4.260e+00 	 3.901e+00 	 9.925e+00 	 3.985e+00 
0.32500 	 4.036e+00 	 3.864e+00 	 9.663e+00 	 3.723e+00 
0.33500 	 3.826e+00 	 3.729e+00 	 9.561e+00 	 3.475e+00 
0.34500 	 3.671e+00 	 3.629e+00 	 9.321e+00 	 3.226e+00 
0.35500 	 3.499e+00 	 3.490e+00 	 9.295e+00 	 3.067e+00 
0.36500 	 3.313e+00 	 3.419e+00 	 9.090e+00 	 2.877e+00 
0.37500 	 3.167e+00 	 3.280e+00 	 8.923e+00 	 2.725e+00 
0.38500 	 3.027e+00 	 3.208e+00 	 8.819e+00 	 2.533e+00 
0.39500 	 2.956e+00 	 3.130e+00 	 8.673e+00 	 2.412e+00 
0.40500 	 2.812e+00 	 3.032e+00 	 8.509e+00 	 2.283e+00 
0.41500 	 2.690e+00 	 2.967e+00 	 8.345e+00 	 2.166e+00 
0.42500 	 2.569e+00 	 2.893e+00 	 8.145e+00 	 2.042e+00 
0.43500 	 2.489e+00 	 2.816e+00 	 8.018e+00 	 1.908e+00 
0.44500 	 2.391e+00 	 2.722e+00 	 7.897e+00 	 1.828e+00 
0.45500 	 2.295e+00 	 2.692e+00 	 7.733e+00 	 1.715e+00 
0.46500 	 2.214e+00 	 2.608e+00 	 7.633e+00 	 1.642e+00 
0.47500 	 2.119e+00 	 2.530e+00 	 7.470e+00 	 1.558e+00 
0.48500 	 2.040e+00 	 2.467e+00 	 7.368e+00 	 1.489e+00 
0.49500 	 1.977e+00 	 2.434e+00 	 7.297e+00 	 1.410e+00 
0.50500 	 1.886e+00 	 2.342e+00 	 7.065e+00 	 1.340e+00 
0.51500 	 1.847e+00 	 2.289e+00 	 6.982e+00 	 1.274e+00 
0.52500 	 1.760e+00 	 2.230e+00 	 6.884e+00 	 1.208e+00 
0.53500 	 1.696e+00 	 2.174e+00 	 6.716e+00 	 1.143e+00 
0.54500 	 1.630e+00 	 2.096e+00 	 6.639e+00 	 1.087e+00 
0.55500 	 1.588e+00 	 2.059e+00 	 6.442e+00 	 1.061e+00 
0.56500 	 1.529e+00 	 2.031e+00 	 6.347e+00 	 1.007e+00 
0.57500 	 1.478e+00 	 1.990e+00 	 6.255e+00 	 9.614e-01 
0.58500 	 1.436e+00 	 1.932e+00 	 6.183e+00 	 9.063e-01 
0.59500 	 1.381e+00 	 1.893e+00 	 6.039e+00 	 8.687e-01 
0.60500 	 1.314e+00 	 1.857e+00 	 5.919e+00 	 8.412e-01 
0.61500 	 1.291e+00 	 1.802e+00 	 5.880e+00 	 7.956e-01 
0.62500 	 1.244e+00 	 1.757e+00 	 5.778e+00 	 7.659e-01 
0.63500 	 1.211e+00 	 1.736e+00 	 5.685e+00 	 7.461e-01 
0.64500 	 1.182e+00 	 1.683e+00 	 5.619e+00 	 7.104e-01 
0.65500 	 1.127e+00 	 1.650e+00 	 5.520e+00 	 6.842e-01 
0.66500 	 1.099e+00 	 1.617e+00 	 5.436e+00 	 6.643e-01 
0.67500 	 1.059e+00 	 1.578e+00 	 5.323e+00 	 6.338e-01 
0.68500 	 1.039e+00 	 1.525e+00 	 5.277e+00 	 6.000e-01 
0.69500 	 1.002e+00 	 1.469e+00 	 5.165e+00 	 5.801e-01 
0.70500 	 9.785e-01 	 1.461e+00 	 5.046e+00 	 5.585e-01 
0.71500 	 9.487e-01 	 1.418e+00 	 4.969e+00 	 5.337e-01 
0.72500 	 9.210e-01 	 1.391e+00 	 4.920e+00 	 5.085e-01 
0.73500 	 8.807e-01 	 1.355e+00 	 4.795e+00 	 4.893e-01 
0.74500 	 8.628e-01 	 1.317e+00 	 4.701e+00 	 4.650e-01 
0.75500 	 8.370e-01 	 1.279e+00 	 4.638e+00 	 4.495e-01 
0.76500 	 8.076e-01 	 1.247e+00 	 4.513e+00 	 4.370e-01 
0.77500 	 7.819e-01 	 1.219e+00 	 4.467e+00 	 4.133e-01 
0.78500 	 7.501e-01 	 1.200e+00 	 4.380e+00 	 3.991e-01 
0.79500 	 7.392e-01 	 1.165e+00 	 4.367e+00 	 3.914e-01 
0.80500 	 7.163e-01 	 1.135e+00 	 4.262e+00 	 3.712e-01 
0.81500 	 6.989e-01 	 1.126e+00 	 4.202e+00 	 3.541e-01 
0.82500 	 6.717e-01 	 1.086e+00 	 4.142e+00 	 3.391e-01 
0.83500 	 6.548e-01 	 1.081e+00 	 4.079e+00 	 3.300e-01 
0.84500 	 6.265e-01 	 1.050e+00 	 3.977e+00 	 3.180e-01 
0.85500 	 6.162e-01 	 1.020e+00 	 3.927e+00 	 3.095e-01 
0.86500 	 6.025e-01 	 9.971e-01 	 3.894e+00 	 2.965e-01 
0.87500 	 5.721e-01 	 9.797e-01 	 3.768e+00 	 2.847e-01 
0.88500 	 5.673e-01 	 9.562e-01 	 3.748e+00 	 2.757e-01 
0.89500 	 5.480e-01 	 9.423e-01 	 3.720e+00 	 2.671e-01 
0.90500 	 5.368e-01 	 9.243e-01 	 3.607e+00 	 2.576e-01 
0.91500 	 5.155e-01 	 9.023e-01 	 3.587e+00 	 2.442e-01 
0.92500 	 4.982e-01 	 8.789e-01 	 3.527e+00 	 2.377e-01 
0.93500 	 4.869e-01 	 8.623e-01 	 3.462e+00 	 2.287e-01 
0.94500 	 4.747e-01 	 8.398e-01 	 3.426e+00 	 2.230e-01 
0.95500 	 4.633e-01 	 8.265e-01 	 3.362e+00 	 2.127e-01 
0.96500 	 4.531e-01 	 8.033e-01 	 3.285e+00 	 2.077e-01 
0.97500 	 4.405e-01 	 7.967e-01 	 3.221e+00 	 2.017e-01 
0.98500 	 4.281e-01 	 7.755e-01 	 3.171e+00 	 1.939e-01 
0.99500 	 4.175e-01 	 7.621e-01 	 3.132e+00 	 1.871e-01 
1.00500 	 4.052e-01 	 7.538e-01 	 3.131e+00 	 1.830e-01 
1.01500 	 3.952e-01 	 7.338e-01 	 3.088e+00 	 1.763e-01 
1.02500 	 3.844e-01 	 7.239e-01 	 2.985e+00 	 1.696e-01 
1.03500 	 3.751e-01 	 7.003e-01 	 2.927e+00 	 1.630e-01 
1.04500 	 3.661e-01 	 6.850e-01 	 2.917e+00 	 1.576e-01 
1.05500 	 3.551e-01 	 6.744e-01 	 2.854e+00 	 1.520e-01 
1.06500 	 3.480e-01 	 6.556e-01 	 2.822e+00 	 1.491e-01 
1.07500 	 3.383e-01 	 6.497e-01 	 2.784e+00 	 1.425e-01 
1.08500 	 3.326e-01 	 6.349e-01 	 2.711e+00 	 1.394e-01 
1.09500 	 3.236e-01 	 6.157e-01 	 2.702e+00 	 1.339e-01 
1.10500 	 3.134e-01 	 6.038e-01 	 2.631e+00 	 1.298e-01 
1.11500 	 3.066e-01 	 5.905e-01 	 2.574e+00 	 1.226e-01 
1.12500 	 2.991e-01 	 5.791e-01 	 2.545e+00 	 1.214e-01 
1.13500 	 2.927e-01 	 5.700e-01 	 2.505e+00 	 1.165e-01 
1.14500 	 2.850e-01 	 5.613e-01 	 2.446e+00 	 1.128e-01 
1.15500 	 2.783e-01 	 5.543e-01 	 2.408e+00 	 1.082e-01 
1.16500 	 2.727e-01 	 5.408e-01 	 2.373e+00 	 1.047e-01 
1.17500 	 2.628e-01 	 5.242e-01 	 2.321e+00 	 1.018e-01 
1.18500 	 2.543e-01 	 5.221e-01 	 2.300e+00 	 9.834e-02 
1.19500 	 2.476e-01 	 5.071e-01 	 2.272e+00 	 9.545e-02 
1.20500 	 2.437e-01 	 4.942e-01 	 2.242e+00 	 9.283e-02 
1.21500 	 2.370e-01 	 4.855e-01 	 2.182e+00 	 9.012e-02 
1.22500 	 2.306e-01 	 4.733e-01 	 2.132e+00 	 8.616e-02 
1.23500 	 2.254e-01 	 4.643e-01 	 2.121e+00 	 8.398e-02 
1.24500 	 2.202e-01 	 4.505e-01 	 2.083e+00 	 8.204e-02 
1.25500 	 2.167e-01 	 4.418e-01 	 2.036e+00 	 7.879e-02 
1.26500 	 2.072e-01 	 4.299e-01 	 2.010e+00 	 7.658e-02 
1.27500 	 2.031e-01 	 4.226e-01 	 1.989e+00 	 7.437e-02 
1.28500 	 1.988e-01 	 4.149e-01 	 1.965e+00 	 7.294e-02 
1.29500 	 1.946e-01 	 4.048e-01 	 1.918e+00 	 7.097e-02 
1.30500 	 1.906e-01 	 4.021e-01 	 1.880e+00 	 6.850e-02 
1.31500 	 1.846e-01 	 3.939e-01 	 1.874e+00 	 6.595e-02 
1.32500 	 1.789e-01 	 3.861e-01 	 1.843e+00 	 6.409e-02 
1.33500 	 1.743e-01 	 3.798e-01 	 1.796e+00 	 6.243e-02 
1.34500 	 1.707e-01 	 3.756e-01 	 1.761e+00 	 6.087e-02 
1.35500 	 1.660e-01 	 3.645e-01 	 1.748e+00 	 5.926e-02 
1.36500 	 1.613e-01 	 3.541e-01 	 1.719e+00 	 5.627e-02 
1.37500 	 1.587e-01 	 3.477e-01 	 1.719e+00 	 5.552e-02 
1.38500 	 1.566e-01 	 3.418e-01 	 1.687e+00 	 5.435e-02 
1.39500 	 1.522e-01 	 3.400e-01 	 1.646e+00 	 5.275e-02 
1.40500 	 1.491e-01 	 3.317e-01 	 1.621e+00 	 5.081e-02 
1.41500 	 1.450e-01 	 3.269e-01 	 1.589e+00 	 5.003e-02 
1.42500 	 1.414e-01 	 3.194e-01 	 1.574e+00 	 4.796e-02 
1.43500 	 1.382e-01 	 3.095e-01 	 1.528e+00 	 4.585e-02 
1.44500 	 1.347e-01 	 3.042e-01 	 1.488e+00 	 4.451e-02 
1.45500 	 1.327e-01 	 2.998e-01 	 1.469e+00 	 4.297e-02 
1.46500 	 1.303e-01 	 2.939e-01 	 1.440e+00 	 4.255e-02 
1.47500 	 1.268e-01 	 2.857e-01 	 1.447e+00 	 4.135e-02 
1.48500 	 1.239e-01 	 2.843e-01 	 1.394e+00 	 4.033e-02 
1.49500 	 1.207e-01 	 2.763e-01 	 1.369e+00 	 3.916e-02 
1.50500 	 1.188e-01 	 2.708e-01 	 1.340e+00 	 3.822e-02 
1.51500 	 1.170e-01 	 2.641e-01 	 1.308e+00 	 3.703e-02 
1.52500 	 1.150e-01 	 2.627e-01 	 1.292e+00 	 3.581e-02 
1.53500 	 1.132e-01 	 2.579e-01 	 1.268e+00 	 3.434e-02 
1.54500 	 1.090e-01 	 2.545e-01 	 1.253e+00 	 3.298e-02 
1.55500 	 1.062e-01 	 2.466e-01 	 1.220e+00 	 3.194e-02 
1.56500 	 1.040e-01 	 2.429e-01 	 1.217e+00 	 3.091e-02 
1.57500 	 1.013e-01 	 2.357e-01 	 1.201e+00 	 3.066e-02 
1.58500 	 9.895e-02 	 2.325e-01 	 1.187e+00 	 2.989e-02 
1.59500 	 9.709e-02 	 2.267e-01 	 1.168e+00 	 2.868e-02 
1.60500 	 9.542e-02 	 2.211e-01 	 1.135e+00 	 2.756e-02 
1.61500 	 9.394e-02 	 2.210e-01 	 1.113e+00 	 2.732e-02 
1.62500 	 9.102e-02 	 2.155e-01 	 1.089e+00 	 2.660e-02 
1.63500 	 8.938e-02 	 2.137e-01 	 1.067e+00 	 2.555e-02 
1.64500 	 8.683e-02 	 2.103e-01 	 1.043e+00 	 2.514e-02 
1.65500 	 8.536e-02 	 2.037e-01 	 1.052e+00 	 2.458e-02 
1.66500 	 8.371e-02 	 1.982e-01 	 1.016e+00 	 2.329e-02 
1.67500 	 8.117e-02 	 1.962e-01 	 1.005e+00 	 2.295e-02 
1.68500 	 7.827e-02 	 1.920e-01 	 9.891e-01 	 2.217e-02 
1.69500 	 7.749e-02 	 1.879e-01 	 9.949e-01 	 2.147e-02 
1.70500 	 7.507e-02 	 1.835e-01 	 9.923e-01 	 2.123e-02 
1.71500 	 7.355e-02 	 1.809e-01 	 9.436e-01 	 2.062e-02 
1.72500 	 7.183e-02 	 1.748e-01 	 9.333e-01 	 2.010e-02 
1.73500 	 7.006e-02 	 1.707e-01 	 9.040e-01 	 1.938e-02 
1.74500 	 6.938e-02 	 1.698e-01 	 9.030e-01 	 1.888e-02 
1.75500 	 6.710e-02 	 1.642e-01 	 8.881e-01 	 1.815e-02 
1.76500 	 6.620e-02 	 1.628e-01 	 8.874e-01 	 1.759e-02 
1.77500 	 6.441e-02 	 1.606e-01 	 8.778e-01 	 1.720e-02 
1.78500 	 6.264e-02 	 1.559e-01 	 8.646e-01 	 1.647e-02 
1.79500 	 6.140e-02 	 1.556e-01 	 8.508e-01 	 1.640e-02 
1.80500 	 5.954e-02 	 1.513e-01 	 8.158e-01 	 1.564e-02 
1.81500 	 5.828e-02 	 1.497e-01 	 8.033e-01 	 1.524e-02 
1.82500 	 5.737e-02 	 1.454e-01 	 7.971e-01 	 1.490e-02 
1.83500 	 5.597e-02 	 1.407e-01 	 7.852e-01 	 1.469e-02 
1.84500 	 5.461e-02 	 1.415e-01 	 7.634e-01 	 1.425e-02 
1.85500 	 5.340e-02 	 1.364e-01 	 7.464e-01 	 1.407e-02 
1.86500 	 5.316e-02 	 1.367e-01 	 7.408e-01 	 1.366e-02 
1.87500 	 5.246e-02 	 1.332e-01 	 7.224e-01 	 1.331e-02 
1.88500 	 5.083e-02 	 1.289e-01 	 7.171e-01 	 1.304e-02 
1.89500 	 4.964e-02 	 1.269e-01 	 7.141e-01 	 1.277e-02 
1.90500 	 4.878e-02 	 1.242e-01 	 6.947e-01 	 1.217e-02 
1.91500 	 4.766e-02 	 1.228e-01 	 6.859e-01 	 1.173e-02 
1.92500 	 4.626e-02 	 1.217e-01 	 6.652e-01 	 1.146e-02 
1.93500 	 4.535e-02 	 1.187e-01 	 6.487e-01 	 1.130e-02 
1.94500 	 4.378e-02 	 1.144e-01 	 6.374e-01 	 1.079e-02 
1.95500 	 4.314e-02 	 1.140e-01 	 6.318e-01 	 1.016e-02 
1.96500 	 4.297e-02 	 1.116e-01 	 6.257e-01 	 1.006e-02 
1.97500 	 4.170e-02 	 1.093e-01 	 5.963e-01 	 9.635e-03 
1.98500 	 4.094e-02 	 1.074e-01 	 5.948e-01 	 9.581e-03 
1.99500 	 3.972e-02 	 1.060e-01 	 5.747e-01 	 9.213e-03 
2.00500 	 3.886e-02 	 1.039e-01 	 5.652e-01 	 8.912e-03 
2.01500 	 3.802e-02 	 1.029e-01 	 5.682e-01 	 8.810e-03 
2.02500 	 3.680e-02 	 9.953e-02 	 5.444e-01 	 8.684e-03 
2.03500 	 3.588e-02 	 9.732e-02 	 5.366e-01 	 8.400e-03 
2.04500 	 3.506e-02 	 9.789e-02 	 5.271e-01 	 8.201e-03 
2.05500 	 3.469e-02 	 9.409e-02 	 5.136e-01 	 7.984e-03 
2.06500 	 3.347e-02 	 9.164e-02 	 5.206e-01 	 7.652e-03 
2.07500 	 3.324e-02 	 8.957e-02 	 5.108e-01 	 7.441e-03 
2.08500 	 3.187e-02 	 8.772e-02 	 4.981e-01 	 7.312e-03 
2.09500 	 3.196e-02 	 8.619e-02 	 5.022e-01 	 7.048e-03 
2.10500 	 3.108e-02 	 8.411e-02 	 4.794e-01 	 7.037e-03 
2.11500 	 3.017e-02 	 8.233e-02 	 4.724e-01 	 6.711e-03 
2.12500 	 3.001e-02 	 8.285e-02 	 4.644e-01 	 6.606e-03 
2.13500 	 2.912e-02 	 7.979e-02 	 4.589e-01 	 6.371e-03 
2.14500 	 2.875e-02 	 8.031e-02 	 4.482e-01 	 6.457e-03 
2.15500 	 2.811e-02 	 7.819e-02 	 4.461e-01 	 6.301e-03 
2.16500 	 2.757e-02 	 7.622e-02 	 4.446e-01 	 6.139e-03 
2.17500 	 2.729e-02 	 7.446e-02 	 4.326e-01 	 5.956e-03 
2.18500 	 2.637e-02 	 7.259e-02 	 4.254e-01 	 5.693e-03 
2.19500 	 2.568e-02 	 7.052e-02 	 4.183e-01 	 5.720e-03 
2.20500 	 2.524e-02 	 6.955e-02 	 4.097e-01 	 5.498e-03 
2.21500 	 2.490e-02 	 6.791e-02 	 3.953e-01 	 5.387e-03 
2.22500 	 2.436e-02 	 6.758e-02 	 3.988e-01 	 5.150e-03 
2.23500 	 2.352e-02 	 6.617e-02 	 3.836e-01 	 4.990e-03 
2.24500 	 2.321e-02 	 6.389e-02 	 3.774e-01 	 4.884e-03 
2.25500 	 2.250e-02 	 6.366e-02 	 3.840e-01 	 4.786e-03 
2.26500 	 2.223e-02 	 6.272e-02 	 3.725e-01 	 4.612e-03 
2.27500 	 2.177e-02 	 6.097e-02 	 3.686e-01 	 4.541e-03 
2.28500 	 2.129e-02 	 6.079e-02 	 3.624e-01 	 4.411e-03 
2.29500 	 2.112e-02 	 5.950e-02 	 3.498e-01 	 4.270e-03 
2.30500 	 2.056e-02 	 5.682e-02 	 3.412e-01 	 4.238e-03 
2.31500 	 1.969e-02 	 5.608e-02 	 3.337e-01 	 3.968e-03 
2.32500 	 1.941e-02 	 5.447e-02 	 3.236e-01 	 3.862e-03 
2.33500 	 1.903e-02 	 5.368e-02 	 3.102e-01 	 3.861e-03 
2.34500 	 1.845e-02 	 5.383e-02 	 3.068e-01 	 3.733e-03 
2.35500 	 1.807e-02 	 5.316e-02 	 3.057e-01 	 3.603e-03 
2.36500 	 1.778e-02 	 5.129e-02 	 2.993e-01 	 3.577e-03 
2.37500 	 1.731e-02 	 5.158e-02 	 2.986e-01 	 3.547e-03 
2.38500 	 1.715e-02 	 5.083e-02 	 2.930e-01 	 3.369e-03 
2.39500 	 1.696e-02 	 4.927e-02 	 2.833e-01 	 3.372e-03 
2.40500 	 1.635e-02 	 4.785e-02 	 2.899e-01 	 3.247e-03 
2.41500 	 1.596e-02 	 4.751e-02 	 2.779e-01 	 3.078e-03 
2.42500 	 1.572e-02 	 4.564e-02 	 2.772e-01 	 3.054e-03 
2.43500 	 1.527e-02 	 4.510e-02 	 2.690e-01 	 2.926e-03 
2.44500 	 1.505e-02 	 4.416e-02 	 2.704e-01 	 2.835e-03 
2.45500 	 1.471e-02 	 4.289e-02 	 2.602e-01 	 2.794e-03 
2.46500 	 1.432e-02 	 4.260e-02 	 2.588e-01 	 2.735e-03 
2.47500 	 1.423e-02 	 4.152e-02 	 2.496e-01 	 2.692e-03 
2.48500 	 1.379e-02 	 4.042e-02 	 2.529e-01 	 2.606e-03 
2.49500 	 1.335e-02 	 3.978e-02 	 2.419e-01 	 2.502e-03 
2.50500 	 1.334e-02 	 3.908e-02 	 2.424e-01 	 2.446e-03 
2.51500 	 1.270e-02 	 3.814e-02 	 2.393e-01 	 2.402e-03 
2.52500 	 1.258e-02 	 3.775e-02 	 2.383e-01 	 2.327e-03 
2.53500 	 1.236e-02 	 3.648e-02 	 2.326e-01 	 2.242e-03 
2.54500 	 1.206e-02 	 3.653e-02 	 2.245e-01 	 2.192e-03 
2.55500 	 1.196e-02 	 3.570e-02 	 2.267e-01 	 2.180e-03 
2.56500 	 1.181e-02 	 3.522e-02 	 2.253e-01 	 2.156e-03 
2.57500 	 1.143e-02 	 3.505e-02 	 2.220e-01 	 2.023e-03 
2.58500 	 1.096e-02 	 3.426e-02 	 2.171e-01 	 2.050e-03 
2.59500 	 1.100e-02 	 3.333e-02 	 2.164e-01 	 2.017e-03 
2.60500 	 1.094e-02 	 3.247e-02 	 2.069e-01 	 1.945e-03 
2.61500 	 1.054e-02 	 3.138e-02 	 2.062e-01 	 1.903e-03 
2.62500 	 1.038e-02 	 3.064e-02 	 2.012e-01 	 1.905e-03 
2.63500 	 1.009e-02 	 3.052e-02 	 2.014e-01 	 1.900e-03 
2.64500 	 9.724e-03 	 2.998e-02 	 1.997e-01 	 1.839e-03 
2.65500 	 9.701e-03 	 2.961e-02 	 1.973e-01 	 1.786e-03 
2.66500 	 9.531e-03 	 2.907e-02 	 1.898e-01 	 1.748e-03 
2.67500 	 9.216e-03 	 2.863e-02 	 1.856e-01 	 1.683e-03 
2.68500 	 9.152e-03 	 2.744e-02 	 1.900e-01 	 1.627e-03 
2.69500 	 8.940e-03 	 2.717e-02 	 1.859e-01 	 1.627e-03 
2.70500 	 8.653e-03 	 2.673e-02 	 1.819e-01 	 1.619e-03 
2.71500 	 8.544e-03 	 2.668e-02 	 1.736e-01 	 1.570e-03 
2.72500 	 8.314e-03 	 2.606e-02 	 1.785e-01 	 1.521e-03 
2.73500 	 8.106e-03 	 2.524e-02 	 1.774e-01 	 1.503e-03 
2.74500 	 7.832e-03 	 2.470e-02 	 1.686e-01 	 1.460e-03 
2.75500 	 7.881e-03 	 2.471e-02 	 1.713e-01 	 1.413e-03 
2.76500 	 7.583e-03 	 2.465e-02 	 1.645e-01 	 1.393e-03 
2.77500 	 7.561e-03 	 2.449e-02 	 1.604e-01 	 1.343e-03 
2.78500 	 7.507e-03 	 2.382e-02 	 1.598e-01 	 1.272e-03 
2.79500 	 7.315e-03 	 2.303e-02 	 1.543e-01 	 1.292e-03 
2.80500 	 7.221e-03 	 2.270e-02 	 1.531e-01 	 1.250e-03 
2.81500 	 6.950e-03 	 2.254e-02 	 1.526e-01 	 1.221e-03 
2.82500 	 6.807e-03 	 2.217e-02 	 1.448e-01 	 1.205e-03 
2.83500 	 6.783e-03 	 2.152e-02 	 1.471e-01 	 1.210e-03 
2.84500 	 6.561e-03 	 2.163e-02 	 1.430e-01 	 1.166e-03 
2.85500 	 6.554e-03 	 2.145e-02 	 1.392e-01 	 1.138e-03 
2.86500 	 6.387e-03 	 2.067e-02 	 1.319e-01 	 1.103e-03 
2.87500 	 6.312e-03 	 1.990e-02 	 1.312e-01 	 1.031e-03 
2.88500 	 6.183e-03 	 1.975e-02 	 1.307e-01 	 1.031e-03 
2.89500 	 6.106e-03 	 1.931e-02 	 1.288e-01 	 9.973e-04 
2.90500 	 5.994e-03 	 1.900e-02 	 1.222e-01 	 9.911e-04 
2.91500 	 5.813e-03 	 1.870e-02 	 1.272e-01 	 9.540e-04 
2.92500 	 5.749e-03 	 1.880e-02 	 1.213e-01 	 9.448e-04 
2.93500 	 5.693e-03 	 1.838e-02 	 1.207e-01 	 9.085e-04 
2.94500 	 5.576e-03 	 1.794e-02 	 1.213e-01 	 9.116e-04 
2.95500 	 5.354e-03 	 1.790e-02 	 1.208e-01 	 8.748e-04 
2.96500 	 5.283e-03 	 1.773e-02 	 1.178e-01 	 8.877e-04 
2.97500 	 5.175e-03 	 1.733e-02 	 1.116e-01 	 8.681e-04 
2.98500 	 5.039e-03 	 1.687e-02 	 1.082e-01 	 8.697e-04 
2.99500 	 4.975e-03 	 1.672e-02 	 1.092e-01 	 8.584e-04 
3.00500 	 4.896e-03 	 1.658e-02 	 1.078e-01 	 8.364e-04 
3.01500 	 4.834e-03 	 1.619e-02 	 1.105e-01 	 8.380e-04 
3.02500 	 4.745e-03 	 1.575e-02 	 1.066e-01 	 8.095e-04 
3.03500 	 4.657e-03 	 1.512e-02 	 1.021e-01 	 7.890e-04 
3.04500 	 4.496e-03 	 1.510e-02 	 1.034e-01 	 7.702e-04 
3.05500 	 4.518e-03 	 1.519e-02 	 1.027e-01 	 7.236e-04 
3.06500 	 4.326e-03 	 1.470e-02 	 9.831e-02 	 7.091e-04 
3.07500 	 4.242e-03 	 1.434e-02 	 9.679e-02 	 6.976e-04 
3.08500 	 4.189e-03 	 1.426e-02 	 9.149e-02 	 6.897e-04 
3.09500 	 4.167e-03 	 1.388e-02 	 9.141e-02 	 6.312e-04 
3.10500 	 4.067e-03 	 1.360e-02 	 9.105e-02 	 6.075e-04 
3.11500 	 4.067e-03 	 1.355e-02 	 9.103e-02 	 5.728e-04 
3.12500 	 3.949e-03 	 1.305e-02 	 9.027e-02 	 5.824e-04 
3.13500 	 3.830e-03 	 1.280e-02 	 8.641e-02 	 5.746e-04 
3.14500 	 3.729e-03 	 1.255e-02 	 8.430e-02 	 5.963e-04 
3.15500 	 3.684e-03 	 1.232e-02 	 8.147e-02 	 5.636e-04 
3.16500 	 3.624e-03 	 1.215e-02 	 8.430e-02 	 5.362e-04 
3.17500 	 3.520e-03 	 1.183e-02 	 7.964e-02 	 5.132e-04 
3.18500 	 3.457e-03 	 1.178e-02 	 8.098e-02 	 5.187e-04 
3.19500 	 3.460e-03 	 1.138e-02 	 7.781e-02 	 4.909e-04 
3.20500 	 3.283e-03 	 1.117e-02 	 7.745e-02 	 4.736e-04 
3.21500 	 3.251e-03 	 1.101e-02 	 7.613e-02 	 4.573e-04 
3.22500 	 3.155e-03 	 1.059e-02 	 7.555e-02 	 4.446e-04 
3.23500 	 3.100e-03 	 1.048e-02 	 7.238e-02 	 4.273e-04 
3.24500 	 3.024e-03 	 1.032e-02 	 7.348e-02 	 4.435e-04 
3.25500 	 2.900e-03 	 1.008e-02 	 6.872e-02 	 4.162e-04 
3.26500 	 2.854e-03 	 9.946e-03 	 7.074e-02 	 4.208e-04 
3.27500 	 2.796e-03 	 9.917e-03 	 6.705e-02 	 4.080e-04 
3.28500 	 2.824e-03 	 9.787e-03 	 6.605e-02 	 3.984e-04 
3.29500 	 2.737e-03 	 9.615e-03 	 6.701e-02 	 3.866e-04 
3.30500 	 2.708e-03 	 9.536e-03 	 6.595e-02 	 3.653e-04 
3.31500 	 2.660e-03 	 9.028e-03 	 6.367e-02 	 3.603e-04 
3.32500 	 2.527e-03 	 8.866e-03 	 6.209e-02 	 3.727e-04 
3.33500 	 2.464e-03 	 8.705e-03 	 6.110e-02 	 3.424e-04 
3.34500 	 2.440e-03 	 8.607e-03 	 5.969e-02 	 3.464e-04 
3.35500 	 2.418e-03 	 8.666e-03 	 5.897e-02 	 3.378e-04 
3.36500 	 2.379e-03 	 8.443e-03 	 5.947e-02 	 3.184e-04 
3.37500 	 2.271e-03 	 8.116e-03 	 5.856e-02 	 3.092e-04 
3.38500 	 2.244e-03 	 8.003e-03 	 5.744e-02 	 3.080e-04 
3.39500 	 2.174e-03 	 7.834e-03 	 5.781e-02 	 2.990e-04 
3.40500 	 2.163e-03 	 7.877e-03 	 5.837e-02 	 3.017e-04 
3.41500 	 2.099e-03 	 7.778e-03 	 5.567e-02 	 2.943e-04 
3.42500 	 2.074e-03 	 7.736e-03 	 5.393e-02 	 2.963e-04 
3.43500 	 2.028e-03 	 7.752e-03 	 5.375e-02 	 2.932e-04 
3.44500 	 1.996e-03 	 7.366e-03 	 5.147e-02 	 2.813e-04 
3.45500 	 1.978e-03 	 7.217e-03 	 5.241e-02 	 2.876e-04 
3.46500 	 1.953e-03 	 7.150e-03 	 5.020e-02 	 2.709e-04 
3.47500 	 1.905e-03 	 6.862e-03 	 5.051e-02 	 2.699e-04 
3.48500 	 1.881e-03 	 6.800e-03 	 4.780e-02 	 2.670e-04 
3.49500 	 1.812e-03 	 6.722e-03 	 4.744e-02 	 2.665e-04 
3.50500 	 1.795e-03 	 6.596e-03 	 4.786e-02 	 2.522e-04 
3.51500 	 1.787e-03 	 6.499e-03 	 4.768e-02 	 2.565e-04 
3.52500 	 1.732e-03 	 6.241e-03 	 4.523e-02 	 2.467e-04 
3.53500 	 1.706e-03 	 6.154e-03 	 4.497e-02 	 2.371e-04 
3.54500 	 1.671e-03 	 6.105e-03 	 4.659e-02 	 2.245e-04 
3.55500 	 1.628e-03 	 5.986e-03 	 4.246e-02 	 2.314e-04 
3.56500 	 1.624e-03 	 5.874e-03 	 4.285e-02 	 2.229e-04 
3.57500 	 1.617e-03 	 5.714e-03 	 4.365e-02 	 2.109e-04 
3.58500 	 1.581e-03 	 5.768e-03 	 4.252e-02 	 2.067e-04 
3.59500 	 1.564e-03 	 5.523e-03 	 4.300e-02 	 2.088e-04 
3.60500 	 1.529e-03 	 5.387e-03 	 4.302e-02 	 2.041e-04 
3.61500 	 1.470e-03 	 5.302e-03 	 4.120e-02 	 1.964e-04 
3.62500 	 1.460e-03 	 5.188e-03 	 4.100e-02 	 1.985e-04 
3.63500 	 1.436e-03 	 5.067e-03 	 4.057e-02 	 1.996e-04 
3.64500 	 1.395e-03 	 4.865e-03 	 3.892e-02 	 1.992e-04 
3.65500 	 1.382e-03 	 4.872e-03 	 3.759e-02 	 1.781e-04 
3.66500 	 1.351e-03 	 4.770e-03 	 3.678e-02 	 1.836e-04 
3.67500 	 1.309e-03 	 4.618e-03 	 3.604e-02 	 1.745e-04 
3.68500 	 1.290e-03 	 4.480e-03 	 3.560e-02 	 1.670e-04 
3.69500 	 1.264e-03 	 4.367e-03 	 3.633e-02 	 1.656e-04 
3.70500 	 1.233e-03 	 4.328e-03 	 3.430e-02 	 1.689e-04 
3.71500 	 1.210e-03 	 4.180e-03 	 3.416e-02 	 1.592e-04 
3.72500 	 1.204e-03 	 4.202e-03 	 3.233e-02 	 1.502e-04 
3.73500 	 1.153e-03 	 4.068e-03 	 3.081e-02 	 1.532e-04 
3.74500 	 1.141e-03 	 3.876e-03 	 3.086e-02 	 1.500e-04 
3.75500 	 1.122e-03 	 3.913e-03 	 2.907e-02 	 1.491e-04 
3.76500 	 1.107e-03 	 3.877e-03 	 2.968e-02 	 1.429e-04 
3.77500 	 1.059e-03 	 3.930e-03 	 2.840e-02 	 1.391e-04 
3.78500 	 1.049e-03 	 3.806e-03 	 2.968e-02 	 1.380e-04 
3.79500 	 1.019e-03 	 3.686e-03 	 2.974e-02 	 1.374e-04 
3.80500 	 9.998e-04 	 3.669e-03 	 2.871e-02 	 1.319e-04 
3.81500 	 9.796e-04 	 3.726e-03 	 2.952e-02 	 1.342e-04 
3.82500 	 9.585e-04 	 3.632e-03 	 2.848e-02 	 1.265e-04 
3.83500 	 9.370e-04 	 3.515e-03 	 2.718e-02 	 1.305e-04 
3.84500 	 9.322e-04 	 3.456e-03 	 2.537e-02 	 1.208e-04 
3.85500 	 8.964e-04 	 3.368e-03 	 2.512e-02 	 1.134e-04 
3.86500 	 8.822e-04 	 3.307e-03 	 2.604e-02 	 1.059e-04 
3.87500 	 8.737e-04 	 3.200e-03 	 2.613e-02 	 1.125e-04 
3.88500 	 8.529e-04 	 3.087e-03 	 2.540e-02 	 1.076e-04 
3.89500 	 8.493e-04 	 3.128e-03 	 2.390e-02 	 1.051e-04 
3.90500 	 8.396e-04 	 3.038e-03 	 2.442e-02 	 1.029e-04 
3.91500 	 8.033e-04 	 2.926e-03 	 2.383e-02 	 1.002e-04 
3.92500 	 7.837e-04 	 2.807e-03 	 2.204e-02 	 9.686e-05 
3.93500 	 7.633e-04 	 2.803e-03 	 2.437e-02 	 9.749e-05 
3.94500 	 7.547e-04 	 2.778e-03 	 2.321e-02 	 9.508e-05 
3.95500 	 7.423e-04 	 2.573e-03 	 2.081e-02 	 9.333e-05 
3.96500 	 7.291e-04 	 2.609e-03 	 2.031e-02 	 8.438e-05 
3.97500 	 7.074e-04 	 2.568e-03 	 2.081e-02 	 8.632e-05 
3.98500 	 7.075e-04 	 2.506e-03 	 2.172e-02 	 8.438e-05 
3.99500 	 6.911e-04 	 2.570e-03 	 2.098e-02 	 8.401e-05 
4.00500 	 6.555e-04 	 2.411e-03 	 2.086e-02 	 8.393e-05 
4.01500 	 6.554e-04 	 2.352e-03 	 1.991e-02 	 8.537e-05 
4.02500 	 6.444e-04 	 2.407e-03 	 1.994e-02 	 7.756e-05 
4.03500 	 6.572e-04 	 2.364e-03 	 1.894e-02 	 7.799e-05 
4.04500 	 6.266e-04 	 2.233e-03 	 1.904e-02 	 7.355e-05 
4.05500 	 5.940e-04 	 2.223e-03 	 1.949e-02 	 7.094e-05 
4.06500 	 5.680e-04 	 2.154e-03 	 1.904e-02 	 7.123e-05 
4.07500 	 5.731e-04 	 2.208e-03 	 1.812e-02 	 7.009e-05 
4.08500 	 5.782e-04 	 2.059e-03 	 1.641e-02 	 6.514e-05 
4.09500 	 5.655e-04 	 2.010e-03 	 1.666e-02 	 6.947e-05 
4.10500 	 5.333e-04 	 2.016e-03 	 1.756e-02 	 6.406e-05 
4.11500 	 5.264e-04 	 1.912e-03 	 1.651e-02 	 6.828e-05 
4.12500 	 5.230e-04 	 1.903e-03 	 1.650e-02 	 6.616e-05 
4.13500 	 5.152e-04 	 1.888e-03 	 1.630e-02 	 6.095e-05 
4.14500 	 5.150e-04 	 1.902e-03 	 1.569e-02 	 6.438e-05 
4.15500 	 5.125e-04 	 1.859e-03 	 1.511e-02 	 5.783e-05 
4.16500 	 5.013e-04 	 1.781e-03 	 1.454e-02 	 5.907e-05 
4.17500 	 5.012e-04 	 1.707e-03 	 1.474e-02 	 5.726e-05 
4.18500 	 4.864e-04 	 1.713e-03 	 1.434e-02 	 5.477e-05 
4.19500 	 4.799e-04 	 1.736e-03 	 1.359e-02 	 5.287e-05 
4.20500 	 4.467e-04 	 1.710e-03 	 1.398e-02 	 5.280e-05 
4.21500 	 4.541e-04 	 1.634e-03 	 1.342e-02 	 5.321e-05 
4.22500 	 4.323e-04 	 1.677e-03 	 1.309e-02 	 5.351e-05 
4.23500 	 4.368e-04 	 1.679e-03 	 1.254e-02 	 4.997e-05 
4.24500 	 4.150e-04 	 1.583e-03 	 1.283e-02 	 5.100e-05 
4.25500 	 4.095e-04 	 1.632e-03 	 1.178e-02 	 4.792e-05 
4.26500 	 3.961e-04 	 1.615e-03 	 1.248e-02 	 5.092e-05 
4.27500 	 3.956e-04 	 1.634e-03 	 1.326e-02 	 4.611e-05 
4.28500 	 3.861e-04 	 1.584e-03 	 1.367e-02 	 4.610e-05 
4.29500 	 3.767e-04 	 1.478e-03 	 1.409e-02 	 4.445e-05 
4.30500 	 3.691e-04 	 1.460e-03 	 1.248e-02 	 4.452e-05 
4.31500 	 3.740e-04 	 1.449e-03 	 1.299e-02 	 4.224e-05 
4.32500 	 3.585e-04 	 1.351e-03 	 1.393e-02 	 4.268e-05 
4.33500 	 3.461e-04 	 1.386e-03 	 1.274e-02 	 4.275e-05 
4.34500 	 3.333e-04 	 1.345e-03 	 1.309e-02 	 4.107e-05 
4.35500 	 3.392e-04 	 1.321e-03 	 1.257e-02 	 4.274e-05 
4.36500 	 3.341e-04 	 1.298e-03 	 1.273e-02 	 4.235e-05 
4.37500 	 3.311e-04 	 1.245e-03 	 1.140e-02 	 4.224e-05 
4.38500 	 3.252e-04 	 1.236e-03 	 1.169e-02 	 4.245e-05 
4.39500 	 3.158e-04 	 1.199e-03 	 1.180e-02 	 4.028e-05 
4.40500 	 3.125e-04 	 1.161e-03 	 9.956e-03 	 3.783e-05 
4.41500 	 3.069e-04 	 1.190e-03 	 9.867e-03 	 3.851e-05 
4.42500 	 2.982e-04 	 1.221e-03 	 1.067e-02 	 3.787e-05 
4.43500 	 2.846e-04 	 1.184e-03 	 1.043e-02 	 3.703e-05 
4.44500 	 2.892e-04 	 1.168e-03 	 1.035e-02 	 3.154e-05 
4.45500 	 2.876e-04 	 1.109e-03 	 1.019e-02 	 3.005e-05 
4.46500 	 2.843e-04 	 1.088e-03 	 1.007e-02 	 2.968e-05 
4.47500 	 2.780e-04 	 1.081e-03 	 1.038e-02 	 3.033e-05 
4.48500 	 2.621e-04 	 1.084e-03 	 1.033e-02 	 2.937e-05 
4.49500 	 2.574e-04 	 1.083e-03 	 9.137e-03 	 2.909e-05 
4.50500 	 2.560e-04 	 1.032e-03 	 9.331e-03 	 2.679e-05 
4.51500 	 2.449e-04 	 1.015e-03 	 9.499e-03 	 3.034e-05 
4.52500 	 2.436e-04 	 1.034e-03 	 9.915e-03 	 2.827e-05 
4.53500 	 2.468e-04 	 1.000e-03 	 9.389e-03 	 2.707e-05 
4.54500 	 2.422e-04 	 9.806e-04 	 8.695e-03 	 2.741e-05 
4.55500 	 2.380e-04 	 9.834e-04 	 7.778e-03 	 2.629e-05 
4.56500 	 2.266e-04 	 9.218e-04 	 7.964e-03 	 2.480e-05 
4.57500 	 2.234e-04 	 9.001e-04 	 7.746e-03 	 2.445e-05 
4.58500 	 2.212e-04 	 8.893e-04 	 7.917e-03 	 2.555e-05 
4.59500 	 2.111e-04 	 8.830e-04 	 8.084e-03 	 2.366e-05 
4.60500 	 2.026e-04 	 8.611e-04 	 8.342e-03 	 2.266e-05 
4.61500 	 2.002e-04 	 8.477e-04 	 8.207e-03 	 2.246e-05 
4.62500 	 1.951e-04 	 8.454e-04 	 7.121e-03 	 2.156e-05 
4.63500 	 1.961e-04 	 8.142e-04 	 7.702e-03 	 2.228e-05 
4.64500 	 1.817e-04 	 7.429e-04 	 7.215e-03 	 2.186e-05 
4.65500 	 1.791e-04 	 7.715e-04 	 7.258e-03 	 1.914e-05 
4.66500 	 1.838e-04 	 7.692e-04 	 7.792e-03 	 2.067e-05 
4.67500 	 1.772e-04 	 7.419e-04 	 7.595e-03 	 2.067e-05 
4.68500 	 1.713e-04 	 6.849e-04 	 6.889e-03 	 1.882e-05 
4.69500 	 1.731e-04 	 7.074e-04 	 6.927e-03 	 1.962e-05 
4.70500 	 1.700e-04 	 6.954e-04 	 7.233e-03 	 1.820e-05 
4.71500 	 1.658e-04 	 6.920e-04 	 6.787e-03 	 1.711e-05 
4.72500 	 1.629e-04 	 6.917e-04 	 6.746e-03 	 1.649e-05 
4.73500 	 1.590e-04 	 6.776e-04 	 6.302e-03 	 1.607e-05 
4.74500 	 1.568e-04 	 6.691e-04 	 6.044e-03 	 1.747e-05 
4.75500 	 1.601e-04 	 6.340e-04 	 6.330e-03 	 1.820e-05 
4.76500 	 1.566e-04 	 6.521e-04 	 7.088e-03 	 1.709e-05 
4.77500 	 1.491e-04 	 6.290e-04 	 6.373e-03 	 1.697e-05 
4.78500 	 1.435e-04 	 6.008e-04 	 6.890e-03 	 1.684e-05 
4.79500 	 1.431e-04 	 6.093e-04 	 6.850e-03 	 1.588e-05 
4.80500 	 1.414e-04 	 5.857e-04 	 6.978e-03 	 1.487e-05 
4.81500 	 1.370e-04 	 5.520e-04 	 6.770e-03 	 1.533e-05 
4.82500 	 1.380e-04 	 5.773e-04 	 6.040e-03 	 1.439e-05 
4.83500 	 1.349e-04 	 5.718e-04 	 5.975e-03 	 1.479e-05 
4.84500 	 1.287e-04 	 5.253e-04 	 6.063e-03 	 1.609e-05 
4.85500 	 1.299e-04 	 4.944e-04 	 6.627e-03 	 1.432e-05 
4.86500 	 1.284e-04 	 5.108e-04 	 5.561e-03 	 1.355e-05 
4.87500 	 1.268e-04 	 4.825e-04 	 5.340e-03 	 1.273e-05 
4.88500 	 1.238e-04 	 4.826e-04 	 5.622e-03 	 1.258e-05 
4.89500 	 1.187e-04 	 5.008e-04 	 5.800e-03 	 1.289e-05 
4.90500 	 1.156e-04 	 4.920e-04 	 5.660e-03 	 1.295e-05 
4.91500 	 1.165e-04 	 5.120e-04 	 5.380e-03 	 1.326e-05 
4.92500 	 1.173e-04 	 5.103e-04 	 5.338e-03 	 1.212e-05 
4.93500 	 1.101e-04 	 4.698e-04 	 5.316e-03 	 1.112e-05 
4.94500 	 1.110e-04 	 4.566e-04 	 4.607e-03 	 1.213e-05 
4.95500 	 1.077e-04 	 4.468e-04 	 4.709e-03 	 1.057e-05 
4.96500 	 1.056e-04 	 4.248e-04 	 4.429e-03 	 1.075e-05 
4.97500 	 1.002e-04 	 4.026e-04 	 4.784e-03 	 1.125e-05 
4.98500 	 9.674e-05 	 3.895e-04 	 4.181e-03 	 1.134e-05 
4.99500 	 9.846e-05 	 4.097e-04 	 5.028e-03 	 1.124e-05 
5.00500 	 6.649e-03 	 2.596e-02 	 2.494e-01 	 5.932e-04 
