number of photons = 100000000.000000
bin size = 0.00600 [cm] 
last row is overflow. Ignore.
r [cm] 	 Fsph [1/cm2] 	 Fcyl [1/cm2] 	 Fpla [1/cm2]
0.00300 	 8.838e+03 	 8.243e+01 	 5.574e+00 
0.00900 	 9.731e+02 	 2.692e+01 	 4.193e+00 
0.01500 	 3.489e+02 	 1.588e+01 	 3.675e+00 
0.02100 	 1.777e+02 	 1.116e+01 	 3.335e+00 
0.02700 	 1.062e+02 	 8.538e+00 	 3.100e+00 
0.03300 	 7.080e+01 	 6.905e+00 	 2.895e+00 
0.03900 	 5.052e+01 	 5.756e+00 	 2.736e+00 
0.04500 	 3.779e+01 	 4.919e+00 	 2.598e+00 
0.05100 	 2.923e+01 	 4.287e+00 	 2.476e+00 
0.05700 	 2.323e+01 	 3.780e+00 	 2.372e+00 
0.06300 	 1.894e+01 	 3.381e+00 	 2.275e+00 
0.06900 	 1.571e+01 	 3.050e+00 	 2.189e+00 
0.07500 	 1.321e+01 	 2.772e+00 	 2.111e+00 
0.08100 	 1.126e+01 	 2.536e+00 	 2.040e+00 
0.08700 	 9.712e+00 	 2.334e+00 	 1.975e+00 
0.09300 	 8.467e+00 	 2.161e+00 	 1.914e+00 
0.09900 	 7.417e+00 	 2.002e+00 	 1.857e+00 
0.10500 	 6.555e+00 	 1.867e+00 	 1.801e+00 
0.11100 	 5.847e+00 	 1.753e+00 	 1.751e+00 
0.11700 	 5.223e+00 	 1.636e+00 	 1.705e+00 
0.12300 	 4.699e+00 	 1.540e+00 	 1.662e+00 
0.12900 	 4.254e+00 	 1.453e+00 	 1.617e+00 
0.13500 	 3.854e+00 	 1.373e+00 	 1.576e+00 
0.14100 	 3.520e+00 	 1.301e+00 	 1.541e+00 
0.14700 	 3.216e+00 	 1.233e+00 	 1.506e+00 
0.15300 	 2.951e+00 	 1.173e+00 	 1.468e+00 
0.15900 	 2.715e+00 	 1.117e+00 	 1.435e+00 
0.16500 	 2.507e+00 	 1.067e+00 	 1.401e+00 
0.17100 	 2.323e+00 	 1.018e+00 	 1.373e+00 
0.17700 	 2.157e+00 	 9.742e-01 	 1.341e+00 
0.18300 	 2.007e+00 	 9.311e-01 	 1.313e+00 
0.18900 	 1.871e+00 	 8.936e-01 	 1.286e+00 
0.19500 	 1.747e+00 	 8.566e-01 	 1.258e+00 
0.20100 	 1.632e+00 	 8.222e-01 	 1.235e+00 
0.20700 	 1.533e+00 	 7.909e-01 	 1.210e+00 
0.21300 	 1.443e+00 	 7.604e-01 	 1.188e+00 
0.21900 	 1.352e+00 	 7.334e-01 	 1.163e+00 
0.22500 	 1.275e+00 	 7.046e-01 	 1.141e+00 
0.23100 	 1.203e+00 	 6.821e-01 	 1.119e+00 
0.23700 	 1.137e+00 	 6.565e-01 	 1.103e+00 
0.24300 	 1.075e+00 	 6.358e-01 	 1.079e+00 
0.24900 	 1.018e+00 	 6.128e-01 	 1.062e+00 
0.25500 	 9.645e-01 	 5.946e-01 	 1.041e+00 
0.26100 	 9.157e-01 	 5.754e-01 	 1.023e+00 
0.26700 	 8.709e-01 	 5.556e-01 	 1.006e+00 
0.27300 	 8.262e-01 	 5.396e-01 	 9.878e-01 
0.27900 	 7.863e-01 	 5.225e-01 	 9.724e-01 
0.28500 	 7.508e-01 	 5.068e-01 	 9.555e-01 
0.29100 	 7.151e-01 	 4.908e-01 	 9.384e-01 
0.29700 	 6.834e-01 	 4.754e-01 	 9.250e-01 
0.30300 	 6.515e-01 	 4.625e-01 	 9.098e-01 
0.30900 	 6.225e-01 	 4.504e-01 	 8.956e-01 
0.31500 	 5.965e-01 	 4.353e-01 	 8.784e-01 
0.32100 	 5.709e-01 	 4.245e-01 	 8.679e-01 
0.32700 	 5.465e-01 	 4.130e-01 	 8.523e-01 
0.33300 	 5.236e-01 	 4.015e-01 	 8.401e-01 
0.33900 	 5.021e-01 	 3.910e-01 	 8.272e-01 
0.34500 	 4.833e-01 	 3.801e-01 	 8.149e-01 
0.35100 	 4.634e-01 	 3.711e-01 	 8.001e-01 
0.35700 	 4.453e-01 	 3.610e-01 	 7.887e-01 
0.36300 	 4.287e-01 	 3.520e-01 	 7.768e-01 
0.36900 	 4.116e-01 	 3.433e-01 	 7.663e-01 
0.37500 	 3.971e-01 	 3.344e-01 	 7.560e-01 
0.38100 	 3.823e-01 	 3.275e-01 	 7.431e-01 
0.38700 	 3.686e-01 	 3.184e-01 	 7.323e-01 
0.39300 	 3.545e-01 	 3.109e-01 	 7.228e-01 
0.39900 	 3.425e-01 	 3.030e-01 	 7.120e-01 
0.40500 	 3.300e-01 	 2.969e-01 	 7.009e-01 
0.41100 	 3.184e-01 	 2.889e-01 	 6.906e-01 
0.41700 	 3.075e-01 	 2.826e-01 	 6.821e-01 
0.42300 	 2.972e-01 	 2.758e-01 	 6.739e-01 
0.42900 	 2.874e-01 	 2.697e-01 	 6.626e-01 
0.43500 	 2.782e-01 	 2.636e-01 	 6.535e-01 
0.44100 	 2.691e-01 	 2.577e-01 	 6.442e-01 
0.44700 	 2.599e-01 	 2.518e-01 	 6.347e-01 
0.45300 	 2.513e-01 	 2.462e-01 	 6.258e-01 
0.45900 	 2.440e-01 	 2.410e-01 	 6.169e-01 
0.46500 	 2.360e-01 	 2.363e-01 	 6.098e-01 
0.47100 	 2.287e-01 	 2.307e-01 	 6.014e-01 
0.47700 	 2.219e-01 	 2.264e-01 	 5.930e-01 
0.48300 	 2.150e-01 	 2.215e-01 	 5.865e-01 
0.48900 	 2.090e-01 	 2.169e-01 	 5.775e-01 
0.49500 	 2.026e-01 	 2.121e-01 	 5.710e-01 
0.50100 	 1.962e-01 	 2.079e-01 	 5.619e-01 
0.50700 	 1.899e-01 	 2.036e-01 	 5.575e-01 
0.51300 	 1.850e-01 	 1.991e-01 	 5.491e-01 
0.51900 	 1.799e-01 	 1.952e-01 	 5.411e-01 
0.52500 	 1.742e-01 	 1.916e-01 	 5.344e-01 
0.53100 	 1.695e-01 	 1.876e-01 	 5.269e-01 
0.53700 	 1.645e-01 	 1.839e-01 	 5.201e-01 
0.54300 	 1.601e-01 	 1.807e-01 	 5.139e-01 
0.54900 	 1.557e-01 	 1.771e-01 	 5.076e-01 
0.55500 	 1.515e-01 	 1.738e-01 	 5.019e-01 
0.56100 	 1.473e-01 	 1.708e-01 	 4.954e-01 
0.56700 	 1.436e-01 	 1.676e-01 	 4.872e-01 
0.57300 	 1.396e-01 	 1.640e-01 	 4.835e-01 
0.57900 	 1.358e-01 	 1.609e-01 	 4.770e-01 
0.58500 	 1.321e-01 	 1.580e-01 	 4.704e-01 
0.59100 	 1.289e-01 	 1.550e-01 	 4.655e-01 
0.59700 	 1.253e-01 	 1.519e-01 	 4.588e-01 
0.60300 	 1.220e-01 	 1.493e-01 	 4.542e-01 
0.60900 	 1.194e-01 	 1.463e-01 	 4.477e-01 
0.61500 	 1.162e-01 	 1.440e-01 	 4.425e-01 
0.62100 	 1.132e-01 	 1.411e-01 	 4.378e-01 
0.62700 	 1.102e-01 	 1.389e-01 	 4.323e-01 
0.63300 	 1.077e-01 	 1.361e-01 	 4.270e-01 
0.63900 	 1.051e-01 	 1.340e-01 	 4.214e-01 
0.64500 	 1.022e-01 	 1.314e-01 	 4.166e-01 
0.65100 	 1.002e-01 	 1.295e-01 	 4.109e-01 
0.65700 	 9.778e-02 	 1.271e-01 	 4.066e-01 
0.66300 	 9.522e-02 	 1.248e-01 	 4.029e-01 
0.66900 	 9.276e-02 	 1.224e-01 	 3.966e-01 
0.67500 	 9.063e-02 	 1.203e-01 	 3.919e-01 
0.68100 	 8.895e-02 	 1.191e-01 	 3.887e-01 
0.68700 	 8.675e-02 	 1.169e-01 	 3.832e-01 
0.69300 	 8.443e-02 	 1.146e-01 	 3.800e-01 
0.69900 	 8.274e-02 	 1.127e-01 	 3.739e-01 
0.70500 	 8.067e-02 	 1.108e-01 	 3.720e-01 
0.71100 	 7.874e-02 	 1.090e-01 	 3.671e-01 
0.71700 	 7.727e-02 	 1.076e-01 	 3.617e-01 
0.72300 	 7.539e-02 	 1.053e-01 	 3.573e-01 
0.72900 	 7.383e-02 	 1.038e-01 	 3.528e-01 
0.73500 	 7.180e-02 	 1.019e-01 	 3.494e-01 
0.74100 	 7.038e-02 	 1.006e-01 	 3.475e-01 
0.74700 	 6.913e-02 	 9.896e-02 	 3.425e-01 
0.75300 	 6.757e-02 	 9.740e-02 	 3.391e-01 
0.75900 	 6.618e-02 	 9.589e-02 	 3.338e-01 
0.76500 	 6.449e-02 	 9.387e-02 	 3.308e-01 
0.77100 	 6.322e-02 	 9.251e-02 	 3.265e-01 
0.77700 	 6.169e-02 	 9.130e-02 	 3.240e-01 
0.78300 	 6.050e-02 	 8.968e-02 	 3.189e-01 
0.78900 	 5.918e-02 	 8.826e-02 	 3.172e-01 
0.79500 	 5.813e-02 	 8.705e-02 	 3.132e-01 
0.80100 	 5.672e-02 	 8.546e-02 	 3.111e-01 
0.80700 	 5.569e-02 	 8.433e-02 	 3.054e-01 
0.81300 	 5.450e-02 	 8.296e-02 	 3.029e-01 
0.81900 	 5.326e-02 	 8.144e-02 	 2.998e-01 
0.82500 	 5.219e-02 	 8.045e-02 	 2.962e-01 
0.83100 	 5.116e-02 	 7.911e-02 	 2.933e-01 
0.83700 	 5.012e-02 	 7.809e-02 	 2.886e-01 
0.84300 	 4.925e-02 	 7.686e-02 	 2.869e-01 
0.84900 	 4.801e-02 	 7.590e-02 	 2.835e-01 
0.85500 	 4.723e-02 	 7.460e-02 	 2.805e-01 
0.86100 	 4.622e-02 	 7.333e-02 	 2.776e-01 
0.86700 	 4.536e-02 	 7.208e-02 	 2.730e-01 
0.87300 	 4.455e-02 	 7.127e-02 	 2.707e-01 
0.87900 	 4.351e-02 	 7.011e-02 	 2.687e-01 
0.88500 	 4.280e-02 	 6.906e-02 	 2.650e-01 
0.89100 	 4.160e-02 	 6.808e-02 	 2.624e-01 
0.89700 	 4.099e-02 	 6.692e-02 	 2.594e-01 
0.90300 	 4.031e-02 	 6.623e-02 	 2.572e-01 
0.90900 	 3.957e-02 	 6.541e-02 	 2.543e-01 
0.91500 	 3.861e-02 	 6.418e-02 	 2.508e-01 
0.92100 	 3.803e-02 	 6.346e-02 	 2.491e-01 
0.92700 	 3.731e-02 	 6.239e-02 	 2.466e-01 
0.93300 	 3.673e-02 	 6.160e-02 	 2.437e-01 
0.93900 	 3.593e-02 	 6.073e-02 	 2.415e-01 
0.94500 	 3.525e-02 	 5.982e-02 	 2.377e-01 
0.95100 	 3.453e-02 	 5.908e-02 	 2.355e-01 
0.95700 	 3.401e-02 	 5.832e-02 	 2.337e-01 
0.96300 	 3.338e-02 	 5.735e-02 	 2.313e-01 
0.96900 	 3.275e-02 	 5.657e-02 	 2.290e-01 
0.97500 	 3.211e-02 	 5.559e-02 	 2.260e-01 
0.98100 	 3.156e-02 	 5.484e-02 	 2.247e-01 
0.98700 	 3.089e-02 	 5.410e-02 	 2.219e-01 
0.99300 	 3.037e-02 	 5.322e-02 	 2.190e-01 
0.99900 	 2.980e-02 	 5.267e-02 	 2.178e-01 
1.00500 	 2.942e-02 	 5.187e-02 	 2.153e-01 
1.01100 	 2.867e-02 	 5.114e-02 	 2.131e-01 
1.01700 	 2.828e-02 	 5.064e-02 	 2.113e-01 
1.02300 	 2.774e-02 	 4.980e-02 	 2.088e-01 
1.02900 	 2.731e-02 	 4.899e-02 	 2.065e-01 
1.03500 	 2.686e-02 	 4.857e-02 	 2.037e-01 
1.04100 	 2.634e-02 	 4.765e-02 	 2.015e-01 
1.04700 	 2.584e-02 	 4.736e-02 	 1.998e-01 
1.05300 	 2.544e-02 	 4.655e-02 	 1.984e-01 
1.05900 	 2.485e-02 	 4.598e-02 	 1.961e-01 
1.06500 	 2.462e-02 	 4.531e-02 	 1.936e-01 
1.07100 	 2.414e-02 	 4.480e-02 	 1.925e-01 
1.07700 	 2.375e-02 	 4.413e-02 	 1.889e-01 
1.08300 	 2.325e-02 	 4.353e-02 	 1.876e-01 
1.08900 	 2.289e-02 	 4.304e-02 	 1.858e-01 
1.09500 	 2.248e-02 	 4.240e-02 	 1.844e-01 
1.10100 	 2.212e-02 	 4.174e-02 	 1.826e-01 
1.10700 	 2.169e-02 	 4.138e-02 	 1.804e-01 
1.11300 	 2.140e-02 	 4.083e-02 	 1.797e-01 
1.11900 	 2.096e-02 	 4.022e-02 	 1.771e-01 
1.12500 	 2.068e-02 	 3.971e-02 	 1.759e-01 
1.13100 	 2.028e-02 	 3.900e-02 	 1.740e-01 
1.13700 	 2.000e-02 	 3.875e-02 	 1.727e-01 
1.14300 	 1.966e-02 	 3.817e-02 	 1.704e-01 
1.14900 	 1.930e-02 	 3.762e-02 	 1.689e-01 
1.15500 	 1.906e-02 	 3.707e-02 	 1.673e-01 
1.16100 	 1.875e-02 	 3.658e-02 	 1.657e-01 
1.16700 	 1.844e-02 	 3.632e-02 	 1.649e-01 
1.17300 	 1.811e-02 	 3.576e-02 	 1.627e-01 
1.17900 	 1.775e-02 	 3.521e-02 	 1.605e-01 
1.18500 	 1.756e-02 	 3.465e-02 	 1.594e-01 
1.19100 	 1.720e-02 	 3.427e-02 	 1.568e-01 
1.19700 	 1.690e-02 	 3.394e-02 	 1.562e-01 
1.20300 	 1.669e-02 	 3.348e-02 	 1.540e-01 
1.20900 	 1.641e-02 	 3.305e-02 	 1.531e-01 
1.21500 	 1.614e-02 	 3.263e-02 	 1.513e-01 
1.22100 	 1.596e-02 	 3.226e-02 	 1.496e-01 
1.22700 	 1.563e-02 	 3.186e-02 	 1.486e-01 
1.23300 	 1.541e-02 	 3.139e-02 	 1.462e-01 
1.23900 	 1.517e-02 	 3.112e-02 	 1.455e-01 
1.24500 	 1.492e-02 	 3.071e-02 	 1.439e-01 
1.25100 	 1.470e-02 	 3.021e-02 	 1.427e-01 
1.25700 	 1.438e-02 	 2.987e-02 	 1.411e-01 
1.26300 	 1.425e-02 	 2.960e-02 	 1.404e-01 
1.26900 	 1.396e-02 	 2.919e-02 	 1.384e-01 
1.27500 	 1.384e-02 	 2.866e-02 	 1.361e-01 
1.28100 	 1.358e-02 	 2.846e-02 	 1.362e-01 
1.28700 	 1.329e-02 	 2.814e-02 	 1.345e-01 
1.29300 	 1.314e-02 	 2.775e-02 	 1.331e-01 
1.29900 	 1.292e-02 	 2.735e-02 	 1.314e-01 
1.30500 	 1.270e-02 	 2.711e-02 	 1.308e-01 
1.31100 	 1.255e-02 	 2.687e-02 	 1.297e-01 
1.31700 	 1.242e-02 	 2.647e-02 	 1.278e-01 
1.32300 	 1.216e-02 	 2.609e-02 	 1.263e-01 
1.32900 	 1.203e-02 	 2.588e-02 	 1.256e-01 
1.33500 	 1.179e-02 	 2.552e-02 	 1.248e-01 
1.34100 	 1.163e-02 	 2.520e-02 	 1.237e-01 
1.34700 	 1.143e-02 	 2.488e-02 	 1.225e-01 
1.35300 	 1.130e-02 	 2.461e-02 	 1.218e-01 
1.35900 	 1.109e-02 	 2.432e-02 	 1.195e-01 
1.36500 	 1.099e-02 	 2.403e-02 	 1.183e-01 
1.37100 	 1.082e-02 	 2.370e-02 	 1.178e-01 
1.37700 	 1.064e-02 	 2.349e-02 	 1.173e-01 
1.38300 	 1.052e-02 	 2.314e-02 	 1.155e-01 
1.38900 	 1.035e-02 	 2.292e-02 	 1.144e-01 
1.39500 	 1.017e-02 	 2.255e-02 	 1.137e-01 
1.40100 	 1.002e-02 	 2.219e-02 	 1.134e-01 
1.40700 	 9.864e-03 	 2.214e-02 	 1.111e-01 
1.41300 	 9.698e-03 	 2.181e-02 	 1.107e-01 
1.41900 	 9.618e-03 	 2.163e-02 	 1.097e-01 
1.42500 	 9.469e-03 	 2.135e-02 	 1.083e-01 
1.43100 	 9.342e-03 	 2.105e-02 	 1.077e-01 
1.43700 	 9.165e-03 	 2.085e-02 	 1.061e-01 
1.44300 	 9.069e-03 	 2.048e-02 	 1.058e-01 
1.44900 	 8.933e-03 	 2.031e-02 	 1.048e-01 
1.45500 	 8.772e-03 	 2.013e-02 	 1.033e-01 
1.46100 	 8.647e-03 	 1.989e-02 	 1.018e-01 
1.46700 	 8.561e-03 	 1.967e-02 	 1.014e-01 
1.47300 	 8.410e-03 	 1.943e-02 	 1.006e-01 
1.47900 	 8.306e-03 	 1.928e-02 	 9.921e-02 
1.48500 	 8.186e-03 	 1.903e-02 	 9.875e-02 
1.49100 	 8.106e-03 	 1.876e-02 	 9.742e-02 
1.49700 	 7.945e-03 	 1.853e-02 	 9.715e-02 
1.50300 	 7.856e-03 	 1.825e-02 	 9.582e-02 
1.50900 	 7.743e-03 	 1.809e-02 	 9.537e-02 
1.51500 	 7.611e-03 	 1.785e-02 	 9.370e-02 
1.52100 	 7.516e-03 	 1.772e-02 	 9.352e-02 
1.52700 	 7.380e-03 	 1.750e-02 	 9.246e-02 
1.53300 	 7.308e-03 	 1.736e-02 	 9.191e-02 
1.53900 	 7.214e-03 	 1.708e-02 	 9.052e-02 
1.54500 	 7.091e-03 	 1.684e-02 	 9.017e-02 
1.55100 	 6.977e-03 	 1.666e-02 	 8.902e-02 
1.55700 	 6.870e-03 	 1.649e-02 	 8.793e-02 
1.56300 	 6.826e-03 	 1.631e-02 	 8.757e-02 
1.56900 	 6.714e-03 	 1.607e-02 	 8.630e-02 
1.57500 	 6.619e-03 	 1.593e-02 	 8.608e-02 
1.58100 	 6.524e-03 	 1.576e-02 	 8.546e-02 
1.58700 	 6.432e-03 	 1.560e-02 	 8.447e-02 
1.59300 	 6.318e-03 	 1.545e-02 	 8.383e-02 
1.59900 	 6.249e-03 	 1.519e-02 	 8.304e-02 
1.60500 	 6.150e-03 	 1.505e-02 	 8.218e-02 
1.61100 	 6.097e-03 	 1.489e-02 	 8.081e-02 
1.61700 	 5.995e-03 	 1.464e-02 	 8.089e-02 
1.62300 	 5.953e-03 	 1.455e-02 	 7.963e-02 
1.62900 	 5.830e-03 	 1.446e-02 	 7.918e-02 
1.63500 	 5.777e-03 	 1.433e-02 	 7.838e-02 
1.64100 	 5.707e-03 	 1.407e-02 	 7.713e-02 
1.64700 	 5.602e-03 	 1.393e-02 	 7.706e-02 
1.65300 	 5.547e-03 	 1.374e-02 	 7.622e-02 
1.65900 	 5.470e-03 	 1.363e-02 	 7.526e-02 
1.66500 	 5.405e-03 	 1.348e-02 	 7.511e-02 
1.67100 	 5.316e-03 	 1.331e-02 	 7.440e-02 
1.67700 	 5.220e-03 	 1.319e-02 	 7.389e-02 
1.68300 	 5.187e-03 	 1.299e-02 	 7.378e-02 
1.68900 	 5.103e-03 	 1.292e-02 	 7.190e-02 
1.69500 	 5.057e-03 	 1.274e-02 	 7.152e-02 
1.70100 	 4.998e-03 	 1.263e-02 	 7.109e-02 
1.70700 	 4.907e-03 	 1.250e-02 	 7.008e-02 
1.71300 	 4.840e-03 	 1.237e-02 	 6.963e-02 
1.71900 	 4.761e-03 	 1.219e-02 	 6.943e-02 
1.72500 	 4.726e-03 	 1.211e-02 	 6.791e-02 
1.73100 	 4.668e-03 	 1.197e-02 	 6.808e-02 
1.73700 	 4.602e-03 	 1.175e-02 	 6.719e-02 
1.74300 	 4.545e-03 	 1.168e-02 	 6.690e-02 
1.74900 	 4.491e-03 	 1.151e-02 	 6.605e-02 
1.75500 	 4.431e-03 	 1.144e-02 	 6.570e-02 
1.76100 	 4.363e-03 	 1.138e-02 	 6.460e-02 
1.76700 	 4.291e-03 	 1.123e-02 	 6.399e-02 
1.77300 	 4.266e-03 	 1.105e-02 	 6.365e-02 
1.77900 	 4.176e-03 	 1.092e-02 	 6.268e-02 
1.78500 	 4.145e-03 	 1.081e-02 	 6.214e-02 
1.79100 	 4.087e-03 	 1.072e-02 	 6.181e-02 
1.79700 	 4.042e-03 	 1.064e-02 	 6.147e-02 
1.80300 	 3.963e-03 	 1.042e-02 	 6.069e-02 
1.80900 	 3.954e-03 	 1.035e-02 	 6.004e-02 
1.81500 	 3.874e-03 	 1.024e-02 	 5.981e-02 
1.82100 	 3.831e-03 	 1.018e-02 	 5.934e-02 
1.82700 	 3.785e-03 	 1.003e-02 	 5.860e-02 
1.83300 	 3.753e-03 	 9.949e-03 	 5.821e-02 
1.83900 	 3.681e-03 	 9.796e-03 	 5.775e-02 
1.84500 	 3.638e-03 	 9.702e-03 	 5.729e-02 
1.85100 	 3.593e-03 	 9.585e-03 	 5.703e-02 
1.85700 	 3.543e-03 	 9.517e-03 	 5.678e-02 
1.86300 	 3.509e-03 	 9.471e-03 	 5.591e-02 
1.86900 	 3.467e-03 	 9.277e-03 	 5.509e-02 
1.87500 	 3.427e-03 	 9.204e-03 	 5.487e-02 
1.88100 	 3.389e-03 	 9.105e-03 	 5.411e-02 
1.88700 	 3.335e-03 	 9.054e-03 	 5.388e-02 
1.89300 	 3.268e-03 	 8.943e-03 	 5.359e-02 
1.89900 	 3.249e-03 	 8.833e-03 	 5.294e-02 
1.90500 	 3.217e-03 	 8.750e-03 	 5.285e-02 
1.91100 	 3.158e-03 	 8.690e-03 	 5.214e-02 
1.91700 	 3.111e-03 	 8.560e-03 	 5.105e-02 
1.92300 	 3.087e-03 	 8.459e-03 	 5.104e-02 
1.92900 	 3.040e-03 	 8.368e-03 	 5.054e-02 
1.93500 	 3.018e-03 	 8.320e-03 	 5.036e-02 
1.94100 	 2.983e-03 	 8.208e-03 	 5.023e-02 
1.94700 	 2.932e-03 	 8.180e-03 	 4.942e-02 
1.95300 	 2.908e-03 	 8.019e-03 	 4.910e-02 
1.95900 	 2.855e-03 	 7.970e-03 	 4.908e-02 
1.96500 	 2.825e-03 	 7.923e-03 	 4.796e-02 
1.97100 	 2.795e-03 	 7.833e-03 	 4.779e-02 
1.97700 	 2.766e-03 	 7.669e-03 	 4.713e-02 
1.98300 	 2.712e-03 	 7.640e-03 	 4.721e-02 
1.98900 	 2.690e-03 	 7.548e-03 	 4.632e-02 
1.99500 	 2.655e-03 	 7.451e-03 	 4.577e-02 
2.00100 	 2.614e-03 	 7.398e-03 	 4.547e-02 
2.00700 	 2.593e-03 	 7.344e-03 	 4.538e-02 
2.01300 	 2.574e-03 	 7.250e-03 	 4.494e-02 
2.01900 	 2.542e-03 	 7.164e-03 	 4.462e-02 
2.02500 	 2.495e-03 	 7.118e-03 	 4.425e-02 
2.03100 	 2.471e-03 	 7.019e-03 	 4.405e-02 
2.03700 	 2.444e-03 	 6.948e-03 	 4.321e-02 
2.04300 	 2.407e-03 	 6.869e-03 	 4.291e-02 
2.04900 	 2.374e-03 	 6.801e-03 	 4.231e-02 
2.05500 	 2.361e-03 	 6.753e-03 	 4.203e-02 
2.06100 	 2.330e-03 	 6.697e-03 	 4.204e-02 
2.06700 	 2.292e-03 	 6.577e-03 	 4.127e-02 
2.07300 	 2.268e-03 	 6.516e-03 	 4.107e-02 
2.07900 	 2.233e-03 	 6.463e-03 	 4.093e-02 
2.08500 	 2.208e-03 	 6.381e-03 	 4.043e-02 
2.09100 	 2.181e-03 	 6.357e-03 	 4.001e-02 
2.09700 	 2.167e-03 	 6.262e-03 	 4.027e-02 
2.10300 	 2.139e-03 	 6.206e-03 	 3.957e-02 
2.10900 	 2.101e-03 	 6.118e-03 	 3.955e-02 
2.11500 	 2.084e-03 	 6.090e-03 	 3.904e-02 
2.12100 	 2.054e-03 	 5.998e-03 	 3.820e-02 
2.12700 	 2.023e-03 	 5.918e-03 	 3.790e-02 
2.13300 	 2.015e-03 	 5.878e-03 	 3.783e-02 
2.13900 	 1.995e-03 	 5.903e-03 	 3.743e-02 
2.14500 	 1.955e-03 	 5.795e-03 	 3.718e-02 
2.15100 	 1.936e-03 	 5.725e-03 	 3.713e-02 
2.15700 	 1.917e-03 	 5.675e-03 	 3.622e-02 
2.16300 	 1.888e-03 	 5.618e-03 	 3.615e-02 
2.16900 	 1.868e-03 	 5.539e-03 	 3.618e-02 
2.17500 	 1.853e-03 	 5.494e-03 	 3.554e-02 
2.18100 	 1.839e-03 	 5.461e-03 	 3.520e-02 
2.18700 	 1.803e-03 	 5.406e-03 	 3.505e-02 
2.19300 	 1.793e-03 	 5.351e-03 	 3.502e-02 
2.19900 	 1.757e-03 	 5.278e-03 	 3.438e-02 
2.20500 	 1.757e-03 	 5.259e-03 	 3.386e-02 
2.21100 	 1.726e-03 	 5.155e-03 	 3.352e-02 
2.21700 	 1.700e-03 	 5.137e-03 	 3.368e-02 
2.22300 	 1.700e-03 	 5.079e-03 	 3.305e-02 
2.22900 	 1.667e-03 	 4.978e-03 	 3.289e-02 
2.23500 	 1.651e-03 	 4.953e-03 	 3.287e-02 
2.24100 	 1.627e-03 	 4.934e-03 	 3.227e-02 
2.24700 	 1.615e-03 	 4.857e-03 	 3.234e-02 
2.25300 	 1.588e-03 	 4.843e-03 	 3.120e-02 
2.25900 	 1.578e-03 	 4.783e-03 	 3.183e-02 
2.26500 	 1.547e-03 	 4.731e-03 	 3.133e-02 
2.27100 	 1.522e-03 	 4.701e-03 	 3.097e-02 
2.27700 	 1.507e-03 	 4.661e-03 	 3.029e-02 
2.28300 	 1.493e-03 	 4.594e-03 	 3.048e-02 
2.28900 	 1.475e-03 	 4.491e-03 	 3.033e-02 
2.29500 	 1.461e-03 	 4.531e-03 	 3.005e-02 
2.30100 	 1.458e-03 	 4.460e-03 	 2.965e-02 
2.30700 	 1.436e-03 	 4.386e-03 	 2.917e-02 
2.31300 	 1.416e-03 	 4.365e-03 	 2.928e-02 
2.31900 	 1.396e-03 	 4.333e-03 	 2.927e-02 
2.32500 	 1.380e-03 	 4.309e-03 	 2.867e-02 
2.33100 	 1.359e-03 	 4.260e-03 	 2.834e-02 
2.33700 	 1.349e-03 	 4.197e-03 	 2.823e-02 
2.34300 	 1.343e-03 	 4.171e-03 	 2.807e-02 
2.34900 	 1.323e-03 	 4.115e-03 	 2.789e-02 
2.35500 	 1.308e-03 	 4.099e-03 	 2.758e-02 
2.36100 	 1.295e-03 	 4.052e-03 	 2.752e-02 
2.36700 	 1.268e-03 	 4.029e-03 	 2.706e-02 
2.37300 	 1.264e-03 	 3.945e-03 	 2.680e-02 
2.37900 	 1.245e-03 	 3.936e-03 	 2.649e-02 
2.38500 	 1.227e-03 	 3.894e-03 	 2.635e-02 
2.39100 	 1.222e-03 	 3.834e-03 	 2.614e-02 
2.39700 	 1.203e-03 	 3.798e-03 	 2.594e-02 
2.40300 	 1.195e-03 	 3.787e-03 	 2.590e-02 
2.40900 	 1.173e-03 	 3.723e-03 	 2.534e-02 
2.41500 	 1.164e-03 	 3.687e-03 	 2.513e-02 
2.42100 	 1.147e-03 	 3.637e-03 	 2.523e-02 
2.42700 	 1.137e-03 	 3.631e-03 	 2.498e-02 
2.43300 	 1.122e-03 	 3.592e-03 	 2.479e-02 
2.43900 	 1.120e-03 	 3.549e-03 	 2.461e-02 
2.44500 	 1.106e-03 	 3.512e-03 	 2.441e-02 
2.45100 	 1.097e-03 	 3.523e-03 	 2.423e-02 
2.45700 	 1.073e-03 	 3.446e-03 	 2.392e-02 
2.46300 	 1.067e-03 	 3.414e-03 	 2.386e-02 
2.46900 	 1.054e-03 	 3.394e-03 	 2.362e-02 
2.47500 	 1.040e-03 	 3.347e-03 	 2.341e-02 
2.48100 	 1.025e-03 	 3.332e-03 	 2.319e-02 
2.48700 	 1.021e-03 	 3.282e-03 	 2.286e-02 
2.49300 	 1.012e-03 	 3.251e-03 	 2.292e-02 
2.49900 	 9.972e-04 	 3.211e-03 	 2.252e-02 
2.50500 	 9.853e-04 	 3.200e-03 	 2.266e-02 
2.51100 	 9.698e-04 	 3.173e-03 	 2.233e-02 
2.51700 	 9.625e-04 	 3.118e-03 	 2.167e-02 
2.52300 	 9.533e-04 	 3.126e-03 	 2.173e-02 
2.52900 	 9.405e-04 	 3.056e-03 	 2.157e-02 
2.53500 	 9.261e-04 	 3.069e-03 	 2.136e-02 
2.54100 	 9.212e-04 	 3.007e-03 	 2.134e-02 
2.54700 	 9.160e-04 	 2.985e-03 	 2.133e-02 
2.55300 	 8.954e-04 	 2.983e-03 	 2.099e-02 
2.55900 	 8.899e-04 	 2.901e-03 	 2.060e-02 
2.56500 	 8.854e-04 	 2.916e-03 	 2.070e-02 
2.57100 	 8.753e-04 	 2.863e-03 	 2.041e-02 
2.57700 	 8.637e-04 	 2.833e-03 	 2.052e-02 
2.58300 	 8.452e-04 	 2.809e-03 	 2.002e-02 
2.58900 	 8.429e-04 	 2.775e-03 	 2.007e-02 
2.59500 	 8.355e-04 	 2.745e-03 	 1.947e-02 
2.60100 	 8.183e-04 	 2.761e-03 	 1.952e-02 
2.60700 	 8.177e-04 	 2.717e-03 	 1.946e-02 
2.61300 	 8.046e-04 	 2.700e-03 	 1.915e-02 
2.61900 	 7.971e-04 	 2.657e-03 	 1.931e-02 
2.62500 	 7.939e-04 	 2.644e-03 	 1.883e-02 
2.63100 	 7.836e-04 	 2.588e-03 	 1.883e-02 
2.63700 	 7.774e-04 	 2.599e-03 	 1.854e-02 
2.64300 	 7.642e-04 	 2.574e-03 	 1.856e-02 
2.64900 	 7.528e-04 	 2.517e-03 	 1.829e-02 
2.65500 	 7.460e-04 	 2.511e-03 	 1.829e-02 
2.66100 	 7.366e-04 	 2.485e-03 	 1.798e-02 
2.66700 	 7.284e-04 	 2.462e-03 	 1.817e-02 
2.67300 	 7.197e-04 	 2.437e-03 	 1.772e-02 
2.67900 	 7.164e-04 	 2.411e-03 	 1.755e-02 
2.68500 	 7.109e-04 	 2.379e-03 	 1.769e-02 
2.69100 	 6.991e-04 	 2.365e-03 	 1.736e-02 
2.69700 	 6.907e-04 	 2.343e-03 	 1.696e-02 
2.70300 	 6.808e-04 	 2.331e-03 	 1.705e-02 
2.70900 	 6.795e-04 	 2.317e-03 	 1.689e-02 
2.71500 	 6.725e-04 	 2.275e-03 	 1.683e-02 
2.72100 	 6.617e-04 	 2.259e-03 	 1.628e-02 
2.72700 	 6.586e-04 	 2.247e-03 	 1.648e-02 
2.73300 	 6.498e-04 	 2.242e-03 	 1.630e-02 
2.73900 	 6.421e-04 	 2.181e-03 	 1.615e-02 
2.74500 	 6.357e-04 	 2.174e-03 	 1.582e-02 
2.75100 	 6.307e-04 	 2.165e-03 	 1.614e-02 
2.75700 	 6.227e-04 	 2.148e-03 	 1.570e-02 
2.76300 	 6.157e-04 	 2.110e-03 	 1.582e-02 
2.76900 	 6.066e-04 	 2.100e-03 	 1.560e-02 
2.77500 	 5.963e-04 	 2.081e-03 	 1.550e-02 
2.78100 	 5.989e-04 	 2.068e-03 	 1.507e-02 
2.78700 	 5.904e-04 	 2.050e-03 	 1.535e-02 
2.79300 	 5.830e-04 	 2.026e-03 	 1.531e-02 
2.79900 	 5.763e-04 	 2.006e-03 	 1.479e-02 
2.80500 	 5.749e-04 	 1.984e-03 	 1.505e-02 
2.81100 	 5.631e-04 	 1.960e-03 	 1.477e-02 
2.81700 	 5.604e-04 	 1.945e-03 	 1.457e-02 
2.82300 	 5.532e-04 	 1.936e-03 	 1.445e-02 
2.82900 	 5.449e-04 	 1.913e-03 	 1.435e-02 
2.83500 	 5.379e-04 	 1.877e-03 	 1.424e-02 
2.84100 	 5.354e-04 	 1.876e-03 	 1.419e-02 
2.84700 	 5.297e-04 	 1.867e-03 	 1.426e-02 
2.85300 	 5.249e-04 	 1.858e-03 	 1.381e-02 
2.85900 	 5.240e-04 	 1.819e-03 	 1.348e-02 
2.86500 	 5.115e-04 	 1.793e-03 	 1.371e-02 
2.87100 	 5.056e-04 	 1.792e-03 	 1.352e-02 
2.87700 	 5.065e-04 	 1.781e-03 	 1.326e-02 
2.88300 	 4.976e-04 	 1.755e-03 	 1.319e-02 
2.88900 	 4.922e-04 	 1.745e-03 	 1.323e-02 
2.89500 	 4.853e-04 	 1.734e-03 	 1.313e-02 
2.90100 	 4.785e-04 	 1.715e-03 	 1.332e-02 
2.90700 	 4.768e-04 	 1.710e-03 	 1.308e-02 
2.91300 	 4.743e-04 	 1.705e-03 	 1.288e-02 
2.91900 	 4.737e-04 	 1.682e-03 	 1.279e-02 
2.92500 	 4.676e-04 	 1.650e-03 	 1.279e-02 
2.93100 	 4.553e-04 	 1.623e-03 	 1.256e-02 
2.93700 	 4.537e-04 	 1.608e-03 	 1.227e-02 
2.94300 	 4.466e-04 	 1.623e-03 	 1.239e-02 
2.94900 	 4.441e-04 	 1.596e-03 	 1.234e-02 
2.95500 	 4.357e-04 	 1.583e-03 	 1.214e-02 
2.96100 	 4.328e-04 	 1.561e-03 	 1.184e-02 
2.96700 	 4.310e-04 	 1.539e-03 	 1.192e-02 
2.97300 	 4.264e-04 	 1.531e-03 	 1.200e-02 
2.97900 	 4.183e-04 	 1.513e-03 	 1.194e-02 
2.98500 	 4.156e-04 	 1.493e-03 	 1.170e-02 
2.99100 	 4.123e-04 	 1.481e-03 	 1.149e-02 
2.99700 	 4.073e-04 	 1.479e-03 	 1.171e-02 
3.00300 	 4.040e-04 	 1.449e-03 	 1.161e-02 
3.00900 	 3.995e-04 	 1.443e-03 	 1.127e-02 
3.01500 	 3.966e-04 	 1.449e-03 	 1.105e-02 
3.02100 	 3.901e-04 	 1.439e-03 	 1.103e-02 
3.02700 	 3.896e-04 	 1.408e-03 	 1.105e-02 
3.03300 	 3.850e-04 	 1.409e-03 	 1.087e-02 
3.03900 	 3.836e-04 	 1.391e-03 	 1.088e-02 
3.04500 	 3.740e-04 	 1.385e-03 	 1.063e-02 
3.05100 	 3.723e-04 	 1.361e-03 	 1.072e-02 
3.05700 	 3.644e-04 	 1.338e-03 	 1.043e-02 
3.06300 	 3.656e-04 	 1.339e-03 	 1.077e-02 
3.06900 	 3.622e-04 	 1.333e-03 	 1.039e-02 
3.07500 	 3.571e-04 	 1.325e-03 	 1.032e-02 
3.08100 	 3.524e-04 	 1.306e-03 	 1.015e-02 
3.08700 	 3.510e-04 	 1.288e-03 	 1.020e-02 
3.09300 	 3.457e-04 	 1.269e-03 	 9.937e-03 
3.09900 	 3.430e-04 	 1.270e-03 	 9.962e-03 
3.10500 	 3.426e-04 	 1.239e-03 	 9.834e-03 
3.11100 	 3.377e-04 	 1.244e-03 	 9.887e-03 
3.11700 	 3.332e-04 	 1.240e-03 	 9.596e-03 
3.12300 	 3.278e-04 	 1.231e-03 	 9.518e-03 
3.12900 	 3.229e-04 	 1.211e-03 	 9.671e-03 
3.13500 	 3.230e-04 	 1.192e-03 	 9.491e-03 
3.14100 	 3.200e-04 	 1.194e-03 	 9.278e-03 
3.14700 	 3.149e-04 	 1.183e-03 	 9.433e-03 
3.15300 	 3.118e-04 	 1.156e-03 	 9.201e-03 
3.15900 	 3.116e-04 	 1.154e-03 	 9.104e-03 
3.16500 	 3.071e-04 	 1.147e-03 	 9.088e-03 
3.17100 	 3.057e-04 	 1.135e-03 	 8.976e-03 
3.17700 	 2.993e-04 	 1.122e-03 	 8.917e-03 
3.18300 	 2.935e-04 	 1.115e-03 	 8.811e-03 
3.18900 	 2.921e-04 	 1.119e-03 	 8.844e-03 
3.19500 	 2.890e-04 	 1.098e-03 	 8.772e-03 
3.20100 	 2.913e-04 	 1.083e-03 	 8.648e-03 
3.20700 	 2.846e-04 	 1.076e-03 	 8.468e-03 
3.21300 	 2.836e-04 	 1.060e-03 	 8.639e-03 
3.21900 	 2.829e-04 	 1.052e-03 	 8.462e-03 
3.22500 	 2.760e-04 	 1.040e-03 	 8.631e-03 
3.23100 	 2.750e-04 	 1.035e-03 	 8.207e-03 
3.23700 	 2.724e-04 	 1.028e-03 	 8.321e-03 
3.24300 	 2.678e-04 	 1.024e-03 	 8.124e-03 
3.24900 	 2.658e-04 	 1.010e-03 	 8.106e-03 
3.25500 	 2.638e-04 	 1.002e-03 	 8.182e-03 
3.26100 	 2.603e-04 	 9.920e-04 	 8.117e-03 
3.26700 	 2.574e-04 	 9.837e-04 	 8.009e-03 
3.27300 	 2.551e-04 	 9.679e-04 	 7.839e-03 
3.27900 	 2.502e-04 	 9.545e-04 	 7.837e-03 
3.28500 	 2.501e-04 	 9.524e-04 	 7.819e-03 
3.29100 	 2.455e-04 	 9.420e-04 	 7.762e-03 
3.29700 	 2.453e-04 	 9.599e-04 	 7.630e-03 
3.30300 	 2.411e-04 	 9.240e-04 	 7.601e-03 
3.30900 	 2.394e-04 	 9.266e-04 	 7.658e-03 
3.31500 	 2.382e-04 	 9.221e-04 	 7.484e-03 
3.32100 	 2.352e-04 	 9.072e-04 	 7.328e-03 
3.32700 	 2.342e-04 	 8.957e-04 	 7.379e-03 
3.33300 	 2.312e-04 	 8.986e-04 	 7.423e-03 
3.33900 	 2.270e-04 	 8.805e-04 	 7.317e-03 
3.34500 	 2.247e-04 	 8.784e-04 	 7.264e-03 
3.35100 	 2.228e-04 	 8.633e-04 	 7.259e-03 
3.35700 	 2.235e-04 	 8.613e-04 	 7.005e-03 
3.36300 	 2.213e-04 	 8.375e-04 	 6.971e-03 
3.36900 	 2.169e-04 	 8.496e-04 	 7.124e-03 
3.37500 	 2.163e-04 	 8.470e-04 	 6.851e-03 
3.38100 	 2.131e-04 	 8.230e-04 	 6.752e-03 
3.38700 	 2.116e-04 	 8.136e-04 	 6.727e-03 
3.39300 	 2.106e-04 	 8.152e-04 	 6.669e-03 
3.39900 	 2.052e-04 	 8.069e-04 	 6.763e-03 
3.40500 	 2.044e-04 	 7.892e-04 	 6.722e-03 
3.41100 	 2.003e-04 	 7.784e-04 	 6.700e-03 
3.41700 	 2.006e-04 	 7.809e-04 	 6.461e-03 
3.42300 	 1.993e-04 	 7.863e-04 	 6.383e-03 
3.42900 	 1.954e-04 	 7.736e-04 	 6.537e-03 
3.43500 	 1.964e-04 	 7.702e-04 	 6.424e-03 
3.44100 	 1.916e-04 	 7.704e-04 	 6.491e-03 
3.44700 	 1.901e-04 	 7.485e-04 	 6.390e-03 
3.45300 	 1.911e-04 	 7.538e-04 	 6.278e-03 
3.45900 	 1.860e-04 	 7.417e-04 	 6.247e-03 
3.46500 	 1.867e-04 	 7.259e-04 	 6.278e-03 
3.47100 	 1.832e-04 	 7.204e-04 	 5.946e-03 
3.47700 	 1.817e-04 	 7.184e-04 	 6.128e-03 
3.48300 	 1.787e-04 	 7.166e-04 	 6.173e-03 
3.48900 	 1.775e-04 	 7.073e-04 	 6.079e-03 
3.49500 	 1.748e-04 	 7.042e-04 	 5.837e-03 
3.50100 	 1.743e-04 	 6.977e-04 	 5.752e-03 
3.50700 	 1.739e-04 	 6.886e-04 	 5.788e-03 
3.51300 	 1.721e-04 	 6.833e-04 	 5.809e-03 
3.51900 	 1.702e-04 	 6.765e-04 	 5.785e-03 
3.52500 	 1.674e-04 	 6.707e-04 	 5.777e-03 
3.53100 	 1.679e-04 	 6.701e-04 	 5.611e-03 
3.53700 	 1.641e-04 	 6.728e-04 	 5.628e-03 
3.54300 	 1.630e-04 	 6.553e-04 	 5.555e-03 
3.54900 	 1.614e-04 	 6.515e-04 	 5.500e-03 
3.55500 	 1.602e-04 	 6.383e-04 	 5.362e-03 
3.56100 	 1.590e-04 	 6.369e-04 	 5.509e-03 
3.56700 	 1.563e-04 	 6.398e-04 	 5.401e-03 
3.57300 	 1.578e-04 	 6.124e-04 	 5.377e-03 
3.57900 	 1.562e-04 	 6.152e-04 	 5.282e-03 
3.58500 	 1.503e-04 	 6.110e-04 	 5.219e-03 
3.59100 	 1.506e-04 	 6.146e-04 	 5.274e-03 
3.59700 	 1.484e-04 	 6.077e-04 	 5.023e-03 
3.60300 	 1.495e-04 	 5.953e-04 	 5.056e-03 
3.60900 	 1.466e-04 	 5.863e-04 	 5.111e-03 
3.61500 	 1.444e-04 	 5.938e-04 	 5.101e-03 
3.62100 	 1.432e-04 	 5.865e-04 	 4.922e-03 
3.62700 	 1.416e-04 	 5.830e-04 	 4.845e-03 
3.63300 	 1.402e-04 	 5.751e-04 	 4.861e-03 
3.63900 	 1.385e-04 	 5.625e-04 	 4.867e-03 
3.64500 	 1.379e-04 	 5.601e-04 	 4.804e-03 
3.65100 	 1.371e-04 	 5.562e-04 	 4.674e-03 
3.65700 	 1.338e-04 	 5.456e-04 	 4.663e-03 
3.66300 	 1.333e-04 	 5.516e-04 	 4.735e-03 
3.66900 	 1.320e-04 	 5.471e-04 	 4.637e-03 
3.67500 	 1.297e-04 	 5.369e-04 	 4.582e-03 
3.68100 	 1.309e-04 	 5.281e-04 	 4.509e-03 
3.68700 	 1.279e-04 	 5.300e-04 	 4.724e-03 
3.69300 	 1.289e-04 	 5.287e-04 	 4.540e-03 
3.69900 	 1.264e-04 	 5.228e-04 	 4.597e-03 
3.70500 	 1.260e-04 	 5.220e-04 	 4.453e-03 
3.71100 	 1.232e-04 	 5.115e-04 	 4.511e-03 
3.71700 	 1.237e-04 	 5.127e-04 	 4.426e-03 
3.72300 	 1.214e-04 	 4.988e-04 	 4.351e-03 
3.72900 	 1.204e-04 	 4.980e-04 	 4.316e-03 
3.73500 	 1.198e-04 	 4.925e-04 	 4.338e-03 
3.74100 	 1.203e-04 	 4.889e-04 	 4.340e-03 
3.74700 	 1.171e-04 	 4.915e-04 	 4.202e-03 
3.75300 	 1.154e-04 	 4.804e-04 	 4.186e-03 
3.75900 	 1.161e-04 	 4.836e-04 	 4.115e-03 
3.76500 	 1.132e-04 	 4.699e-04 	 4.082e-03 
3.77100 	 1.130e-04 	 4.748e-04 	 4.159e-03 
3.77700 	 1.110e-04 	 4.678e-04 	 4.125e-03 
3.78300 	 1.110e-04 	 4.589e-04 	 4.044e-03 
3.78900 	 1.094e-04 	 4.524e-04 	 3.943e-03 
3.79500 	 1.093e-04 	 4.524e-04 	 3.985e-03 
3.80100 	 1.083e-04 	 4.444e-04 	 3.917e-03 
3.80700 	 1.066e-04 	 4.383e-04 	 4.055e-03 
3.81300 	 1.047e-04 	 4.501e-04 	 3.898e-03 
3.81900 	 1.048e-04 	 4.446e-04 	 3.981e-03 
3.82500 	 1.032e-04 	 4.326e-04 	 3.736e-03 
3.83100 	 1.022e-04 	 4.371e-04 	 3.879e-03 
3.83700 	 1.023e-04 	 4.227e-04 	 3.876e-03 
3.84300 	 1.003e-04 	 4.315e-04 	 3.729e-03 
3.84900 	 9.929e-05 	 4.198e-04 	 3.724e-03 
3.85500 	 9.898e-05 	 4.213e-04 	 3.590e-03 
3.86100 	 9.799e-05 	 4.141e-04 	 3.698e-03 
3.86700 	 9.681e-05 	 4.139e-04 	 3.681e-03 
3.87300 	 9.637e-05 	 3.983e-04 	 3.560e-03 
3.87900 	 9.335e-05 	 4.114e-04 	 3.479e-03 
3.88500 	 9.424e-05 	 4.008e-04 	 3.614e-03 
3.89100 	 9.271e-05 	 3.985e-04 	 3.559e-03 
3.89700 	 9.407e-05 	 3.950e-04 	 3.617e-03 
3.90300 	 9.110e-05 	 3.873e-04 	 3.517e-03 
3.90900 	 9.068e-05 	 3.933e-04 	 3.369e-03 
3.91500 	 9.115e-05 	 3.883e-04 	 3.348e-03 
3.92100 	 8.945e-05 	 3.772e-04 	 3.417e-03 
3.92700 	 8.655e-05 	 3.724e-04 	 3.448e-03 
3.93300 	 8.763e-05 	 3.738e-04 	 3.354e-03 
3.93900 	 8.657e-05 	 3.754e-04 	 3.302e-03 
3.94500 	 8.485e-05 	 3.640e-04 	 3.165e-03 
3.95100 	 8.489e-05 	 3.611e-04 	 3.124e-03 
3.95700 	 8.460e-05 	 3.618e-04 	 3.256e-03 
3.96300 	 8.301e-05 	 3.561e-04 	 3.126e-03 
3.96900 	 8.241e-05 	 3.420e-04 	 3.176e-03 
3.97500 	 8.002e-05 	 3.544e-04 	 3.121e-03 
3.98100 	 8.012e-05 	 3.397e-04 	 3.184e-03 
3.98700 	 7.955e-05 	 3.445e-04 	 3.091e-03 
3.99300 	 7.977e-05 	 3.383e-04 	 3.047e-03 
3.99900 	 7.887e-05 	 3.325e-04 	 3.038e-03 
4.00500 	 7.718e-05 	 3.344e-04 	 3.140e-03 
4.01100 	 7.704e-05 	 3.318e-04 	 2.991e-03 
4.01700 	 7.748e-05 	 3.273e-04 	 3.027e-03 
4.02300 	 7.521e-05 	 3.256e-04 	 2.959e-03 
4.02900 	 7.525e-05 	 3.272e-04 	 3.036e-03 
4.03500 	 7.390e-05 	 3.188e-04 	 2.876e-03 
4.04100 	 7.310e-05 	 3.191e-04 	 2.898e-03 
4.04700 	 7.305e-05 	 3.161e-04 	 2.936e-03 
4.05300 	 7.172e-05 	 3.182e-04 	 2.786e-03 
4.05900 	 7.041e-05 	 3.167e-04 	 2.803e-03 
4.06500 	 7.117e-05 	 3.063e-04 	 2.890e-03 
4.07100 	 7.034e-05 	 3.026e-04 	 2.798e-03 
4.07700 	 6.993e-05 	 3.015e-04 	 2.800e-03 
4.08300 	 6.981e-05 	 3.061e-04 	 2.796e-03 
4.08900 	 6.750e-05 	 2.898e-04 	 2.719e-03 
4.09500 	 6.824e-05 	 3.054e-04 	 2.713e-03 
4.10100 	 6.717e-05 	 2.896e-04 	 2.663e-03 
4.10700 	 6.692e-05 	 2.907e-04 	 2.741e-03 
4.11300 	 6.549e-05 	 2.873e-04 	 2.671e-03 
4.11900 	 6.504e-05 	 2.871e-04 	 2.614e-03 
4.12500 	 6.489e-05 	 2.852e-04 	 2.600e-03 
4.13100 	 6.456e-05 	 2.791e-04 	 2.534e-03 
4.13700 	 6.343e-05 	 2.858e-04 	 2.583e-03 
4.14300 	 6.250e-05 	 2.751e-04 	 2.558e-03 
4.14900 	 6.219e-05 	 2.683e-04 	 2.502e-03 
4.15500 	 6.116e-05 	 2.765e-04 	 2.581e-03 
4.16100 	 6.108e-05 	 2.706e-04 	 2.500e-03 
4.16700 	 6.043e-05 	 2.692e-04 	 2.496e-03 
4.17300 	 6.004e-05 	 2.650e-04 	 2.400e-03 
4.17900 	 5.890e-05 	 2.631e-04 	 2.465e-03 
4.18500 	 5.875e-05 	 2.614e-04 	 2.411e-03 
4.19100 	 5.904e-05 	 2.531e-04 	 2.417e-03 
4.19700 	 5.894e-05 	 2.602e-04 	 2.355e-03 
4.20300 	 5.822e-05 	 2.557e-04 	 2.304e-03 
4.20900 	 5.724e-05 	 2.510e-04 	 2.328e-03 
4.21500 	 5.604e-05 	 2.463e-04 	 2.239e-03 
4.22100 	 5.497e-05 	 2.490e-04 	 2.336e-03 
4.22700 	 5.547e-05 	 2.462e-04 	 2.279e-03 
4.23300 	 5.440e-05 	 2.421e-04 	 2.377e-03 
4.23900 	 5.323e-05 	 2.393e-04 	 2.212e-03 
4.24500 	 5.355e-05 	 2.412e-04 	 2.288e-03 
4.25100 	 5.301e-05 	 2.395e-04 	 2.175e-03 
4.25700 	 5.292e-05 	 2.337e-04 	 2.257e-03 
4.26300 	 5.220e-05 	 2.333e-04 	 2.182e-03 
4.26900 	 5.135e-05 	 2.332e-04 	 2.129e-03 
4.27500 	 5.158e-05 	 2.283e-04 	 2.247e-03 
4.28100 	 5.028e-05 	 2.291e-04 	 2.144e-03 
4.28700 	 5.027e-05 	 2.252e-04 	 2.146e-03 
4.29300 	 4.904e-05 	 2.239e-04 	 2.090e-03 
4.29900 	 4.838e-05 	 2.162e-04 	 2.127e-03 
4.30500 	 4.883e-05 	 2.181e-04 	 2.101e-03 
4.31100 	 4.904e-05 	 2.198e-04 	 2.093e-03 
4.31700 	 4.760e-05 	 2.152e-04 	 2.023e-03 
4.32300 	 4.747e-05 	 2.144e-04 	 2.063e-03 
4.32900 	 4.734e-05 	 2.134e-04 	 1.969e-03 
4.33500 	 4.785e-05 	 2.032e-04 	 1.971e-03 
4.34100 	 4.632e-05 	 2.096e-04 	 2.007e-03 
4.34700 	 4.576e-05 	 2.062e-04 	 1.926e-03 
4.35300 	 4.517e-05 	 2.078e-04 	 1.986e-03 
4.35900 	 4.496e-05 	 2.008e-04 	 1.939e-03 
4.36500 	 4.502e-05 	 2.018e-04 	 1.968e-03 
4.37100 	 4.527e-05 	 2.020e-04 	 1.950e-03 
4.37700 	 4.361e-05 	 1.989e-04 	 1.901e-03 
4.38300 	 4.370e-05 	 1.952e-04 	 1.903e-03 
4.38900 	 4.322e-05 	 1.984e-04 	 1.922e-03 
4.39500 	 4.270e-05 	 1.928e-04 	 1.828e-03 
4.40100 	 4.213e-05 	 1.967e-04 	 1.812e-03 
4.40700 	 4.157e-05 	 1.898e-04 	 1.821e-03 
4.41300 	 4.099e-05 	 1.898e-04 	 1.792e-03 
4.41900 	 4.214e-05 	 1.911e-04 	 1.842e-03 
4.42500 	 4.133e-05 	 1.890e-04 	 1.870e-03 
4.43100 	 4.108e-05 	 1.848e-04 	 1.761e-03 
4.43700 	 3.959e-05 	 1.855e-04 	 1.719e-03 
4.44300 	 3.988e-05 	 1.821e-04 	 1.720e-03 
4.44900 	 3.912e-05 	 1.828e-04 	 1.774e-03 
4.45500 	 3.900e-05 	 1.810e-04 	 1.684e-03 
4.46100 	 3.844e-05 	 1.752e-04 	 1.750e-03 
4.46700 	 3.797e-05 	 1.784e-04 	 1.790e-03 
4.47300 	 3.733e-05 	 1.755e-04 	 1.682e-03 
4.47900 	 3.807e-05 	 1.693e-04 	 1.728e-03 
4.48500 	 3.772e-05 	 1.677e-04 	 1.566e-03 
4.49100 	 3.608e-05 	 1.683e-04 	 1.682e-03 
4.49700 	 3.642e-05 	 1.671e-04 	 1.626e-03 
4.50300 	 3.623e-05 	 1.637e-04 	 1.609e-03 
4.50900 	 3.634e-05 	 1.633e-04 	 1.610e-03 
4.51500 	 3.568e-05 	 1.664e-04 	 1.582e-03 
4.52100 	 3.524e-05 	 1.600e-04 	 1.504e-03 
4.52700 	 3.513e-05 	 1.637e-04 	 1.641e-03 
4.53300 	 3.398e-05 	 1.626e-04 	 1.525e-03 
4.53900 	 3.438e-05 	 1.573e-04 	 1.497e-03 
4.54500 	 3.421e-05 	 1.563e-04 	 1.533e-03 
4.55100 	 3.341e-05 	 1.573e-04 	 1.500e-03 
4.55700 	 3.349e-05 	 1.574e-04 	 1.527e-03 
4.56300 	 3.360e-05 	 1.530e-04 	 1.464e-03 
4.56900 	 3.261e-05 	 1.493e-04 	 1.485e-03 
4.57500 	 3.237e-05 	 1.500e-04 	 1.412e-03 
4.58100 	 3.200e-05 	 1.473e-04 	 1.501e-03 
4.58700 	 3.252e-05 	 1.503e-04 	 1.407e-03 
4.59300 	 3.165e-05 	 1.470e-04 	 1.446e-03 
4.59900 	 3.114e-05 	 1.462e-04 	 1.428e-03 
4.60500 	 3.130e-05 	 1.435e-04 	 1.421e-03 
4.61100 	 3.070e-05 	 1.431e-04 	 1.360e-03 
4.61700 	 3.040e-05 	 1.449e-04 	 1.354e-03 
4.62300 	 3.004e-05 	 1.368e-04 	 1.397e-03 
4.62900 	 3.032e-05 	 1.395e-04 	 1.378e-03 
4.63500 	 2.935e-05 	 1.350e-04 	 1.364e-03 
4.64100 	 2.894e-05 	 1.346e-04 	 1.348e-03 
4.64700 	 2.895e-05 	 1.373e-04 	 1.421e-03 
4.65300 	 2.904e-05 	 1.376e-04 	 1.238e-03 
4.65900 	 2.862e-05 	 1.371e-04 	 1.322e-03 
4.66500 	 2.782e-05 	 1.363e-04 	 1.360e-03 
4.67100 	 2.867e-05 	 1.301e-04 	 1.277e-03 
4.67700 	 2.718e-05 	 1.336e-04 	 1.271e-03 
4.68300 	 2.738e-05 	 1.309e-04 	 1.263e-03 
4.68900 	 2.753e-05 	 1.281e-04 	 1.262e-03 
4.69500 	 2.673e-05 	 1.290e-04 	 1.294e-03 
4.70100 	 2.683e-05 	 1.279e-04 	 1.219e-03 
4.70700 	 2.603e-05 	 1.236e-04 	 1.147e-03 
4.71300 	 2.654e-05 	 1.254e-04 	 1.194e-03 
4.71900 	 2.617e-05 	 1.252e-04 	 1.134e-03 
4.72500 	 2.599e-05 	 1.237e-04 	 1.206e-03 
4.73100 	 2.610e-05 	 1.234e-04 	 1.216e-03 
4.73700 	 2.581e-05 	 1.221e-04 	 1.146e-03 
4.74300 	 2.478e-05 	 1.203e-04 	 1.147e-03 
4.74900 	 2.478e-05 	 1.182e-04 	 1.227e-03 
4.75500 	 2.444e-05 	 1.176e-04 	 1.131e-03 
4.76100 	 2.505e-05 	 1.186e-04 	 1.156e-03 
4.76700 	 2.426e-05 	 1.128e-04 	 1.177e-03 
4.77300 	 2.455e-05 	 1.160e-04 	 1.184e-03 
4.77900 	 2.406e-05 	 1.130e-04 	 1.118e-03 
4.78500 	 2.347e-05 	 1.142e-04 	 1.126e-03 
4.79100 	 2.307e-05 	 1.099e-04 	 1.127e-03 
4.79700 	 2.317e-05 	 1.090e-04 	 1.099e-03 
4.80300 	 2.250e-05 	 1.085e-04 	 1.154e-03 
4.80900 	 2.246e-05 	 1.088e-04 	 1.092e-03 
4.81500 	 2.278e-05 	 1.103e-04 	 1.116e-03 
4.82100 	 2.199e-05 	 1.131e-04 	 1.049e-03 
4.82700 	 2.205e-05 	 1.111e-04 	 1.032e-03 
4.83300 	 2.181e-05 	 1.041e-04 	 1.050e-03 
4.83900 	 2.217e-05 	 1.042e-04 	 1.033e-03 
4.84500 	 2.178e-05 	 1.020e-04 	 1.120e-03 
4.85100 	 2.090e-05 	 1.015e-04 	 1.106e-03 
4.85700 	 2.083e-05 	 1.057e-04 	 1.082e-03 
4.86300 	 2.125e-05 	 1.012e-04 	 9.955e-04 
4.86900 	 2.090e-05 	 9.777e-05 	 1.022e-03 
4.87500 	 2.072e-05 	 9.814e-05 	 1.004e-03 
4.88100 	 2.050e-05 	 9.713e-05 	 1.049e-03 
4.88700 	 2.058e-05 	 1.017e-04 	 1.028e-03 
4.89300 	 2.038e-05 	 1.003e-04 	 9.834e-04 
4.89900 	 2.025e-05 	 9.563e-05 	 9.476e-04 
4.90500 	 1.945e-05 	 9.567e-05 	 9.634e-04 
4.91100 	 1.965e-05 	 9.397e-05 	 1.016e-03 
4.91700 	 1.934e-05 	 9.608e-05 	 9.909e-04 
4.92300 	 1.898e-05 	 9.383e-05 	 9.303e-04 
4.92900 	 1.925e-05 	 9.288e-05 	 9.161e-04 
4.93500 	 1.878e-05 	 9.137e-05 	 9.553e-04 
4.94100 	 1.861e-05 	 8.912e-05 	 8.719e-04 
4.94700 	 1.840e-05 	 9.099e-05 	 9.227e-04 
4.95300 	 1.853e-05 	 9.166e-05 	 9.776e-04 
4.95900 	 1.787e-05 	 8.778e-05 	 9.013e-04 
4.96500 	 1.787e-05 	 8.750e-05 	 8.946e-04 
4.97100 	 1.791e-05 	 8.633e-05 	 9.058e-04 
4.97700 	 1.795e-05 	 8.546e-05 	 9.266e-04 
4.98300 	 1.788e-05 	 8.585e-05 	 8.474e-04 
4.98900 	 1.733e-05 	 8.699e-05 	 9.228e-04 
4.99500 	 1.753e-05 	 8.558e-05 	 8.546e-04 
5.00100 	 1.712e-05 	 8.335e-05 	 8.253e-04 
5.00700 	 1.699e-05 	 8.043e-05 	 8.122e-04 
5.01300 	 1.716e-05 	 8.570e-05 	 8.231e-04 
5.01900 	 1.723e-05 	 8.106e-05 	 9.151e-04 
5.02500 	 1.694e-05 	 8.399e-05 	 8.349e-04 
5.03100 	 1.641e-05 	 8.221e-05 	 8.200e-04 
5.03700 	 1.607e-05 	 7.743e-05 	 8.438e-04 
5.04300 	 1.558e-05 	 7.773e-05 	 8.552e-04 
5.04900 	 1.568e-05 	 8.086e-05 	 8.157e-04 
5.05500 	 1.574e-05 	 7.672e-05 	 7.783e-04 
5.06100 	 1.567e-05 	 7.985e-05 	 8.586e-04 
5.06700 	 1.517e-05 	 7.680e-05 	 8.381e-04 
5.07300 	 1.546e-05 	 7.514e-05 	 8.207e-04 
5.07900 	 1.563e-05 	 7.580e-05 	 8.050e-04 
5.08500 	 1.510e-05 	 7.262e-05 	 7.339e-04 
5.09100 	 1.500e-05 	 7.495e-05 	 7.787e-04 
5.09700 	 1.504e-05 	 7.365e-05 	 7.532e-04 
5.10300 	 1.471e-05 	 7.363e-05 	 7.745e-04 
5.10900 	 1.422e-05 	 7.109e-05 	 7.222e-04 
5.11500 	 1.442e-05 	 6.942e-05 	 7.641e-04 
5.12100 	 1.416e-05 	 7.091e-05 	 7.004e-04 
5.12700 	 1.405e-05 	 7.086e-05 	 7.646e-04 
5.13300 	 1.426e-05 	 6.895e-05 	 7.559e-04 
5.13900 	 1.359e-05 	 6.577e-05 	 7.383e-04 
5.14500 	 1.390e-05 	 6.898e-05 	 6.917e-04 
5.15100 	 1.376e-05 	 6.815e-05 	 7.184e-04 
5.15700 	 1.355e-05 	 6.628e-05 	 7.248e-04 
5.16300 	 1.354e-05 	 6.968e-05 	 6.847e-04 
5.16900 	 1.307e-05 	 6.639e-05 	 6.457e-04 
5.17500 	 1.324e-05 	 6.753e-05 	 7.107e-04 
5.18100 	 1.312e-05 	 6.791e-05 	 7.092e-04 
5.18700 	 1.295e-05 	 6.361e-05 	 6.827e-04 
5.19300 	 1.282e-05 	 6.433e-05 	 7.217e-04 
5.19900 	 1.299e-05 	 6.367e-05 	 7.404e-04 
5.20500 	 1.257e-05 	 6.446e-05 	 6.378e-04 
5.21100 	 1.260e-05 	 6.331e-05 	 6.595e-04 
5.21700 	 1.247e-05 	 6.614e-05 	 6.402e-04 
5.22300 	 1.277e-05 	 6.499e-05 	 6.438e-04 
5.22900 	 1.242e-05 	 6.155e-05 	 6.295e-04 
5.23500 	 1.231e-05 	 6.109e-05 	 6.739e-04 
5.24100 	 1.188e-05 	 5.990e-05 	 6.575e-04 
5.24700 	 1.215e-05 	 6.028e-05 	 6.297e-04 
5.25300 	 1.208e-05 	 5.969e-05 	 6.455e-04 
5.25900 	 1.167e-05 	 6.009e-05 	 6.233e-04 
5.26500 	 1.174e-05 	 6.373e-05 	 5.440e-04 
5.27100 	 1.136e-05 	 5.794e-05 	 6.475e-04 
5.27700 	 1.149e-05 	 5.820e-05 	 6.343e-04 
5.28300 	 1.160e-05 	 6.048e-05 	 6.008e-04 
5.28900 	 1.138e-05 	 5.725e-05 	 5.800e-04 
5.29500 	 1.132e-05 	 5.568e-05 	 5.916e-04 
5.30100 	 1.087e-05 	 5.323e-05 	 5.895e-04 
5.30700 	 1.094e-05 	 5.576e-05 	 5.951e-04 
5.31300 	 1.081e-05 	 5.473e-05 	 6.189e-04 
5.31900 	 1.050e-05 	 5.634e-05 	 6.223e-04 
5.32500 	 1.083e-05 	 5.291e-05 	 5.696e-04 
5.33100 	 1.066e-05 	 5.210e-05 	 5.724e-04 
5.33700 	 1.015e-05 	 5.244e-05 	 5.763e-04 
5.34300 	 1.032e-05 	 5.322e-05 	 5.746e-04 
5.34900 	 9.987e-06 	 5.099e-05 	 5.571e-04 
5.35500 	 1.042e-05 	 5.253e-05 	 5.625e-04 
5.36100 	 1.017e-05 	 5.192e-05 	 5.806e-04 
5.36700 	 9.592e-06 	 5.142e-05 	 5.450e-04 
5.37300 	 9.985e-06 	 5.291e-05 	 4.953e-04 
5.37900 	 9.770e-06 	 5.031e-05 	 5.462e-04 
5.38500 	 9.596e-06 	 4.862e-05 	 5.244e-04 
5.39100 	 9.765e-06 	 4.932e-05 	 5.142e-04 
5.39700 	 9.584e-06 	 4.988e-05 	 5.130e-04 
5.40300 	 9.562e-06 	 4.962e-05 	 5.044e-04 
5.40900 	 9.737e-06 	 4.911e-05 	 5.496e-04 
5.41500 	 9.508e-06 	 4.785e-05 	 5.117e-04 
5.42100 	 9.216e-06 	 4.808e-05 	 4.987e-04 
5.42700 	 9.153e-06 	 4.718e-05 	 4.584e-04 
5.43300 	 8.925e-06 	 4.772e-05 	 4.594e-04 
5.43900 	 8.968e-06 	 4.614e-05 	 4.512e-04 
5.44500 	 8.906e-06 	 4.533e-05 	 5.820e-04 
5.45100 	 8.781e-06 	 4.556e-05 	 5.167e-04 
5.45700 	 8.910e-06 	 4.810e-05 	 5.272e-04 
5.46300 	 8.447e-06 	 4.377e-05 	 4.642e-04 
5.46900 	 8.925e-06 	 4.373e-05 	 4.967e-04 
5.47500 	 8.318e-06 	 4.435e-05 	 5.028e-04 
5.48100 	 8.372e-06 	 4.322e-05 	 4.470e-04 
5.48700 	 8.405e-06 	 4.430e-05 	 5.127e-04 
5.49300 	 8.290e-06 	 4.470e-05 	 5.044e-04 
5.49900 	 8.343e-06 	 4.316e-05 	 4.494e-04 
5.50500 	 8.458e-06 	 4.368e-05 	 4.251e-04 
5.51100 	 8.467e-06 	 4.523e-05 	 4.134e-04 
5.51700 	 8.035e-06 	 4.271e-05 	 4.509e-04 
5.52300 	 7.954e-06 	 4.290e-05 	 5.079e-04 
5.52900 	 7.822e-06 	 3.926e-05 	 4.701e-04 
5.53500 	 8.049e-06 	 4.226e-05 	 4.178e-04 
5.54100 	 7.921e-06 	 3.922e-05 	 4.026e-04 
5.54700 	 7.792e-06 	 4.087e-05 	 4.257e-04 
5.55300 	 7.913e-06 	 4.179e-05 	 4.146e-04 
5.55900 	 7.676e-06 	 3.877e-05 	 4.438e-04 
5.56500 	 7.536e-06 	 4.064e-05 	 4.197e-04 
5.57100 	 7.746e-06 	 3.862e-05 	 4.180e-04 
5.57700 	 7.371e-06 	 3.751e-05 	 4.733e-04 
5.58300 	 7.697e-06 	 3.809e-05 	 4.563e-04 
5.58900 	 7.155e-06 	 3.827e-05 	 4.009e-04 
5.59500 	 7.134e-06 	 3.847e-05 	 4.346e-04 
5.60100 	 7.166e-06 	 3.718e-05 	 4.320e-04 
5.60700 	 7.385e-06 	 3.916e-05 	 4.021e-04 
5.61300 	 6.993e-06 	 3.591e-05 	 3.948e-04 
5.61900 	 7.009e-06 	 3.647e-05 	 4.047e-04 
5.62500 	 6.658e-06 	 3.514e-05 	 4.114e-04 
5.63100 	 6.798e-06 	 3.723e-05 	 3.781e-04 
5.63700 	 6.933e-06 	 3.469e-05 	 3.960e-04 
5.64300 	 6.785e-06 	 3.524e-05 	 3.583e-04 
5.64900 	 6.480e-06 	 3.289e-05 	 3.952e-04 
5.65500 	 6.688e-06 	 3.553e-05 	 3.956e-04 
5.66100 	 6.429e-06 	 3.542e-05 	 3.576e-04 
5.66700 	 6.463e-06 	 3.528e-05 	 3.531e-04 
5.67300 	 6.447e-06 	 3.314e-05 	 3.848e-04 
5.67900 	 6.524e-06 	 3.488e-05 	 3.761e-04 
5.68500 	 6.430e-06 	 3.246e-05 	 3.660e-04 
5.69100 	 6.178e-06 	 3.402e-05 	 3.337e-04 
5.69700 	 6.150e-06 	 3.357e-05 	 3.822e-04 
5.70300 	 6.024e-06 	 3.395e-05 	 3.685e-04 
5.70900 	 6.183e-06 	 3.175e-05 	 3.571e-04 
5.71500 	 6.056e-06 	 3.325e-05 	 3.765e-04 
5.72100 	 6.348e-06 	 3.347e-05 	 3.345e-04 
5.72700 	 6.001e-06 	 3.169e-05 	 3.392e-04 
5.73300 	 6.108e-06 	 3.208e-05 	 3.647e-04 
5.73900 	 5.776e-06 	 3.178e-05 	 3.751e-04 
5.74500 	 5.694e-06 	 2.953e-05 	 3.477e-04 
5.75100 	 5.624e-06 	 3.142e-05 	 3.557e-04 
5.75700 	 5.912e-06 	 2.930e-05 	 3.396e-04 
5.76300 	 5.438e-06 	 2.873e-05 	 3.731e-04 
5.76900 	 5.592e-06 	 3.072e-05 	 3.240e-04 
5.77500 	 5.771e-06 	 2.814e-05 	 3.461e-04 
5.78100 	 5.682e-06 	 2.829e-05 	 3.218e-04 
5.78700 	 5.313e-06 	 3.016e-05 	 3.217e-04 
5.79300 	 5.512e-06 	 2.956e-05 	 3.372e-04 
5.79900 	 5.462e-06 	 2.876e-05 	 3.224e-04 
5.80500 	 5.523e-06 	 2.814e-05 	 3.154e-04 
5.81100 	 5.153e-06 	 2.723e-05 	 3.095e-04 
5.81700 	 4.991e-06 	 2.858e-05 	 3.235e-04 
5.82300 	 5.207e-06 	 2.838e-05 	 3.101e-04 
5.82900 	 4.865e-06 	 2.555e-05 	 2.961e-04 
5.83500 	 5.112e-06 	 2.861e-05 	 3.178e-04 
5.84100 	 5.074e-06 	 2.550e-05 	 2.872e-04 
5.84700 	 4.978e-06 	 2.615e-05 	 2.924e-04 
5.85300 	 4.889e-06 	 2.632e-05 	 3.178e-04 
5.85900 	 5.192e-06 	 2.671e-05 	 2.686e-04 
5.86500 	 4.884e-06 	 2.670e-05 	 2.977e-04 
5.87100 	 4.845e-06 	 2.679e-05 	 3.018e-04 
5.87700 	 4.841e-06 	 2.551e-05 	 3.296e-04 
5.88300 	 4.672e-06 	 2.556e-05 	 2.791e-04 
5.88900 	 4.764e-06 	 2.596e-05 	 2.806e-04 
5.89500 	 4.758e-06 	 2.540e-05 	 3.195e-04 
5.90100 	 4.615e-06 	 2.416e-05 	 3.036e-04 
5.90700 	 4.659e-06 	 2.506e-05 	 2.758e-04 
5.91300 	 4.699e-06 	 2.546e-05 	 2.389e-04 
5.91900 	 4.434e-06 	 2.527e-05 	 2.560e-04 
5.92500 	 4.805e-06 	 2.456e-05 	 2.894e-04 
5.93100 	 4.487e-06 	 2.361e-05 	 2.418e-04 
5.93700 	 4.245e-06 	 2.360e-05 	 2.485e-04 
5.94300 	 4.362e-06 	 2.389e-05 	 2.873e-04 
5.94900 	 4.230e-06 	 2.477e-05 	 2.633e-04 
5.95500 	 4.477e-06 	 2.307e-05 	 2.553e-04 
5.96100 	 4.137e-06 	 2.273e-05 	 2.497e-04 
5.96700 	 4.259e-06 	 2.336e-05 	 2.431e-04 
5.97300 	 4.243e-06 	 2.384e-05 	 2.631e-04 
5.97900 	 4.125e-06 	 2.389e-05 	 2.457e-04 
5.98500 	 4.192e-06 	 2.331e-05 	 2.338e-04 
5.99100 	 3.977e-06 	 2.243e-05 	 2.669e-04 
5.99700 	 3.941e-06 	 2.308e-05 	 2.493e-04 
6.00300 	 6.280e-04 	 3.210e-03 	 3.418e-02 
