number of photons = 100000.000000
bin size = 0.00500 [cm] 
last row is overflow. Ignore.
r [cm] 	 Fsph [1/cm2] 	 Fcyl [1/cm2] 	 Fpla [1/cm2]
0.00250 	 1.296e+04 	 1.031e+02 	 5.688e+00 
0.00750 	 1.362e+03 	 3.090e+01 	 4.436e+00 
0.01250 	 5.024e+02 	 1.913e+01 	 3.852e+00 
0.01750 	 2.414e+02 	 1.277e+01 	 3.587e+00 
0.02250 	 1.507e+02 	 1.059e+01 	 3.305e+00 
0.02750 	 1.019e+02 	 8.549e+00 	 3.203e+00 
0.03250 	 7.587e+01 	 7.132e+00 	 2.928e+00 
0.03750 	 5.565e+01 	 6.214e+00 	 2.836e+00 
0.04250 	 4.388e+01 	 5.408e+00 	 2.733e+00 
0.04750 	 3.333e+01 	 4.993e+00 	 2.560e+00 
0.05250 	 2.801e+01 	 4.007e+00 	 2.404e+00 
0.05750 	 2.280e+01 	 3.882e+00 	 2.444e+00 
0.06250 	 2.009e+01 	 3.540e+00 	 2.241e+00 
0.06750 	 1.515e+01 	 3.004e+00 	 2.293e+00 
0.07250 	 1.440e+01 	 2.844e+00 	 2.229e+00 
0.07750 	 1.288e+01 	 2.686e+00 	 2.166e+00 
0.08250 	 1.063e+01 	 2.335e+00 	 2.082e+00 
0.08750 	 9.899e+00 	 2.440e+00 	 1.980e+00 
0.09250 	 8.788e+00 	 2.181e+00 	 1.998e+00 
0.09750 	 7.964e+00 	 2.025e+00 	 1.915e+00 
0.10250 	 6.598e+00 	 1.904e+00 	 1.833e+00 
0.10750 	 6.389e+00 	 1.743e+00 	 1.889e+00 
0.11250 	 5.911e+00 	 1.707e+00 	 1.813e+00 
0.11750 	 5.348e+00 	 1.654e+00 	 1.755e+00 
0.12250 	 4.612e+00 	 1.540e+00 	 1.641e+00 
0.12750 	 4.442e+00 	 1.483e+00 	 1.643e+00 
0.13250 	 4.015e+00 	 1.484e+00 	 1.621e+00 
0.13750 	 3.671e+00 	 1.296e+00 	 1.516e+00 
0.14250 	 3.330e+00 	 1.356e+00 	 1.540e+00 
0.14750 	 3.372e+00 	 1.311e+00 	 1.572e+00 
0.15250 	 2.938e+00 	 1.191e+00 	 1.467e+00 
0.15750 	 2.925e+00 	 1.139e+00 	 1.459e+00 
0.16250 	 2.842e+00 	 1.088e+00 	 1.467e+00 
0.16750 	 2.399e+00 	 1.051e+00 	 1.387e+00 
0.17250 	 2.255e+00 	 1.000e+00 	 1.373e+00 
0.17750 	 2.115e+00 	 9.380e-01 	 1.433e+00 
0.18250 	 2.020e+00 	 9.813e-01 	 1.359e+00 
0.18750 	 1.824e+00 	 8.207e-01 	 1.269e+00 
0.19250 	 1.758e+00 	 8.756e-01 	 1.246e+00 
0.19750 	 1.695e+00 	 7.890e-01 	 1.221e+00 
0.20250 	 1.563e+00 	 8.604e-01 	 1.144e+00 
0.20750 	 1.623e+00 	 8.426e-01 	 1.267e+00 
0.21250 	 1.543e+00 	 8.014e-01 	 1.195e+00 
0.21750 	 1.389e+00 	 7.515e-01 	 1.188e+00 
0.22250 	 1.287e+00 	 7.235e-01 	 1.095e+00 
0.22750 	 1.218e+00 	 6.877e-01 	 1.108e+00 
0.23250 	 1.129e+00 	 7.263e-01 	 1.167e+00 
0.23750 	 1.185e+00 	 6.643e-01 	 1.134e+00 
0.24250 	 1.093e+00 	 6.231e-01 	 1.120e+00 
0.24750 	 1.040e+00 	 6.514e-01 	 1.111e+00 
0.25250 	 1.011e+00 	 6.102e-01 	 1.021e+00 
0.25750 	 9.886e-01 	 6.357e-01 	 1.019e+00 
0.26250 	 9.523e-01 	 6.003e-01 	 1.048e+00 
0.26750 	 9.142e-01 	 5.874e-01 	 1.088e+00 
0.27250 	 8.066e-01 	 5.599e-01 	 1.017e+00 
0.27750 	 8.064e-01 	 5.190e-01 	 1.005e+00 
0.28250 	 8.199e-01 	 5.427e-01 	 9.636e-01 
0.28750 	 7.616e-01 	 4.968e-01 	 9.901e-01 
0.29250 	 7.004e-01 	 4.749e-01 	 9.971e-01 
0.29750 	 6.586e-01 	 5.047e-01 	 9.106e-01 
0.30250 	 6.807e-01 	 4.625e-01 	 9.368e-01 
0.30750 	 6.017e-01 	 4.437e-01 	 8.766e-01 
0.31250 	 6.487e-01 	 4.744e-01 	 9.333e-01 
0.31750 	 6.103e-01 	 4.311e-01 	 8.772e-01 
0.32250 	 5.825e-01 	 4.186e-01 	 9.188e-01 
0.32750 	 5.344e-01 	 4.254e-01 	 8.382e-01 
0.33250 	 5.427e-01 	 4.008e-01 	 8.037e-01 
0.33750 	 5.233e-01 	 3.954e-01 	 8.110e-01 
0.34250 	 4.981e-01 	 3.877e-01 	 8.669e-01 
0.34750 	 4.328e-01 	 3.694e-01 	 8.507e-01 
0.35250 	 4.151e-01 	 3.963e-01 	 8.230e-01 
0.35750 	 4.893e-01 	 3.777e-01 	 7.603e-01 
0.36250 	 4.471e-01 	 3.779e-01 	 7.834e-01 
0.36750 	 4.483e-01 	 3.714e-01 	 7.383e-01 
0.37250 	 4.063e-01 	 3.504e-01 	 7.708e-01 
0.37750 	 4.130e-01 	 3.375e-01 	 7.057e-01 
0.38250 	 3.864e-01 	 3.309e-01 	 7.755e-01 
0.38750 	 4.038e-01 	 3.462e-01 	 7.174e-01 
0.39250 	 3.662e-01 	 3.278e-01 	 7.915e-01 
0.39750 	 3.452e-01 	 2.966e-01 	 7.738e-01 
0.40250 	 3.649e-01 	 3.085e-01 	 7.326e-01 
0.40750 	 3.186e-01 	 2.848e-01 	 6.900e-01 
0.41250 	 3.308e-01 	 3.051e-01 	 7.469e-01 
0.41750 	 3.198e-01 	 2.843e-01 	 6.914e-01 
0.42250 	 3.234e-01 	 2.936e-01 	 6.907e-01 
0.42750 	 2.730e-01 	 2.724e-01 	 6.893e-01 
0.43250 	 3.036e-01 	 2.672e-01 	 6.555e-01 
0.43750 	 2.899e-01 	 2.565e-01 	 6.231e-01 
0.44250 	 2.758e-01 	 2.437e-01 	 6.805e-01 
0.44750 	 2.701e-01 	 2.678e-01 	 6.295e-01 
0.45250 	 2.466e-01 	 2.504e-01 	 6.404e-01 
0.45750 	 2.609e-01 	 2.343e-01 	 6.393e-01 
0.46250 	 2.464e-01 	 2.280e-01 	 6.508e-01 
0.46750 	 2.494e-01 	 2.509e-01 	 6.111e-01 
0.47250 	 2.312e-01 	 2.463e-01 	 5.847e-01 
0.47750 	 2.333e-01 	 2.270e-01 	 6.118e-01 
0.48250 	 2.243e-01 	 2.261e-01 	 6.256e-01 
0.48750 	 1.913e-01 	 2.210e-01 	 5.863e-01 
0.49250 	 2.256e-01 	 2.299e-01 	 5.798e-01 
0.49750 	 2.128e-01 	 2.116e-01 	 5.615e-01 
0.50250 	 1.959e-01 	 2.304e-01 	 5.865e-01 
0.50750 	 1.974e-01 	 2.094e-01 	 5.207e-01 
0.51250 	 1.935e-01 	 2.102e-01 	 5.514e-01 
0.51750 	 1.827e-01 	 2.074e-01 	 5.251e-01 
0.52250 	 1.793e-01 	 1.904e-01 	 4.997e-01 
0.52750 	 1.782e-01 	 1.809e-01 	 5.069e-01 
0.53250 	 1.635e-01 	 1.913e-01 	 5.189e-01 
0.53750 	 1.759e-01 	 1.953e-01 	 4.999e-01 
0.54250 	 1.720e-01 	 1.887e-01 	 5.509e-01 
0.54750 	 1.610e-01 	 1.832e-01 	 5.050e-01 
0.55250 	 1.465e-01 	 1.802e-01 	 5.258e-01 
0.55750 	 1.540e-01 	 1.855e-01 	 5.262e-01 
0.56250 	 1.602e-01 	 1.729e-01 	 4.956e-01 
0.56750 	 1.499e-01 	 1.716e-01 	 4.988e-01 
0.57250 	 1.410e-01 	 1.704e-01 	 5.087e-01 
0.57750 	 1.505e-01 	 1.782e-01 	 4.994e-01 
0.58250 	 1.361e-01 	 1.817e-01 	 4.214e-01 
0.58750 	 1.419e-01 	 1.806e-01 	 4.489e-01 
0.59250 	 1.373e-01 	 1.497e-01 	 4.358e-01 
0.59750 	 1.292e-01 	 1.598e-01 	 4.694e-01 
0.60250 	 1.308e-01 	 1.557e-01 	 4.423e-01 
0.60750 	 1.277e-01 	 1.622e-01 	 4.617e-01 
0.61250 	 1.161e-01 	 1.481e-01 	 4.532e-01 
0.61750 	 1.117e-01 	 1.375e-01 	 4.606e-01 
0.62250 	 1.178e-01 	 1.455e-01 	 4.260e-01 
0.62750 	 1.177e-01 	 1.389e-01 	 4.352e-01 
0.63250 	 1.101e-01 	 1.346e-01 	 4.295e-01 
0.63750 	 1.053e-01 	 1.352e-01 	 4.288e-01 
0.64250 	 1.090e-01 	 1.250e-01 	 3.712e-01 
0.64750 	 9.827e-02 	 1.292e-01 	 4.298e-01 
0.65250 	 9.867e-02 	 1.299e-01 	 4.655e-01 
0.65750 	 1.089e-01 	 1.191e-01 	 4.274e-01 
0.66250 	 8.867e-02 	 1.264e-01 	 4.266e-01 
0.66750 	 1.040e-01 	 1.229e-01 	 3.826e-01 
0.67250 	 8.955e-02 	 1.196e-01 	 3.930e-01 
0.67750 	 8.574e-02 	 1.177e-01 	 4.081e-01 
0.68250 	 9.506e-02 	 1.146e-01 	 4.065e-01 
0.68750 	 8.997e-02 	 1.129e-01 	 3.815e-01 
0.69250 	 8.890e-02 	 1.150e-01 	 3.738e-01 
0.69750 	 8.667e-02 	 1.210e-01 	 3.684e-01 
0.70250 	 8.618e-02 	 1.151e-01 	 3.501e-01 
0.70750 	 7.970e-02 	 1.073e-01 	 3.354e-01 
0.71250 	 7.651e-02 	 1.006e-01 	 4.192e-01 
0.71750 	 8.682e-02 	 1.014e-01 	 3.389e-01 
0.72250 	 6.836e-02 	 1.068e-01 	 3.520e-01 
0.72750 	 6.886e-02 	 1.039e-01 	 3.480e-01 
0.73250 	 7.346e-02 	 1.110e-01 	 3.487e-01 
0.73750 	 8.007e-02 	 1.147e-01 	 3.846e-01 
0.74250 	 7.315e-02 	 1.043e-01 	 3.475e-01 
0.74750 	 7.202e-02 	 1.030e-01 	 3.464e-01 
0.75250 	 6.886e-02 	 9.295e-02 	 3.440e-01 
0.75750 	 6.145e-02 	 9.734e-02 	 3.779e-01 
0.76250 	 6.633e-02 	 8.848e-02 	 3.501e-01 
0.76750 	 5.951e-02 	 9.712e-02 	 3.112e-01 
0.77250 	 5.914e-02 	 8.712e-02 	 3.041e-01 
0.77750 	 6.165e-02 	 9.561e-02 	 3.347e-01 
0.78250 	 5.568e-02 	 8.472e-02 	 3.206e-01 
0.78750 	 6.029e-02 	 8.783e-02 	 3.033e-01 
0.79250 	 5.731e-02 	 1.004e-01 	 3.042e-01 
0.79750 	 6.343e-02 	 9.025e-02 	 3.158e-01 
0.80250 	 5.855e-02 	 8.248e-02 	 2.528e-01 
0.80750 	 5.161e-02 	 7.763e-02 	 3.182e-01 
0.81250 	 5.465e-02 	 8.576e-02 	 2.825e-01 
0.81750 	 5.737e-02 	 7.132e-02 	 2.709e-01 
0.82250 	 5.281e-02 	 7.663e-02 	 3.075e-01 
0.82750 	 5.062e-02 	 8.395e-02 	 2.697e-01 
0.83250 	 5.315e-02 	 8.031e-02 	 3.206e-01 
0.83750 	 5.334e-02 	 7.822e-02 	 2.748e-01 
0.84250 	 4.818e-02 	 7.228e-02 	 2.897e-01 
0.84750 	 5.028e-02 	 7.435e-02 	 2.764e-01 
0.85250 	 4.639e-02 	 7.209e-02 	 2.725e-01 
0.85750 	 5.055e-02 	 8.256e-02 	 2.973e-01 
0.86250 	 4.633e-02 	 7.374e-02 	 2.851e-01 
0.86750 	 4.870e-02 	 7.935e-02 	 2.564e-01 
0.87250 	 4.624e-02 	 7.147e-02 	 2.959e-01 
0.87750 	 4.084e-02 	 6.715e-02 	 2.568e-01 
0.88250 	 4.244e-02 	 7.185e-02 	 2.257e-01 
0.88750 	 4.032e-02 	 7.560e-02 	 2.763e-01 
0.89250 	 4.164e-02 	 6.991e-02 	 2.505e-01 
0.89750 	 3.951e-02 	 6.763e-02 	 2.771e-01 
0.90250 	 4.690e-02 	 6.614e-02 	 2.525e-01 
0.90750 	 4.041e-02 	 6.856e-02 	 2.641e-01 
0.91250 	 4.014e-02 	 6.342e-02 	 2.339e-01 
0.91750 	 3.949e-02 	 6.955e-02 	 2.344e-01 
0.92250 	 3.746e-02 	 6.884e-02 	 2.579e-01 
0.92750 	 3.952e-02 	 6.685e-02 	 2.445e-01 
0.93250 	 3.727e-02 	 5.958e-02 	 2.368e-01 
0.93750 	 3.626e-02 	 5.955e-02 	 2.398e-01 
0.94250 	 3.625e-02 	 6.301e-02 	 2.567e-01 
0.94750 	 4.049e-02 	 5.502e-02 	 2.341e-01 
0.95250 	 3.458e-02 	 5.473e-02 	 2.203e-01 
0.95750 	 3.704e-02 	 5.141e-02 	 2.027e-01 
0.96250 	 3.135e-02 	 5.315e-02 	 2.344e-01 
0.96750 	 3.177e-02 	 6.372e-02 	 2.374e-01 
0.97250 	 2.895e-02 	 6.296e-02 	 2.369e-01 
0.97750 	 3.371e-02 	 5.314e-02 	 2.185e-01 
0.98250 	 3.023e-02 	 5.642e-02 	 1.981e-01 
0.98750 	 3.267e-02 	 5.585e-02 	 2.288e-01 
0.99250 	 3.120e-02 	 5.200e-02 	 2.462e-01 
0.99750 	 3.121e-02 	 5.110e-02 	 1.943e-01 
1.00250 	 2.811e-02 	 5.554e-02 	 2.030e-01 
1.00750 	 2.748e-02 	 5.155e-02 	 2.140e-01 
1.01250 	 2.971e-02 	 5.032e-02 	 1.793e-01 
1.01750 	 3.140e-02 	 4.851e-02 	 1.654e-01 
1.02250 	 2.721e-02 	 5.278e-02 	 2.556e-01 
1.02750 	 2.681e-02 	 5.117e-02 	 1.997e-01 
1.03250 	 3.015e-02 	 4.774e-02 	 1.937e-01 
1.03750 	 2.564e-02 	 4.831e-02 	 2.074e-01 
1.04250 	 2.734e-02 	 4.199e-02 	 1.939e-01 
1.04750 	 2.529e-02 	 5.045e-02 	 1.882e-01 
1.05250 	 2.584e-02 	 4.981e-02 	 2.069e-01 
1.05750 	 2.662e-02 	 4.191e-02 	 1.775e-01 
1.06250 	 2.351e-02 	 4.699e-02 	 1.776e-01 
1.06750 	 2.736e-02 	 4.309e-02 	 2.098e-01 
1.07250 	 2.535e-02 	 4.344e-02 	 1.823e-01 
1.07750 	 2.475e-02 	 4.219e-02 	 1.650e-01 
1.08250 	 2.455e-02 	 3.991e-02 	 1.895e-01 
1.08750 	 2.513e-02 	 4.918e-02 	 2.107e-01 
1.09250 	 2.306e-02 	 4.031e-02 	 1.632e-01 
1.09750 	 2.162e-02 	 4.123e-02 	 1.696e-01 
1.10250 	 2.137e-02 	 4.412e-02 	 1.721e-01 
1.10750 	 2.142e-02 	 4.003e-02 	 1.910e-01 
1.11250 	 2.049e-02 	 4.450e-02 	 1.730e-01 
1.11750 	 1.992e-02 	 4.283e-02 	 1.695e-01 
1.12250 	 2.020e-02 	 4.175e-02 	 1.594e-01 
1.12750 	 2.094e-02 	 4.249e-02 	 1.742e-01 
1.13250 	 1.863e-02 	 3.339e-02 	 1.600e-01 
1.13750 	 2.101e-02 	 3.912e-02 	 1.724e-01 
1.14250 	 2.126e-02 	 3.920e-02 	 1.659e-01 
1.14750 	 1.779e-02 	 3.671e-02 	 1.575e-01 
1.15250 	 1.911e-02 	 3.846e-02 	 1.546e-01 
1.15750 	 1.829e-02 	 3.630e-02 	 1.734e-01 
1.16250 	 1.795e-02 	 3.499e-02 	 1.621e-01 
1.16750 	 2.097e-02 	 3.604e-02 	 1.724e-01 
1.17250 	 1.737e-02 	 3.961e-02 	 1.787e-01 
1.17750 	 1.605e-02 	 3.435e-02 	 1.446e-01 
1.18250 	 2.040e-02 	 3.380e-02 	 1.508e-01 
1.18750 	 1.812e-02 	 3.848e-02 	 1.501e-01 
1.19250 	 1.644e-02 	 3.265e-02 	 1.356e-01 
1.19750 	 1.873e-02 	 3.794e-02 	 1.662e-01 
1.20250 	 1.779e-02 	 3.264e-02 	 1.543e-01 
1.20750 	 1.731e-02 	 3.434e-02 	 1.371e-01 
1.21250 	 1.997e-02 	 3.393e-02 	 1.417e-01 
1.21750 	 1.719e-02 	 3.432e-02 	 1.533e-01 
1.22250 	 1.407e-02 	 2.794e-02 	 1.626e-01 
1.22750 	 1.628e-02 	 2.971e-02 	 1.445e-01 
1.23250 	 1.599e-02 	 3.086e-02 	 1.461e-01 
1.23750 	 1.397e-02 	 3.117e-02 	 1.446e-01 
1.24250 	 1.475e-02 	 2.831e-02 	 1.354e-01 
1.24750 	 1.633e-02 	 3.201e-02 	 1.439e-01 
1.25250 	 1.374e-02 	 2.926e-02 	 1.524e-01 
1.25750 	 1.452e-02 	 2.597e-02 	 1.546e-01 
1.26250 	 1.436e-02 	 2.890e-02 	 1.444e-01 
1.26750 	 1.394e-02 	 2.837e-02 	 1.386e-01 
1.27250 	 1.471e-02 	 2.727e-02 	 1.553e-01 
1.27750 	 1.381e-02 	 2.893e-02 	 1.377e-01 
1.28250 	 1.222e-02 	 2.929e-02 	 1.378e-01 
1.28750 	 1.398e-02 	 2.945e-02 	 1.166e-01 
1.29250 	 1.293e-02 	 2.727e-02 	 1.212e-01 
1.29750 	 1.275e-02 	 2.846e-02 	 1.261e-01 
1.30250 	 1.388e-02 	 2.949e-02 	 1.158e-01 
1.30750 	 1.273e-02 	 3.102e-02 	 1.104e-01 
1.31250 	 1.300e-02 	 2.652e-02 	 1.258e-01 
1.31750 	 1.293e-02 	 2.953e-02 	 1.124e-01 
1.32250 	 1.299e-02 	 2.408e-02 	 1.268e-01 
1.32750 	 1.249e-02 	 2.538e-02 	 1.089e-01 
1.33250 	 1.233e-02 	 2.753e-02 	 1.306e-01 
1.33750 	 1.133e-02 	 2.300e-02 	 1.159e-01 
1.34250 	 1.202e-02 	 2.649e-02 	 1.440e-01 
1.34750 	 1.164e-02 	 2.528e-02 	 1.088e-01 
1.35250 	 1.066e-02 	 2.558e-02 	 1.071e-01 
1.35750 	 1.050e-02 	 2.226e-02 	 8.982e-02 
1.36250 	 1.045e-02 	 2.411e-02 	 1.110e-01 
1.36750 	 1.072e-02 	 2.213e-02 	 1.285e-01 
1.37250 	 1.076e-02 	 2.121e-02 	 1.103e-01 
1.37750 	 1.185e-02 	 2.277e-02 	 1.254e-01 
1.38250 	 1.017e-02 	 1.873e-02 	 1.223e-01 
1.38750 	 1.079e-02 	 2.150e-02 	 1.061e-01 
1.39250 	 8.671e-03 	 2.435e-02 	 8.546e-02 
1.39750 	 1.009e-02 	 2.412e-02 	 1.158e-01 
1.40250 	 1.038e-02 	 2.038e-02 	 1.163e-01 
1.40750 	 9.479e-03 	 2.621e-02 	 8.230e-02 
1.41250 	 1.120e-02 	 2.014e-02 	 1.106e-01 
1.41750 	 8.874e-03 	 2.168e-02 	 9.405e-02 
1.42250 	 9.596e-03 	 2.080e-02 	 1.172e-01 
1.42750 	 1.028e-02 	 2.145e-02 	 9.609e-02 
1.43250 	 7.816e-03 	 1.972e-02 	 9.898e-02 
1.43750 	 8.414e-03 	 1.979e-02 	 9.229e-02 
1.44250 	 9.131e-03 	 2.083e-02 	 1.118e-01 
1.44750 	 1.010e-02 	 1.810e-02 	 9.721e-02 
1.45250 	 9.684e-03 	 2.119e-02 	 1.040e-01 
1.45750 	 9.525e-03 	 1.965e-02 	 7.987e-02 
1.46250 	 8.885e-03 	 1.921e-02 	 1.130e-01 
1.46750 	 9.137e-03 	 1.864e-02 	 1.004e-01 
1.47250 	 8.995e-03 	 1.661e-02 	 7.373e-02 
1.47750 	 9.016e-03 	 1.987e-02 	 7.978e-02 
1.48250 	 8.942e-03 	 2.020e-02 	 8.642e-02 
1.48750 	 8.105e-03 	 1.619e-02 	 8.888e-02 
1.49250 	 8.916e-03 	 1.748e-02 	 7.401e-02 
1.49750 	 7.462e-03 	 1.595e-02 	 1.056e-01 
1.50250 	 8.524e-03 	 1.667e-02 	 9.716e-02 
1.50750 	 8.517e-03 	 2.193e-02 	 7.691e-02 
1.51250 	 9.343e-03 	 1.875e-02 	 9.376e-02 
1.51750 	 7.247e-03 	 1.586e-02 	 9.934e-02 
1.52250 	 7.993e-03 	 2.029e-02 	 8.725e-02 
1.52750 	 6.624e-03 	 1.699e-02 	 7.388e-02 
1.53250 	 6.681e-03 	 1.605e-02 	 9.489e-02 
1.53750 	 7.021e-03 	 1.554e-02 	 1.001e-01 
1.54250 	 6.862e-03 	 1.800e-02 	 1.073e-01 
1.54750 	 6.972e-03 	 1.799e-02 	 8.003e-02 
1.55250 	 7.063e-03 	 1.537e-02 	 8.766e-02 
1.55750 	 7.573e-03 	 1.456e-02 	 7.899e-02 
1.56250 	 7.049e-03 	 1.774e-02 	 9.168e-02 
1.56750 	 6.900e-03 	 1.410e-02 	 9.160e-02 
1.57250 	 6.207e-03 	 1.295e-02 	 7.626e-02 
1.57750 	 5.879e-03 	 1.575e-02 	 8.072e-02 
1.58250 	 6.711e-03 	 1.510e-02 	 9.201e-02 
1.58750 	 6.011e-03 	 1.335e-02 	 6.757e-02 
1.59250 	 5.937e-03 	 1.307e-02 	 6.947e-02 
1.59750 	 5.610e-03 	 1.651e-02 	 7.016e-02 
1.60250 	 5.703e-03 	 1.557e-02 	 8.664e-02 
1.60750 	 6.008e-03 	 1.588e-02 	 8.201e-02 
1.61250 	 5.379e-03 	 1.466e-02 	 9.482e-02 
1.61750 	 6.227e-03 	 1.525e-02 	 7.401e-02 
1.62250 	 6.921e-03 	 1.585e-02 	 7.843e-02 
1.62750 	 5.940e-03 	 1.372e-02 	 6.694e-02 
1.63250 	 4.753e-03 	 1.317e-02 	 7.161e-02 
1.63750 	 5.616e-03 	 1.350e-02 	 6.260e-02 
1.64250 	 5.433e-03 	 1.314e-02 	 5.812e-02 
1.64750 	 4.516e-03 	 1.464e-02 	 6.055e-02 
1.65250 	 5.558e-03 	 1.444e-02 	 7.091e-02 
1.65750 	 5.176e-03 	 1.392e-02 	 8.521e-02 
1.66250 	 5.588e-03 	 1.425e-02 	 7.894e-02 
1.66750 	 5.471e-03 	 1.499e-02 	 6.839e-02 
1.67250 	 5.289e-03 	 1.364e-02 	 6.859e-02 
1.67750 	 4.896e-03 	 1.419e-02 	 6.438e-02 
1.68250 	 5.158e-03 	 1.209e-02 	 5.983e-02 
1.68750 	 6.035e-03 	 1.235e-02 	 6.830e-02 
1.69250 	 5.395e-03 	 1.544e-02 	 6.001e-02 
1.69750 	 5.602e-03 	 1.147e-02 	 6.070e-02 
1.70250 	 5.546e-03 	 1.320e-02 	 5.862e-02 
1.70750 	 4.836e-03 	 1.067e-02 	 6.199e-02 
1.71250 	 4.912e-03 	 1.153e-02 	 7.999e-02 
1.71750 	 4.422e-03 	 1.268e-02 	 5.712e-02 
1.72250 	 5.005e-03 	 1.060e-02 	 5.222e-02 
1.72750 	 4.821e-03 	 1.090e-02 	 6.867e-02 
1.73250 	 4.884e-03 	 1.307e-02 	 6.111e-02 
1.73750 	 4.621e-03 	 1.078e-02 	 7.383e-02 
1.74250 	 4.621e-03 	 1.222e-02 	 6.824e-02 
1.74750 	 5.071e-03 	 1.144e-02 	 5.575e-02 
1.75250 	 4.233e-03 	 1.046e-02 	 7.019e-02 
1.75750 	 3.867e-03 	 9.168e-03 	 5.386e-02 
1.76250 	 4.051e-03 	 9.654e-03 	 5.681e-02 
1.76750 	 3.873e-03 	 9.843e-03 	 4.863e-02 
1.77250 	 3.887e-03 	 1.076e-02 	 5.268e-02 
1.77750 	 3.729e-03 	 1.144e-02 	 5.493e-02 
1.78250 	 3.882e-03 	 1.025e-02 	 7.280e-02 
1.78750 	 4.022e-03 	 9.982e-03 	 6.444e-02 
1.79250 	 4.798e-03 	 1.106e-02 	 5.145e-02 
1.79750 	 3.958e-03 	 1.064e-02 	 5.650e-02 
1.80250 	 3.697e-03 	 1.043e-02 	 5.261e-02 
1.80750 	 3.873e-03 	 9.989e-03 	 5.838e-02 
1.81250 	 3.601e-03 	 9.166e-03 	 4.433e-02 
1.81750 	 3.293e-03 	 1.005e-02 	 4.305e-02 
1.82250 	 4.423e-03 	 1.012e-02 	 5.302e-02 
1.82750 	 3.448e-03 	 9.097e-03 	 3.921e-02 
1.83250 	 3.568e-03 	 1.049e-02 	 5.393e-02 
1.83750 	 3.339e-03 	 9.136e-03 	 4.511e-02 
1.84250 	 3.203e-03 	 1.064e-02 	 4.442e-02 
1.84750 	 2.973e-03 	 7.997e-03 	 6.557e-02 
1.85250 	 3.292e-03 	 1.007e-02 	 4.358e-02 
1.85750 	 3.341e-03 	 1.023e-02 	 4.554e-02 
1.86250 	 3.405e-03 	 8.597e-03 	 4.922e-02 
1.86750 	 3.431e-03 	 8.344e-03 	 6.299e-02 
1.87250 	 3.574e-03 	 7.163e-03 	 5.899e-02 
1.87750 	 3.078e-03 	 8.911e-03 	 4.413e-02 
1.88250 	 3.124e-03 	 8.973e-03 	 4.190e-02 
1.88750 	 3.509e-03 	 7.424e-03 	 6.345e-02 
1.89250 	 3.377e-03 	 9.256e-03 	 4.004e-02 
1.89750 	 3.311e-03 	 6.984e-03 	 5.376e-02 
1.90250 	 3.059e-03 	 9.173e-03 	 4.288e-02 
1.90750 	 2.935e-03 	 8.522e-03 	 3.047e-02 
1.91250 	 2.952e-03 	 7.500e-03 	 4.619e-02 
1.91750 	 3.214e-03 	 8.475e-03 	 5.441e-02 
1.92250 	 2.541e-03 	 7.371e-03 	 4.061e-02 
1.92750 	 2.507e-03 	 8.890e-03 	 3.150e-02 
1.93250 	 3.211e-03 	 6.601e-03 	 5.801e-02 
1.93750 	 2.924e-03 	 8.142e-03 	 4.041e-02 
1.94250 	 2.518e-03 	 8.729e-03 	 4.139e-02 
1.94750 	 3.044e-03 	 6.849e-03 	 4.032e-02 
1.95250 	 3.015e-03 	 8.888e-03 	 5.053e-02 
1.95750 	 2.839e-03 	 7.389e-03 	 3.141e-02 
1.96250 	 2.763e-03 	 8.139e-03 	 4.490e-02 
1.96750 	 2.822e-03 	 8.556e-03 	 3.853e-02 
1.97250 	 2.874e-03 	 6.487e-03 	 7.145e-02 
1.97750 	 2.495e-03 	 6.630e-03 	 4.005e-02 
1.98250 	 2.343e-03 	 6.953e-03 	 3.383e-02 
1.98750 	 2.372e-03 	 7.154e-03 	 4.405e-02 
1.99250 	 2.729e-03 	 6.693e-03 	 3.034e-02 
1.99750 	 2.429e-03 	 5.827e-03 	 4.523e-02 
2.00250 	 2.355e-03 	 5.220e-03 	 4.274e-02 
2.00750 	 2.679e-03 	 6.067e-03 	 5.033e-02 
2.01250 	 2.632e-03 	 6.586e-03 	 3.777e-02 
2.01750 	 2.668e-03 	 9.326e-03 	 6.441e-02 
2.02250 	 2.518e-03 	 7.005e-03 	 3.751e-02 
2.02750 	 2.489e-03 	 7.036e-03 	 3.534e-02 
2.03250 	 2.292e-03 	 6.585e-03 	 4.299e-02 
2.03750 	 1.914e-03 	 6.340e-03 	 2.771e-02 
2.04250 	 2.641e-03 	 7.249e-03 	 3.875e-02 
2.04750 	 2.306e-03 	 6.161e-03 	 3.515e-02 
2.05250 	 2.394e-03 	 6.400e-03 	 3.759e-02 
2.05750 	 2.172e-03 	 6.350e-03 	 2.918e-02 
2.06250 	 2.135e-03 	 5.453e-03 	 3.353e-02 
2.06750 	 1.945e-03 	 5.743e-03 	 3.263e-02 
2.07250 	 2.382e-03 	 6.000e-03 	 3.386e-02 
2.07750 	 1.897e-03 	 6.445e-03 	 4.636e-02 
2.08250 	 1.729e-03 	 5.632e-03 	 4.145e-02 
2.08750 	 2.209e-03 	 6.345e-03 	 3.529e-02 
2.09250 	 1.809e-03 	 6.858e-03 	 4.936e-02 
2.09750 	 1.969e-03 	 5.767e-03 	 2.598e-02 
2.10250 	 2.125e-03 	 5.022e-03 	 4.618e-02 
2.10750 	 1.788e-03 	 5.073e-03 	 3.661e-02 
2.11250 	 2.091e-03 	 5.083e-03 	 4.466e-02 
2.11750 	 2.027e-03 	 4.834e-03 	 3.031e-02 
2.12250 	 1.754e-03 	 6.485e-03 	 2.757e-02 
2.12750 	 2.193e-03 	 6.089e-03 	 2.910e-02 
2.13250 	 1.766e-03 	 5.207e-03 	 3.195e-02 
2.13750 	 2.026e-03 	 4.028e-03 	 4.058e-02 
2.14250 	 1.962e-03 	 5.748e-03 	 4.380e-02 
2.14750 	 1.819e-03 	 6.194e-03 	 3.495e-02 
2.15250 	 1.720e-03 	 5.010e-03 	 3.351e-02 
2.15750 	 1.677e-03 	 5.448e-03 	 2.146e-02 
2.16250 	 1.844e-03 	 5.699e-03 	 3.969e-02 
2.16750 	 1.559e-03 	 4.631e-03 	 3.365e-02 
2.17250 	 1.676e-03 	 5.068e-03 	 3.007e-02 
2.17750 	 1.807e-03 	 4.296e-03 	 3.379e-02 
2.18250 	 1.520e-03 	 5.005e-03 	 3.064e-02 
2.18750 	 1.635e-03 	 5.105e-03 	 2.254e-02 
2.19250 	 1.800e-03 	 4.892e-03 	 2.925e-02 
2.19750 	 1.561e-03 	 5.196e-03 	 3.048e-02 
2.20250 	 1.485e-03 	 4.266e-03 	 2.954e-02 
2.20750 	 1.735e-03 	 3.985e-03 	 3.625e-02 
2.21250 	 1.942e-03 	 4.862e-03 	 2.378e-02 
2.21750 	 1.582e-03 	 4.614e-03 	 1.905e-02 
2.22250 	 1.675e-03 	 4.503e-03 	 2.721e-02 
2.22750 	 1.801e-03 	 5.103e-03 	 2.928e-02 
2.23250 	 1.419e-03 	 4.558e-03 	 3.331e-02 
2.23750 	 1.083e-03 	 5.646e-03 	 1.859e-02 
2.24250 	 1.580e-03 	 5.711e-03 	 2.970e-02 
2.24750 	 1.602e-03 	 3.345e-03 	 2.158e-02 
2.25250 	 1.583e-03 	 5.460e-03 	 1.658e-02 
2.25750 	 1.364e-03 	 4.503e-03 	 3.981e-02 
2.26250 	 1.604e-03 	 4.046e-03 	 3.165e-02 
2.26750 	 1.573e-03 	 4.091e-03 	 2.357e-02 
2.27250 	 1.252e-03 	 3.756e-03 	 2.511e-02 
2.27750 	 1.160e-03 	 4.694e-03 	 3.993e-02 
2.28250 	 1.413e-03 	 3.461e-03 	 3.220e-02 
2.28750 	 1.392e-03 	 3.763e-03 	 2.755e-02 
2.29250 	 1.470e-03 	 5.003e-03 	 3.073e-02 
2.29750 	 1.558e-03 	 3.475e-03 	 2.488e-02 
2.30250 	 1.323e-03 	 4.769e-03 	 2.775e-02 
2.30750 	 1.187e-03 	 3.664e-03 	 3.950e-02 
2.31250 	 1.269e-03 	 3.733e-03 	 3.301e-02 
2.31750 	 1.513e-03 	 3.660e-03 	 2.634e-02 
2.32250 	 1.390e-03 	 4.271e-03 	 2.626e-02 
2.32750 	 1.278e-03 	 3.847e-03 	 2.805e-02 
2.33250 	 1.329e-03 	 4.268e-03 	 2.921e-02 
2.33750 	 1.257e-03 	 4.580e-03 	 3.112e-02 
2.34250 	 1.142e-03 	 4.370e-03 	 3.333e-02 
2.34750 	 1.464e-03 	 4.401e-03 	 1.505e-02 
2.35250 	 1.306e-03 	 4.144e-03 	 2.358e-02 
2.35750 	 1.111e-03 	 2.971e-03 	 2.903e-02 
2.36250 	 1.189e-03 	 3.476e-03 	 3.249e-02 
2.36750 	 1.061e-03 	 2.711e-03 	 2.954e-02 
2.37250 	 1.156e-03 	 3.276e-03 	 2.251e-02 
2.37750 	 1.213e-03 	 3.811e-03 	 2.551e-02 
2.38250 	 1.234e-03 	 3.529e-03 	 2.731e-02 
2.38750 	 1.084e-03 	 4.027e-03 	 2.006e-02 
2.39250 	 1.464e-03 	 2.829e-03 	 2.014e-02 
2.39750 	 1.062e-03 	 4.473e-03 	 2.284e-02 
2.40250 	 1.161e-03 	 4.170e-03 	 1.929e-02 
2.40750 	 1.313e-03 	 2.632e-03 	 2.075e-02 
2.41250 	 1.178e-03 	 3.567e-03 	 3.169e-02 
2.41750 	 1.077e-03 	 3.477e-03 	 2.555e-02 
2.42250 	 9.985e-04 	 3.542e-03 	 2.803e-02 
2.42750 	 1.136e-03 	 3.245e-03 	 2.370e-02 
2.43250 	 9.931e-04 	 3.870e-03 	 1.779e-02 
2.43750 	 1.142e-03 	 3.874e-03 	 2.218e-02 
2.44250 	 9.657e-04 	 2.549e-03 	 2.110e-02 
2.44750 	 1.150e-03 	 2.846e-03 	 2.751e-02 
2.45250 	 7.808e-04 	 3.283e-03 	 2.486e-02 
2.45750 	 7.815e-04 	 3.015e-03 	 2.746e-02 
2.46250 	 7.678e-04 	 2.970e-03 	 1.851e-02 
2.46750 	 8.215e-04 	 3.138e-03 	 1.772e-02 
2.47250 	 9.951e-04 	 2.558e-03 	 2.570e-02 
2.47750 	 9.969e-04 	 3.350e-03 	 1.553e-02 
2.48250 	 9.866e-04 	 3.456e-03 	 2.261e-02 
2.48750 	 9.128e-04 	 4.141e-03 	 1.375e-02 
2.49250 	 1.084e-03 	 2.137e-03 	 1.871e-02 
2.49750 	 8.945e-04 	 2.941e-03 	 2.734e-02 
2.50250 	 1.005e-03 	 3.086e-03 	 2.154e-02 
2.50750 	 1.034e-03 	 2.949e-03 	 1.462e-02 
2.51250 	 9.083e-04 	 2.692e-03 	 2.351e-02 
2.51750 	 8.973e-04 	 2.787e-03 	 2.738e-02 
2.52250 	 8.780e-04 	 3.616e-03 	 1.843e-02 
2.52750 	 9.028e-04 	 3.008e-03 	 1.806e-02 
2.53250 	 8.786e-04 	 3.409e-03 	 1.535e-02 
2.53750 	 9.897e-04 	 3.339e-03 	 2.727e-02 
2.54250 	 8.443e-04 	 3.077e-03 	 1.659e-02 
2.54750 	 7.938e-04 	 2.752e-03 	 1.270e-02 
2.55250 	 9.466e-04 	 2.972e-03 	 2.098e-02 
2.55750 	 9.458e-04 	 2.476e-03 	 1.110e-02 
2.56250 	 9.051e-04 	 3.286e-03 	 2.072e-02 
2.56750 	 1.001e-03 	 2.130e-03 	 1.633e-02 
2.57250 	 9.102e-04 	 2.339e-03 	 2.357e-02 
2.57750 	 7.028e-04 	 2.871e-03 	 1.651e-02 
2.58250 	 7.494e-04 	 2.018e-03 	 2.130e-02 
2.58750 	 6.273e-04 	 2.483e-03 	 1.781e-02 
2.59250 	 7.424e-04 	 2.321e-03 	 1.424e-02 
2.59750 	 7.558e-04 	 2.273e-03 	 1.908e-02 
2.60250 	 6.674e-04 	 2.884e-03 	 1.312e-02 
2.60750 	 7.045e-04 	 1.752e-03 	 1.523e-02 
2.61250 	 7.863e-04 	 2.002e-03 	 1.785e-02 
2.61750 	 9.203e-04 	 2.092e-03 	 1.574e-02 
2.62250 	 7.727e-04 	 2.389e-03 	 1.604e-02 
2.62750 	 7.572e-04 	 3.033e-03 	 1.188e-02 
2.63250 	 6.362e-04 	 1.814e-03 	 1.844e-02 
2.63750 	 7.100e-04 	 2.792e-03 	 1.931e-02 
2.64250 	 6.195e-04 	 2.471e-03 	 1.364e-02 
2.64750 	 6.075e-04 	 1.862e-03 	 1.809e-02 
2.65250 	 8.159e-04 	 1.934e-03 	 8.225e-03 
2.65750 	 5.697e-04 	 2.457e-03 	 1.006e-02 
2.66250 	 7.971e-04 	 2.067e-03 	 1.617e-02 
2.66750 	 6.330e-04 	 2.526e-03 	 1.200e-02 
2.67250 	 6.240e-04 	 1.903e-03 	 1.389e-02 
2.67750 	 5.455e-04 	 2.667e-03 	 2.391e-02 
2.68250 	 6.362e-04 	 2.425e-03 	 1.175e-02 
2.68750 	 6.998e-04 	 2.621e-03 	 7.819e-03 
2.69250 	 6.383e-04 	 2.371e-03 	 1.737e-02 
2.69750 	 7.860e-04 	 1.630e-03 	 1.422e-02 
2.70250 	 6.751e-04 	 2.197e-03 	 1.732e-02 
2.70750 	 6.601e-04 	 2.256e-03 	 1.753e-02 
2.71250 	 6.539e-04 	 1.427e-03 	 1.801e-02 
2.71750 	 5.840e-04 	 2.961e-03 	 1.327e-02 
2.72250 	 6.364e-04 	 2.059e-03 	 1.323e-02 
2.72750 	 6.190e-04 	 2.064e-03 	 1.108e-02 
2.73250 	 6.770e-04 	 2.146e-03 	 1.992e-02 
2.73750 	 6.226e-04 	 2.323e-03 	 1.202e-02 
2.74250 	 5.537e-04 	 1.885e-03 	 1.199e-02 
2.74750 	 5.851e-04 	 1.852e-03 	 1.495e-02 
2.75250 	 5.768e-04 	 2.078e-03 	 1.420e-02 
2.75750 	 6.426e-04 	 1.943e-03 	 1.585e-02 
2.76250 	 5.009e-04 	 1.810e-03 	 1.533e-02 
2.76750 	 5.826e-04 	 1.620e-03 	 1.647e-02 
2.77250 	 6.011e-04 	 1.947e-03 	 1.254e-02 
2.77750 	 6.238e-04 	 1.662e-03 	 1.637e-02 
2.78250 	 4.309e-04 	 1.767e-03 	 8.447e-03 
2.78750 	 8.220e-04 	 2.781e-03 	 1.495e-02 
2.79250 	 5.547e-04 	 1.415e-03 	 6.926e-03 
2.79750 	 6.816e-04 	 1.324e-03 	 1.865e-02 
2.80250 	 5.779e-04 	 1.183e-03 	 1.990e-02 
2.80750 	 4.918e-04 	 1.372e-03 	 1.122e-02 
2.81250 	 3.821e-04 	 1.241e-03 	 1.906e-02 
2.81750 	 5.144e-04 	 1.809e-03 	 1.196e-02 
2.82250 	 5.105e-04 	 1.305e-03 	 9.650e-03 
2.82750 	 4.753e-04 	 1.523e-03 	 1.097e-02 
2.83250 	 4.139e-04 	 1.622e-03 	 8.225e-03 
2.83750 	 6.053e-04 	 1.667e-03 	 1.368e-02 
2.84250 	 4.488e-04 	 1.603e-03 	 1.687e-02 
2.84750 	 4.058e-04 	 1.660e-03 	 1.489e-02 
2.85250 	 5.862e-04 	 1.614e-03 	 1.629e-02 
2.85750 	 5.673e-04 	 1.643e-03 	 2.014e-02 
2.86250 	 5.144e-04 	 1.661e-03 	 1.054e-02 
2.86750 	 4.124e-04 	 1.813e-03 	 1.380e-02 
2.87250 	 4.170e-04 	 1.026e-03 	 1.014e-02 
2.87750 	 5.452e-04 	 1.567e-03 	 1.351e-02 
2.88250 	 4.180e-04 	 1.610e-03 	 2.438e-03 
2.88750 	 3.937e-04 	 1.851e-03 	 9.090e-03 
2.89250 	 4.513e-04 	 1.471e-03 	 8.426e-03 
2.89750 	 3.490e-04 	 1.570e-03 	 8.962e-03 
2.90250 	 5.240e-04 	 1.235e-03 	 4.497e-03 
2.90750 	 4.137e-04 	 1.177e-03 	 1.061e-02 
2.91250 	 4.535e-04 	 1.633e-03 	 7.654e-03 
2.91750 	 5.029e-04 	 1.575e-03 	 1.831e-02 
2.92250 	 4.264e-04 	 1.791e-03 	 1.153e-02 
2.92750 	 3.671e-04 	 1.470e-03 	 9.707e-03 
2.93250 	 4.048e-04 	 8.766e-04 	 8.184e-03 
2.93750 	 2.924e-04 	 1.546e-03 	 6.934e-03 
2.94250 	 3.782e-04 	 1.764e-03 	 1.249e-02 
2.94750 	 4.227e-04 	 1.932e-03 	 1.262e-02 
2.95250 	 1.902e-04 	 1.391e-03 	 1.131e-02 
2.95750 	 4.486e-04 	 1.569e-03 	 4.522e-03 
2.96250 	 4.956e-04 	 1.110e-03 	 5.376e-03 
2.96750 	 3.833e-04 	 1.499e-03 	 1.045e-02 
2.97250 	 4.031e-04 	 1.046e-03 	 7.157e-03 
2.97750 	 4.139e-04 	 1.136e-03 	 9.048e-03 
2.98250 	 4.643e-04 	 1.211e-03 	 1.103e-02 
2.98750 	 3.771e-04 	 1.559e-03 	 4.367e-03 
2.99250 	 3.172e-04 	 1.208e-03 	 8.747e-03 
2.99750 	 4.082e-04 	 1.015e-03 	 9.244e-03 
3.00250 	 2.887e-04 	 1.291e-03 	 1.144e-02 
3.00750 	 3.687e-04 	 1.777e-03 	 5.602e-03 
3.01250 	 3.707e-04 	 9.906e-04 	 9.120e-03 
3.01750 	 4.422e-04 	 1.656e-03 	 9.120e-03 
3.02250 	 4.867e-04 	 1.211e-03 	 7.552e-03 
3.02750 	 3.236e-04 	 1.127e-03 	 1.281e-02 
3.03250 	 3.607e-04 	 1.472e-03 	 8.858e-03 
3.03750 	 3.253e-04 	 1.219e-03 	 3.935e-03 
3.04250 	 2.889e-04 	 7.717e-04 	 1.113e-02 
3.04750 	 2.940e-04 	 1.552e-03 	 9.460e-03 
3.05250 	 3.765e-04 	 1.082e-03 	 4.285e-03 
3.05750 	 3.560e-04 	 1.058e-03 	 6.173e-03 
3.06250 	 3.248e-04 	 1.589e-03 	 1.144e-02 
3.06750 	 2.747e-04 	 8.109e-04 	 1.023e-02 
3.07250 	 3.314e-04 	 1.073e-03 	 1.163e-02 
3.07750 	 2.958e-04 	 8.558e-04 	 4.070e-03 
3.08250 	 2.882e-04 	 1.206e-03 	 8.935e-03 
3.08750 	 3.331e-04 	 9.215e-04 	 6.682e-03 
3.09250 	 1.797e-04 	 8.396e-04 	 8.272e-03 
3.09750 	 2.959e-04 	 1.288e-03 	 5.525e-03 
3.10250 	 3.031e-04 	 9.334e-04 	 1.094e-02 
3.10750 	 3.343e-04 	 1.284e-03 	 5.926e-03 
3.11250 	 2.893e-04 	 1.088e-03 	 1.290e-02 
3.11750 	 2.750e-04 	 7.991e-04 	 5.525e-03 
3.12250 	 3.646e-04 	 8.561e-04 	 1.507e-02 
3.12750 	 1.659e-04 	 1.355e-03 	 1.050e-02 
3.13250 	 2.950e-04 	 9.987e-04 	 8.133e-03 
3.13750 	 2.946e-04 	 1.207e-03 	 2.932e-03 
3.14250 	 3.686e-04 	 1.176e-03 	 1.548e-02 
3.14750 	 2.792e-04 	 8.943e-04 	 1.092e-02 
3.15250 	 2.857e-04 	 1.232e-03 	 6.389e-03 
3.15750 	 2.675e-04 	 7.390e-04 	 8.164e-03 
3.16250 	 2.110e-04 	 9.820e-04 	 6.842e-03 
3.16750 	 2.225e-04 	 9.150e-04 	 1.218e-02 
3.17250 	 2.801e-04 	 8.801e-04 	 7.088e-03 
3.17750 	 3.142e-04 	 1.112e-03 	 1.017e-02 
3.18250 	 2.611e-04 	 1.101e-03 	 1.207e-02 
3.18750 	 2.354e-04 	 1.075e-03 	 6.883e-03 
3.19250 	 2.956e-04 	 7.435e-04 	 9.213e-03 
3.19750 	 1.643e-04 	 6.409e-04 	 1.371e-02 
3.20250 	 1.905e-04 	 8.048e-04 	 4.066e-03 
3.20750 	 2.939e-04 	 7.815e-04 	 8.431e-03 
3.21250 	 3.175e-04 	 8.369e-04 	 8.071e-03 
3.21750 	 2.422e-04 	 5.972e-04 	 1.315e-02 
3.22250 	 2.877e-04 	 8.757e-04 	 5.793e-03 
3.22750 	 3.701e-04 	 9.756e-04 	 6.543e-03 
3.23250 	 2.064e-04 	 1.031e-03 	 7.083e-03 
3.23750 	 2.878e-04 	 7.569e-04 	 8.746e-03 
3.24250 	 1.876e-04 	 9.335e-04 	 6.255e-03 
3.24750 	 2.182e-04 	 8.546e-04 	 8.364e-03 
3.25250 	 2.927e-04 	 9.918e-04 	 4.727e-03 
3.25750 	 1.781e-04 	 6.439e-04 	 7.361e-03 
3.26250 	 2.171e-04 	 1.099e-03 	 5.052e-03 
3.26750 	 3.116e-04 	 7.700e-04 	 2.876e-03 
3.27250 	 2.185e-04 	 8.869e-04 	 3.997e-03 
3.27750 	 2.472e-04 	 6.482e-04 	 1.191e-02 
3.28250 	 2.506e-04 	 8.101e-04 	 6.131e-03 
3.28750 	 2.042e-04 	 7.800e-04 	 4.306e-03 
3.29250 	 1.754e-04 	 8.594e-04 	 6.858e-03 
3.29750 	 1.315e-04 	 6.197e-04 	 6.641e-03 
3.30250 	 9.083e-05 	 1.232e-03 	 1.110e-02 
3.30750 	 1.182e-04 	 7.310e-04 	 3.796e-03 
3.31250 	 1.859e-04 	 1.092e-03 	 1.028e-02 
3.31750 	 2.604e-04 	 5.819e-04 	 2.423e-03 
3.32250 	 2.670e-04 	 7.333e-04 	 4.707e-03 
3.32750 	 2.199e-04 	 1.053e-03 	 4.830e-03 
3.33250 	 2.192e-04 	 7.113e-04 	 4.799e-03 
3.33750 	 2.388e-04 	 1.168e-03 	 4.250e-03 
3.34250 	 2.317e-04 	 3.645e-04 	 3.843e-03 
3.34750 	 1.735e-04 	 6.558e-04 	 5.694e-03 
3.35250 	 2.265e-04 	 1.085e-03 	 2.335e-03 
3.35750 	 2.297e-04 	 9.288e-04 	 7.809e-03 
3.36250 	 1.808e-04 	 9.693e-04 	 6.565e-03 
3.36750 	 1.797e-04 	 6.890e-04 	 4.846e-03 
3.37250 	 2.217e-04 	 1.105e-03 	 6.060e-03 
3.37750 	 1.804e-04 	 7.507e-04 	 9.949e-03 
3.38250 	 2.171e-04 	 5.773e-04 	 8.100e-03 
3.38750 	 1.465e-04 	 6.724e-04 	 2.068e-03 
3.39250 	 1.593e-04 	 6.070e-04 	 5.659e-03 
3.39750 	 2.080e-04 	 3.082e-04 	 9.815e-03 
3.40250 	 1.717e-04 	 5.356e-04 	 6.265e-03 
3.40750 	 1.865e-04 	 9.806e-04 	 8.025e-03 
3.41250 	 1.521e-04 	 6.883e-04 	 4.090e-03 
3.41750 	 1.552e-04 	 1.292e-03 	 4.528e-03 
3.42250 	 1.453e-04 	 8.141e-04 	 7.073e-03 
3.42750 	 1.849e-04 	 5.711e-04 	 5.114e-03 
3.43250 	 1.994e-04 	 6.571e-04 	 4.424e-03 
3.43750 	 1.285e-04 	 6.974e-04 	 3.951e-03 
3.44250 	 1.714e-04 	 7.332e-04 	 6.873e-03 
3.44750 	 1.038e-04 	 5.752e-04 	 5.947e-03 
3.45250 	 1.533e-04 	 6.590e-04 	 4.641e-03 
3.45750 	 1.556e-04 	 8.818e-04 	 4.691e-03 
3.46250 	 1.696e-04 	 5.653e-04 	 5.972e-03 
3.46750 	 2.023e-04 	 5.959e-04 	 2.305e-03 
3.47250 	 8.501e-05 	 6.361e-04 	 1.191e-02 
3.47750 	 1.200e-04 	 7.553e-04 	 2.418e-03 
3.48250 	 1.266e-04 	 6.693e-04 	 3.730e-03 
3.48750 	 1.315e-04 	 6.728e-04 	 5.972e-03 
3.49250 	 1.774e-04 	 5.551e-04 	 5.710e-03 
3.49750 	 1.828e-04 	 7.744e-04 	 9.466e-03 
3.50250 	 1.622e-04 	 7.109e-04 	 5.633e-03 
3.50750 	 1.276e-04 	 5.488e-04 	 3.256e-03 
3.51250 	 1.521e-04 	 5.023e-04 	 2.238e-03 
3.51750 	 1.836e-04 	 4.697e-04 	 4.002e-03 
3.52250 	 1.419e-04 	 6.878e-04 	 4.527e-03 
3.52750 	 2.169e-04 	 4.002e-04 	 5.664e-03 
3.53250 	 1.381e-04 	 3.263e-04 	 3.987e-03 
3.53750 	 1.460e-04 	 5.395e-04 	 2.906e-03 
3.54250 	 1.739e-04 	 6.143e-04 	 3.302e-03 
3.54750 	 1.550e-04 	 2.931e-04 	 5.571e-03 
3.55250 	 1.759e-04 	 4.542e-04 	 3.827e-03 
3.55750 	 2.013e-04 	 7.525e-04 	 7.438e-03 
3.56250 	 1.782e-04 	 6.337e-04 	 2.814e-03 
3.56750 	 1.126e-04 	 3.656e-04 	 1.512e-03 
3.57250 	 1.665e-04 	 5.124e-04 	 1.934e-03 
3.57750 	 1.487e-04 	 6.834e-04 	 4.537e-03 
3.58250 	 1.491e-04 	 2.508e-04 	 2.352e-03 
3.58750 	 8.217e-05 	 4.032e-04 	 1.641e-03 
3.59250 	 1.440e-04 	 7.167e-04 	 3.977e-03 
3.59750 	 1.982e-04 	 5.375e-04 	 3.565e-03 
3.60250 	 1.789e-04 	 4.611e-04 	 4.924e-03 
3.60750 	 1.595e-04 	 3.992e-04 	 4.583e-03 
3.61250 	 7.250e-05 	 3.943e-04 	 3.139e-03 
3.61750 	 1.171e-04 	 1.643e-04 	 4.352e-03 
3.62250 	 1.597e-04 	 4.746e-04 	 9.676e-03 
3.62750 	 1.440e-04 	 6.780e-04 	 2.577e-03 
3.63250 	 1.308e-04 	 2.502e-04 	 4.954e-03 
3.63750 	 1.365e-04 	 5.120e-04 	 3.698e-03 
3.64250 	 1.730e-04 	 6.900e-04 	 1.373e-03 
3.64750 	 1.263e-04 	 2.976e-04 	 7.824e-03 
3.65250 	 6.677e-05 	 3.129e-04 	 1.034e-03 
3.65750 	 9.321e-05 	 4.979e-04 	 2.953e-03 
3.66250 	 9.701e-05 	 5.437e-04 	 7.917e-03 
3.66750 	 1.270e-04 	 3.092e-04 	 2.954e-03 
3.67250 	 9.570e-05 	 4.855e-04 	 5.093e-04 
3.67750 	 8.987e-05 	 5.051e-04 	 1.481e-03 
3.68250 	 1.226e-04 	 6.470e-04 	 3.611e-03 
3.68750 	 1.082e-04 	 3.022e-04 	 2.907e-03 
3.69250 	 1.411e-04 	 7.762e-04 	 6.256e-03 
3.69750 	 8.528e-05 	 6.980e-04 	 1.528e-03 
3.70250 	 1.147e-04 	 5.480e-04 	 8.009e-03 
3.70750 	 1.102e-04 	 5.713e-04 	 2.577e-03 
3.71250 	 1.360e-04 	 2.843e-04 	 5.278e-03 
3.71750 	 1.258e-04 	 3.557e-04 	 5.864e-04 
3.72250 	 1.082e-04 	 2.270e-04 	 3.133e-03 
3.72750 	 1.227e-04 	 7.046e-04 	 3.633e-03 
3.73250 	 1.205e-04 	 4.317e-04 	 8.702e-04 
3.73750 	 6.794e-05 	 4.791e-04 	 9.414e-04 
3.74250 	 7.120e-05 	 3.332e-04 	 1.826e-03 
3.74750 	 9.543e-05 	 2.346e-04 	 3.685e-03 
3.75250 	 1.029e-04 	 2.867e-04 	 2.830e-03 
3.75750 	 1.116e-04 	 2.526e-04 	 2.346e-03 
3.76250 	 1.005e-04 	 4.067e-04 	 3.735e-03 
3.76750 	 1.531e-04 	 3.542e-04 	 8.796e-04 
3.77250 	 1.036e-04 	 4.260e-04 	 1.096e-03 
3.77750 	 1.316e-04 	 4.424e-04 	 3.076e-03 
3.78250 	 8.278e-05 	 4.647e-04 	 2.176e-03 
3.78750 	 7.922e-05 	 1.600e-04 	 3.380e-03 
3.79250 	 1.163e-04 	 2.098e-04 	 2.824e-03 
3.79750 	 8.357e-05 	 5.037e-04 	 1.132e-03 
3.80250 	 9.668e-05 	 2.832e-04 	 2.978e-03 
3.80750 	 9.020e-05 	 3.922e-04 	 1.142e-03 
3.81250 	 7.156e-05 	 2.654e-04 	 4.830e-03 
3.81750 	 5.696e-05 	 5.945e-04 	 4.321e-03 
3.82250 	 7.144e-05 	 2.135e-04 	 2.778e-04 
3.82750 	 5.804e-05 	 4.248e-04 	 1.065e-03 
3.83250 	 1.186e-04 	 4.443e-04 	 1.133e-03 
3.83750 	 1.389e-04 	 2.955e-04 	 5.690e-03 
3.84250 	 1.364e-04 	 2.531e-04 	 3.168e-03 
3.84750 	 6.382e-05 	 2.094e-04 	 2.701e-03 
3.85250 	 9.507e-05 	 3.764e-04 	 1.667e-03 
3.85750 	 5.959e-05 	 2.950e-04 	 5.201e-03 
3.86250 	 5.596e-05 	 5.074e-04 	 3.086e-03 
3.86750 	 7.228e-05 	 3.715e-04 	 2.840e-03 
3.87250 	 8.383e-05 	 3.199e-04 	 2.958e-03 
3.87750 	 5.659e-05 	 3.974e-04 	 6.636e-04 
3.88250 	 6.988e-05 	 3.941e-04 	 1.296e-03 
3.88750 	 4.890e-05 	 1.888e-04 	 2.500e-03 
3.89250 	 4.812e-05 	 3.126e-04 	 3.447e-03 
3.89750 	 1.218e-04 	 1.638e-04 	 1.200e-03 
3.90250 	 6.883e-05 	 5.117e-04 	 3.164e-03 
3.90750 	 6.121e-05 	 2.366e-04 	 1.101e-03 
3.91250 	 6.007e-05 	 1.820e-04 	 2.531e-03 
3.91750 	 3.398e-05 	 1.166e-04 	 1.549e-03 
3.92250 	 6.369e-05 	 1.872e-04 	 4.583e-03 
3.92750 	 9.692e-05 	 3.642e-04 	 4.614e-03 
3.93250 	 6.610e-05 	 2.394e-04 	 1.827e-03 
3.93750 	 6.426e-05 	 2.726e-04 	 1.071e-03 
3.94250 	 5.312e-05 	 4.051e-04 	 2.963e-03 
3.94750 	 6.016e-05 	 2.742e-04 	 5.556e-04 
3.95250 	 6.079e-05 	 3.196e-04 	 3.472e-03 
3.95750 	 9.867e-05 	 3.283e-04 	 2.485e-03 
3.96250 	 6.622e-05 	 2.562e-04 	 1.564e-03 
3.96750 	 6.858e-05 	 4.909e-04 	 1.543e-03 
3.97250 	 6.547e-05 	 2.430e-04 	 2.454e-03 
3.97750 	 8.252e-05 	 3.053e-04 	 9.259e-04 
3.98250 	 4.277e-05 	 3.406e-04 	 5.910e-03 
3.98750 	 6.861e-05 	 2.380e-04 	 9.156e-04 
3.99250 	 4.988e-05 	 2.906e-04 	 1.239e-03 
3.99750 	 4.588e-05 	 2.783e-04 	 1.111e-03 
4.00250 	 6.771e-05 	 3.060e-04 	 1.466e-03 
4.00750 	 7.996e-05 	 1.575e-04 	 5.787e-03 
4.01250 	 5.258e-05 	 4.052e-04 	 4.587e-04 
4.01750 	 4.134e-05 	 2.335e-04 	 2.281e-04 
4.02250 	 7.865e-05 	 2.949e-04 	 2.650e-03 
4.02750 	 8.727e-05 	 2.244e-04 	 1.065e-03 
4.03250 	 7.343e-05 	 1.139e-04 	 8.290e-04 
4.03750 	 4.503e-05 	 2.871e-04 	 7.562e-04 
4.04250 	 5.924e-05 	 3.788e-04 	 4.244e-03 
4.04750 	 3.903e-05 	 1.608e-04 	 8.333e-04 
4.05250 	 5.850e-05 	 2.384e-04 	 3.086e-03 
4.05750 	 3.509e-05 	 3.027e-04 	 4.059e-03 
4.06250 	 5.650e-05 	 1.765e-04 	 2.222e-03 
4.06750 	 7.774e-05 	 1.772e-04 	 6.173e-04 
4.07250 	 6.903e-05 	 1.984e-04 	 4.321e-04 
4.07750 	 1.915e-05 	 4.309e-04 	 6.327e-04 
4.08250 	 4.804e-05 	 1.967e-04 	 5.710e-04 
4.08750 	 3.741e-05 	 3.371e-04 	 9.722e-04 
4.09250 	 3.053e-05 	 8.365e-05 	 4.074e-03 
4.09750 	 6.889e-05 	 1.600e-04 	 2.027e-03 
4.10250 	 7.278e-05 	 2.409e-04 	 5.093e-04 
4.10750 	 7.864e-05 	 2.308e-04 	 9.319e-04 
4.11250 	 5.296e-05 	 3.404e-04 	 1.019e-03 
4.11750 	 6.822e-05 	 3.178e-04 	 4.059e-03 
4.12250 	 3.750e-05 	 2.026e-04 	 3.704e-04 
4.12750 	 4.601e-05 	 1.351e-04 	 2.778e-03 
4.13250 	 5.351e-05 	 3.144e-04 	 1.296e-03 
4.13750 	 2.456e-05 	 1.642e-04 	 6.327e-04 
4.14250 	 4.833e-05 	 2.368e-04 	 2.068e-03 
4.14750 	 5.421e-05 	 2.495e-04 	 1.389e-04 
4.15250 	 3.927e-05 	 1.913e-04 	 3.596e-03 
4.15750 	 3.508e-05 	 3.361e-04 	 1.991e-03 
4.16250 	 3.629e-05 	 2.303e-04 	 2.963e-03 
4.16750 	 7.179e-05 	 2.566e-04 	 4.167e-04 
4.17250 	 4.178e-05 	 3.039e-04 	 1.132e-03 
4.17750 	 4.405e-05 	 2.387e-04 	 3.704e-04 
4.18250 	 5.182e-05 	 1.318e-04 	 1.049e-03 
4.18750 	 2.839e-05 	 2.164e-04 	 1.449e-04 
4.19250 	 1.914e-05 	 1.189e-04 	 3.549e-04 
4.19750 	 5.690e-05 	 1.557e-04 	 5.324e-03 
4.20250 	 2.809e-05 	 1.159e-04 	 3.076e-03 
4.20750 	 6.555e-05 	 1.197e-04 	 1.327e-03 
4.21250 	 2.990e-05 	 1.469e-04 	 3.704e-04 
4.21750 	 4.490e-05 	 2.073e-04 	 1.019e-03 
4.22250 	 5.423e-05 	 1.168e-04 	 2.546e-03 
4.22750 	 4.439e-05 	 2.539e-04 	 9.466e-03 
4.23250 	 6.026e-05 	 3.385e-05 	 6.944e-04 
4.23750 	 2.234e-05 	 2.550e-04 	 2.706e-03 
4.24250 	 4.073e-05 	 2.350e-04 	 3.889e-03 
4.24750 	 1.212e-05 	 3.186e-04 	 9.105e-04 
4.25250 	 3.962e-05 	 2.318e-04 	 2.793e-03 
4.25750 	 5.163e-05 	 1.494e-04 	 1.713e-03 
4.26250 	 2.871e-05 	 2.069e-04 	 5.556e-04 
4.26750 	 5.152e-05 	 1.911e-04 	 2.315e-03 
4.27250 	 4.618e-05 	 1.529e-04 	 3.796e-03 
4.27750 	 2.410e-05 	 1.269e-04 	 1.873e-03 
4.28250 	 3.494e-05 	 1.373e-04 	 9.105e-04 
4.28750 	 3.910e-05 	 1.862e-04 	 4.630e-05 
4.29250 	 2.093e-05 	 1.390e-04 	 4.306e-03 
4.29750 	 2.347e-05 	 1.722e-04 	 8.179e-04 
4.30250 	 3.790e-05 	 1.206e-04 	 4.424e-04 
4.30750 	 2.343e-05 	 8.173e-05 	 6.481e-04 
4.31250 	 2.452e-05 	 1.980e-04 	 4.938e-04 
4.31750 	 2.273e-05 	 2.662e-04 	 6.481e-04 
4.32250 	 3.043e-05 	 3.093e-04 	 4.475e-04 
4.32750 	 5.415e-05 	 1.226e-04 	 1.157e-03 
4.33250 	 4.373e-05 	 2.587e-04 	 4.475e-04 
4.33750 	 4.615e-05 	 2.814e-04 	 2.315e-04 
4.34250 	 2.590e-05 	 1.482e-04 	 6.944e-04 
4.34750 	 3.197e-05 	 1.785e-04 	 2.552e-03 
4.35250 	 3.604e-05 	 8.464e-05 	 6.944e-04 
4.35750 	 3.927e-05 	 1.362e-04 	 9.722e-04 
4.36250 	 3.956e-05 	 1.021e-04 	 9.877e-04 
4.36750 	 4.799e-05 	 2.463e-04 	 5.453e-04 
4.37250 	 8.196e-05 	 2.027e-04 	 2.521e-03 
4.37750 	 3.980e-05 	 9.467e-05 	 2.731e-03 
4.38250 	 3.459e-05 	 1.922e-04 	 3.750e-03 
4.38750 	 3.864e-05 	 1.362e-04 	 7.407e-04 
4.39250 	 1.814e-05 	 2.516e-04 	 2.315e-03 
4.39750 	 2.670e-05 	 2.625e-04 	 2.932e-04 
4.40250 	 3.937e-05 	 9.338e-05 	 1.852e-04 
4.40750 	 4.057e-05 	 1.811e-04 	 4.167e-04 
4.41250 	 5.192e-05 	 1.507e-04 	 2.778e-03 
4.41750 	 1.330e-05 	 1.333e-04 	 2.145e-03 
4.42250 	 2.282e-05 	 2.051e-04 	 1.904e-03 
4.42750 	 3.671e-05 	 1.697e-04 	 3.426e-03 
4.43250 	 4.055e-05 	 6.317e-05 	 4.167e-04 
4.43750 	 2.759e-05 	 1.168e-04 	 9.259e-05 
4.44250 	 4.451e-05 	 2.925e-04 	 4.074e-03 
4.44750 	 3.773e-05 	 1.090e-04 	 1.744e-03 
4.45250 	 2.752e-05 	 5.130e-05 	 1.806e-03 
4.45750 	 4.364e-05 	 1.368e-04 	 6.944e-04 
4.46250 	 2.574e-05 	 9.962e-05 	 2.114e-03 
4.46750 	 1.054e-05 	 8.082e-05 	 6.327e-04 
4.47250 	 2.292e-05 	 9.595e-05 	 2.066e-04 
4.47750 	 6.578e-06 	 3.431e-04 	 4.938e-04 
4.48250 	 4.042e-05 	 3.288e-04 	 3.426e-03 
4.48750 	 3.860e-05 	 1.704e-04 	 2.454e-03 
4.49250 	 7.032e-05 	 6.651e-05 	 7.716e-04 
4.49750 	 4.169e-05 	 3.011e-04 	 3.981e-03 
4.50250 	 2.570e-05 	 1.333e-04 	 2.778e-04 
4.50750 	 4.600e-05 	 7.377e-05 	 2.068e-03 
4.51250 	 3.846e-05 	 3.090e-05 	 4.167e-04 
4.51750 	 2.110e-05 	 6.437e-05 	 1.302e-03 
4.52250 	 4.329e-05 	 1.477e-04 	 7.004e-04 
4.52750 	 2.815e-05 	 2.034e-04 	 1.142e-03 
4.53250 	 1.803e-05 	 1.057e-04 	 2.160e-03 
4.53750 	 2.873e-05 	 5.272e-05 	 3.601e-04 
4.54250 	 3.071e-05 	 3.190e-05 	 2.938e-03 
4.54750 	 2.464e-05 	 5.422e-05 	 7.767e-04 
4.55250 	 3.569e-05 	 2.414e-04 	 2.375e-04 
4.55750 	 2.944e-05 	 9.862e-05 	 2.068e-03 
4.56250 	 1.329e-05 	 7.450e-05 	 2.176e-03 
4.56750 	 2.745e-05 	 1.984e-04 	 1.003e-03 
4.57250 	 2.847e-05 	 1.117e-04 	 3.380e-03 
4.57750 	 1.819e-05 	 1.266e-04 	 4.938e-04 
4.58250 	 1.304e-05 	 1.158e-04 	 2.114e-03 
4.58750 	 4.758e-05 	 1.351e-04 	 1.759e-03 
4.59250 	 2.061e-05 	 1.920e-04 	 2.160e-03 
4.59750 	 2.992e-05 	 3.093e-04 	 6.481e-04 
4.60250 	 3.144e-05 	 8.698e-05 	 1.096e-03 
4.60750 	 4.252e-05 	 9.633e-05 	 2.037e-03 
4.61250 	 5.440e-05 	 1.145e-04 	 4.167e-04 
4.61750 	 1.120e-05 	 2.553e-05 	 2.315e-04 
4.62250 	 3.222e-05 	 1.899e-04 	 1.049e-03 
4.62750 	 1.820e-05 	 8.510e-05 	 6.944e-04 
4.63250 	 2.320e-05 	 2.121e-04 	 4.012e-04 
4.63750 	 4.816e-05 	 9.480e-05 	 1.698e-04 
4.64250 	 2.171e-05 	 1.016e-04 	 2.685e-03 
4.64750 	 2.507e-05 	 4.565e-05 	 1.698e-04 
4.65250 	 3.667e-05 	 1.077e-04 	 6.019e-04 
4.65750 	 2.151e-05 	 1.545e-04 	 1.759e-03 
4.66250 	 1.228e-05 	 1.598e-04 	 9.722e-04 
4.66750 	 1.064e-05 	 1.573e-04 	 1.086e-03 
4.67250 	 1.408e-05 	 5.362e-05 	 9.259e-05 
4.67750 	 2.341e-05 	 6.249e-05 	 3.241e-04 
4.68250 	 4.035e-05 	 2.518e-04 	 5.864e-04 
4.68750 	 1.399e-05 	 2.478e-04 	 7.407e-04 
4.69250 	 7.101e-06 	 3.559e-05 	 7.253e-04 
4.69750 	 1.117e-05 	 1.197e-04 	 2.546e-03 
4.70250 	 2.298e-05 	 1.118e-04 	 5.556e-04 
4.70750 	 1.884e-05 	 5.687e-05 	 2.685e-03 
4.71250 	 1.554e-05 	 1.005e-04 	 7.562e-04 
4.71750 	 2.651e-05 	 1.192e-04 	 9.259e-05 
4.72250 	 2.939e-05 	 1.966e-04 	 2.315e-03 
4.72750 	 9.692e-06 	 1.818e-05 	 2.191e-03 
4.73250 	 1.113e-05 	 1.805e-05 	 6.790e-04 
4.73750 	 5.657e-06 	 1.726e-04 	 2.083e-03 
4.74250 	 3.474e-05 	 1.369e-04 	 3.657e-03 
4.74750 	 1.342e-05 	 8.122e-05 	 2.315e-03 
4.75250 	 1.166e-05 	 8.392e-05 	 1.235e-04 
4.75750 	 1.627e-05 	 2.029e-04 	 4.167e-04 
4.76250 	 1.594e-05 	 1.630e-04 	 1.991e-03 
4.76750 	 1.124e-05 	 1.819e-04 	 6.019e-04 
4.77250 	 2.442e-05 	 3.654e-05 	 1.991e-03 
4.77750 	 9.702e-06 	 1.419e-04 	 9.722e-04 
4.78250 	 2.529e-05 	 3.800e-05 	 2.984e-04 
4.78750 	 2.202e-05 	 1.472e-04 	 7.253e-04 
4.79250 	 2.285e-05 	 5.740e-05 	 6.944e-04 
4.79750 	 2.200e-05 	 3.703e-05 	 0.000e+00 
4.80250 	 2.119e-05 	 3.785e-05 	 3.704e-04 
4.80750 	 7.743e-06 	 7.936e-05 	 4.012e-04 
4.81250 	 1.670e-05 	 2.773e-05 	 1.698e-04 
4.81750 	 1.124e-05 	 3.773e-05 	 8.076e-04 
4.82250 	 1.354e-05 	 9.696e-05 	 2.012e-03 
4.82750 	 6.165e-06 	 1.392e-04 	 1.698e-04 
4.83250 	 1.297e-05 	 9.981e-05 	 6.944e-04 
4.83750 	 1.202e-05 	 2.860e-05 	 7.716e-05 
4.84250 	 3.634e-05 	 5.326e-05 	 7.716e-05 
4.84750 	 1.251e-05 	 7.296e-05 	 1.389e-04 
4.85250 	 1.128e-05 	 2.719e-05 	 5.616e-04 
4.85750 	 9.889e-06 	 1.360e-04 	 0.000e+00 
4.86250 	 1.522e-05 	 8.317e-05 	 6.790e-04 
4.86750 	 1.541e-05 	 3.179e-05 	 4.630e-05 
4.87250 	 1.423e-05 	 8.807e-05 	 1.912e-04 
4.87750 	 1.447e-05 	 2.367e-05 	 2.037e-03 
4.88250 	 2.195e-05 	 1.157e-04 	 4.630e-05 
4.88750 	 6.826e-06 	 1.709e-05 	 2.992e-04 
4.89250 	 1.375e-05 	 3.313e-05 	 3.704e-04 
4.89750 	 1.742e-05 	 2.658e-05 	 9.259e-05 
4.90250 	 2.296e-05 	 1.423e-04 	 1.389e-04 
4.90750 	 1.658e-05 	 6.306e-05 	 1.836e-03 
4.91250 	 2.098e-05 	 9.249e-05 	 6.481e-04 
4.91750 	 1.244e-05 	 2.717e-05 	 2.690e-03 
4.92250 	 3.127e-05 	 7.035e-05 	 4.012e-04 
4.92750 	 2.296e-05 	 9.221e-05 	 5.710e-04 
4.93250 	 9.273e-06 	 3.436e-05 	 9.259e-04 
4.93750 	 2.267e-05 	 4.576e-05 	 2.160e-03 
4.94250 	 7.708e-06 	 2.385e-05 	 9.722e-04 
4.94750 	 5.820e-06 	 8.886e-05 	 2.212e-04 
4.95250 	 1.038e-05 	 1.705e-05 	 1.759e-03 
4.95750 	 9.311e-06 	 2.791e-05 	 4.167e-04 
4.96250 	 2.385e-05 	 1.276e-04 	 1.235e-04 
4.96750 	 1.249e-05 	 2.077e-05 	 4.630e-05 
4.97250 	 2.306e-05 	 1.581e-05 	 3.704e-04 
4.97750 	 2.277e-05 	 3.701e-05 	 4.630e-05 
4.98250 	 1.441e-05 	 1.331e-05 	 1.818e-04 
4.98750 	 1.631e-05 	 4.169e-05 	 4.630e-05 
4.99250 	 7.144e-06 	 7.368e-05 	 4.630e-05 
4.99750 	 5.376e-06 	 1.121e-04 	 1.759e-03 
5.00250 	 2.415e-03 	 1.143e-02 	 1.094e-01 
